digraph path {
	node [label="\N"];
	graph [bb="0,0,5256,1448"];
	0 [pos="2014,1429", width="0.75", height="0.52778"];
	2 [pos="1627,1335", width="0.75", height="0.52778"];
	6 [pos="1898,19", width="0.75", height="0.52778"];
	14 [pos="2424,113", width="0.75", height="0.52778"];
	13 [pos="3692,207", width="0.75", height="0.52778"];
	15 [pos="1948,301", width="0.75", height="0.52778"];
	12 [pos="1996,395", width="0.75", height="0.52778"];
	11 [pos="4087,489", width="0.75", height="0.52778"];
	10 [pos="3374,583", width="0.75", height="0.52778"];
	9 [pos="1536,677", width="0.75", height="0.52778"];
	8 [pos="2136,771", width="0.75", height="0.52778"];
	5 [pos="3273,865", width="0.75", height="0.52778"];
	7 [pos="2611,959", width="0.75", height="0.52778"];
	4 [pos="3147,1053", width="0.75", height="0.52778"];
	1 [pos="3059,1147", width="0.75", height="0.52778"];
	3 [pos="2183,1241", width="0.75", height="0.52778"];
	0 -> 15 [label="  1.0", pos="e,1920.8,301.92 1986.8,1428.8 1785.1,1427.2 530.93,1416.1 455,1392 411.64,1378.2 370,1380.5 370,1335 370,1335 370,1335 370,1006 \
370,870.2 369.34,815.11 460,714 609.07,547.76 686.55,550.84 863,414 883.96,397.75 886.32,389.75 909,376 946.13,353.49 956.62,347.44\
 999,338 1021.6,332.96 1737.8,308.19 1910.7,302.27", lp="394.5,865"];
	3 -> 1 [label="  1.0", pos="e,3036.5,1157.7 2210.2,1240.7 2324.6,1239.2 2767.5,1231.9 2904,1204 2948.1,1195 2996.4,1175.6 3027.2,1161.9", lp="2981.5,1194"];
	7 -> 5 [label="  1.0", pos="e,3246.9,870.28 2638.3,957.44 2701.6,953.59 2863.2,942.43 2997,922 3039.7,915.49 3049.8,910.77 3092,902 3142.2,891.59 3200.2,879.77\
 3236.7,872.35", lp="3104.5,912"];
	15 -> 13 [label="  1.0", pos="e,3664.8,208.41 1975.3,299.48 2095,292.82 2585.3,265.62 2988,244 3242.9,230.32 3549.8,214.37 3654.7,208.93", lp="3000.5,254"];
	15 -> 12 [label="  1.0", pos="e,1990.1,376.27 1961.1,317.76 1965.5,323.91 1970.3,331.07 1974,338 1978.8,347 1983.1,357.29 1986.6,366.62", lp="1995.5,348"];
	15 -> 14 [label="  1.0", pos="e,2397,114.61 1971.6,291.18 1986.6,284.46 2006.1,274.83 2022,264 2084.7,221.32 2080.1,181.8 2149,150 2190.5,130.82 2321.8,119.73\
 2386.8,115.29", lp="2106.5,207"];
	15 -> 11 [label="  1.0", pos="e,4060,486.69 1975.1,302.25 2072.9,306.8 2417.7,322.95 2702,338 2776.3,341.94 3297.7,362.72 3371,376 3426.9,386.13 3437.4,402.51\
 3493,414 3567.4,429.37 3587.9,420.54 3663,432 3707.8,438.84 3718.2,444.98 3763,452 3866.4,468.22 3989.5,480.31 4049.8,485.78", lp="3505.5,395"];
	15 -> 10 [label="  1.0", pos="e,3347.4,578.92 1975,303.69 2033.9,309.62 2178.8,324.34 2300,338 2440.6,353.84 2476.3,354.01 2616,376 2790.4,403.45 2831.1,427.64\
 3006,452 3053,458.55 3178.4,445.34 3219,470 3253.1,490.74 3235.7,521.18 3267,546 3287.3,562.13 3315.2,571.46 3337.4,576.72", lp="3018.5,442"];
	15 -> 9 [label="  1.0", pos="e,1523.9,659.74 1921.5,305.39 1894.1,309.76 1850.2,316.33 1812,320 1774.3,323.62 1499.5,311.97 1472,338 1383.4,422.06 1476.6,587.37\
 1518.2,651.1", lp="1459.5,489"];
	15 -> 8 [label="  1.0", pos="e,2108.9,768.78 1922.5,307.33 1880.7,318.22 1795.6,342.6 1729,376 1684.6,398.26 1636.5,403.43 1647,452 1656.8,497.44 1710.6,654.78\
 1772,696 1800.8,715.36 1816.4,699.64 1848,714 1861.9,720.33 1861.8,728.32 1876,734 1915.7,749.9 2036.9,762.37 2098.8,767.9", lp="1689.5,536"];
	15 -> 7 [label="  1.0", pos="e,2590.7,946.1 1970.1,312.1 1982.9,318.88 1998.9,328.13 2012,338 2060.3,374.25 2076.5,381.81 2110,432 2165.1,514.5 2130.2,561.61\
 2191,640 2243.3,707.44 2281.9,696.75 2347,752 2365.2,767.46 2365.3,776.52 2385,790 2401.4,801.23 2408.7,798.16 2426,808 2439.3,\
815.56 2440.9,820.18 2454,828 2469.7,837.35 2476.4,834.98 2491,846 2527.2,873.32 2525.2,891.79 2559,922 2566.2,928.45 2574.6,934.81\
 2582.4,940.39", lp="2203.5,630"];
	15 -> 6 [label="  1.0", pos="e,1870.8,19.996 1920.9,299.81 1837.2,295.59 1584.3,278.66 1525,226 1505.5,208.74 1511.8,195.73 1508,170 1500.4,118.69 1493.5,89.651\
 1533,56 1557.6,35.03 1772.7,24.052 1860.7,20.405", lp="1520.5,160"];
	15 -> 5 [label="  1.0", pos="e,3264,847.04 1975.2,303 2035.2,307.68 2177.4,320.32 2222,338 2236.2,343.63 2235.7,352.6 2250,358 2324,385.91 2352,350.97 2427,376\
 2458,386.35 2459.4,402.38 2490,414 2533.1,430.39 2648.4,445.41 2694,452 2771.4,463.17 2798.4,436.42 2869,470 2890.6,480.26 2886.3\
,496.11 2907,508 2991.9,556.74 3042,504.87 3120,564 3225,643.61 3201,707.77 3255,828 3256.4,831.23 3258,834.59 3259.6,837.91", lp="3173.5,583"];
	15 -> 4 [label="  1.0", pos="e,3122,1045.7 1973.5,307.4 1998.3,313.95 2036.8,324.99 2069,338 2137.9,365.86 2148.7,387.13 2218,414 2305.7,447.98 2348.3,411.64\
 2422,470 2448.2,490.74 2470.4,578.31 2494,602 2554.9,663.22 2586.8,657.31 2664,696 2718.1,723.1 2739.1,716.4 2788,752 2808.6,767\
 2923.7,904.28 2942,922 2988.5,966.94 2997.5,982.83 3053,1016 3071.5,1027.1 3094,1036.1 3112.3,1042.4", lp="2676.5,677"];
	15 -> 3 [label="  1.0", pos="e,2163.7,1227.6 1920.9,301.97 1794.3,306.58 1265.1,326.45 1232,338 1217.6,343.04 1218,351.82 1204,358 1169.1,373.42 1151.7,354.69\
 1120,376 965.33,480.02 990.84,614.28 1053,790 1103.6,933.18 1128.6,975.59 1246,1072 1261.7,1084.9 1269.4,1081.8 1288,1090 1363\
,1123 1376.9,1144.7 1456,1166 1476.2,1171.4 1809.2,1202.4 1830,1204 1901.2,1209.6 2082.7,1201.2 2151,1222 2152.2,1222.4 2153.4,1222.8\
 2154.6,1223.3", lp="1065.5,771"];
	15 -> 2 [label="  1.0", pos="e,1599.7,1333.8 1920.8,302 1777.3,307.29 1114.3,332.02 1094,338 1061.9,347.45 1054.1,353.83 1029,376 1013.1,390.07 1013.5,397.63\
 1000,414 871.37,569.42 769.09,563.57 697,752 649.7,875.62 812.8,1247.1 935,1298 950.22,1304.3 1447.1,1327 1589.3,1333.3", lp="702.5,818"];
	15 -> 1 [label="  1.0", pos="e,3031.8,1146.7 1921.5,305.32 1892.8,309.79 1845.8,316.6 1805,320 1747.1,324.83 1337,319.18 1282,338 1281.3,338.25 1099.4,469.3 \
1099,470 1047,571.71 1265.1,839.41 1344,922 1448.1,1030.9 1526.4,972.69 1664,1034 1717.9,1058 1716.9,1091.5 1773,1110 1833.8,1130.1\
 2816.1,1143.9 3021.5,1146.5", lp="1205.5,724"];
	15 -> 0 [label="  1.0", pos="e,1986.9,1428.7 1920.9,301.66 1764.7,305.51 985.93,325.29 937,338 920.31,342.33 395.88,607.5 384,620 259.52,751.04 256,825.26 256\
,1006 256,1335 256,1335 256,1335 256,1398.5 324.99,1378.4 387,1392 467.13,1409.6 1741.6,1425.7 1976.8,1428.6", lp="275.5,865"];
	14 -> 15 [label="  1.0", pos="e,1958.3,283.35 2397.1,114.96 2331.5,119.95 2164.4,133.86 2111,150 2075.2,160.8 2064.8,164.24 2036,188 2005.7,212.92 1979.4,250 \
1963.6,274.81", lp="2048.5,207"];
	14 -> 13 [label="  1.0", pos="e,3665.5,203.1 2451.2,113.53 2552.9,115.68 2919.7,124.81 3221,150 3383.6,163.59 3576.6,190.28 3655.6,201.66", lp="3414.5,160"];
	14 -> 12 [label="  1.0", pos="e,2022.9,393 2424.7,132.07 2425.4,178.96 2419.9,300.25 2350,358 2337.9,368.01 2121.4,385.48 2033.1,392.23", lp="2424.5,254"];
	14 -> 11 [label="  1.0", pos="e,4113.9,485.65 2451.3,113.46 2666.3,117.13 4078.3,141.49 4098,150 4141.6,168.79 4136.1,196.1 4173,226 4184.5,235.32 4190.6,233.44\
 4201,244 4235.4,279.03 4245.6,290.77 4259,338 4261.4,346.55 4261.4,349.45 4259,358 4245.6,405.23 4239.6,421.67 4201,452 4178.8\
,469.47 4148,478.82 4124.1,483.74", lp="4265.5,301"];
	14 -> 10 [label="  1.0", pos="e,3363.8,564.87 2451.1,113.66 2579,116.88 3117.7,131.5 3148,150 3176.1,167.15 3266.8,384.81 3282,414 3308.2,464.45 3340.2,522.52\
 3358.8,555.77", lp="3268.5,348"];
	14 -> 9 [label="  1.0", pos="e,1509.9,671.23 2397.1,114.45 2323.5,118.61 2120.2,131.48 2056,150 1983,171.03 1975.7,204.13 1903,226 1709.2,284.3 1642.5,216.49\
 1451,282 1419.7,292.71 1418.1,308.64 1387,320 1244.8,371.98 1184,303.6 1051,376 1021.4,392.1 1012.2,400.61 1000,432 959.9,535.6\
 1373.5,639.72 1499.9,668.94", lp="1063.5,395"];
	14 -> 8 [label="  1.0", pos="e,2109.3,767.69 2410.3,129.58 2371.2,175.38 2254,303.83 2125,358 2057,386.56 2031.6,358.31 1960,376 1894.1,392.27 1856.2,375.92 \
1818,432 1736.2,552.23 1814.2,668.46 1944,734 1970.7,747.47 2051.5,759.91 2099.3,766.37", lp="1830.5,442"];
	14 -> 7 [label="  1.0", pos="e,2637.6,955.56 2451,114.25 2525.8,117.95 2731.6,129.88 2754,150 2811.6,201.7 2771.5,245.34 2792,320 2810.6,387.63 2830,400.74 2841\
,470 2856.4,566.5 2764.7,567.84 2727,658 2704.3,712.39 2735.9,874.49 2701,922 2688.5,939.08 2666.6,948.31 2647.6,953.27", lp="2847.5,536"];
	14 -> 6 [label="  1.0", pos="e,1924.2,23.68 2397.6,108.27 2310.6,92.741 2033.6,43.239 1934.1,25.446", lp="2220.5,66"];
	14 -> 5 [label="  1.0", pos="e,3277.3,845.89 2451.1,113.21 2560.7,114.24 2967.5,120.08 3016,150 3106.6,205.92 3223.1,463.1 3257,564 3283.8,643.79 3274.9,667.98\
 3280,752 3282.1,785.72 3283.2,794.37 3280,828 3279.8,830.56 3279.4,833.21 3279,835.86", lp="3247.5,489"];
	14 -> 4 [label="  1.0", pos="e,3147,1033.7 2451.2,113.8 2545.2,116.76 2852.9,128.03 2891,150 2935,175.35 2937,196.9 2956,244 2991,330.87 2936.8,374.87 2990,452\
 2999,465.12 3012.6,456.47 3021,470 3052.1,519.93 3005.2,548.69 3030,602 3045.1,634.49 3070.9,626.49 3088,658 3148.7,770.23 3127.1\
,813.26 3142,940 3145.3,968.29 3146.5,1000.8 3146.9,1023.7", lp="3042.5,583"];
	14 -> 3 [label="  1.0", pos="e,2210.2,1240.3 2451.1,113.5 2687.4,117.82 4392.2,149.06 4405,150 4536.4,159.69 4569.7,162.64 4699,188 4859.2,219.42 4954.4,152.66\
 5054,282 5115.3,361.6 5056.5,407.61 5053,508 5045.4,728.67 5044.8,818.6 4892,978 4774.9,1100.1 4722.5,1115.5 4561,1166 4475.4\
,1192.8 4447.3,1163.4 4360,1184 4336.3,1189.6 4332.9,1199.3 4309,1204 4240.7,1217.4 3125.6,1220.7 3056,1222 2732.3,1227.8 2341.2\
,1237.2 2220.3,1240.1", lp="5057.5,677"];
	14 -> 2 [label="  1.0", pos="e,1599.7,1334.5 2396.9,113.67 2294.8,116.33 1933.6,127.21 1821,150 1771.1,160.1 1756.1,160.89 1713,188 1692.8,200.72 1696.8,216.25\
 1675,226 1609.4,255.35 1423.6,237.93 1352,244 1314.8,247.15 1054.4,273.46 1018,282 898.79,310 870.09,324.47 759,376 629.97,435.85\
 561.32,435.66 500,564 454.06,660.15 456.72,966.85 462,978 462,978.01 805.93,1260 806,1260 830.47,1278.1 834.08,1288.5 863,1298\
 932.29,1320.8 1445.6,1331.7 1589.6,1334.4", lp="481.5,724"];
	14 -> 1 [label="  1.0", pos="e,3081.4,1136.4 2451.2,113.51 2671.2,117.65 4155.5,145.72 4201,150 4451.4,173.57 4542.7,115.74 4759,244 4823.2,282.09 4834.8,306.84\
 4863,376 4900.9,469.09 4903,506.36 4872,602 4856.1,651.06 4834.7,654.54 4804,696 4772.9,738.1 4772.8,755.99 4733,790 4692.8,\
824.35 4670.2,814.07 4628,846 4544.6,909.2 4553.8,960.51 4465,1016 4442.8,1029.9 4433.2,1024.1 4409,1034 4339.1,1062.5 4330.4,1092.1\
 4257,1110 4133,1140.3 3233.3,1103.5 3108,1128 3102.4,1129.1 3096.6,1130.8 3091.1,1132.7", lp="4876.5,630"];
	14 -> 0 [label="  1.0", pos="e,1987,1428.9 2396.9,113.69 2281.6,116.73 1832.1,129.69 1692,150 1621,160.3 1604.4,169.69 1535,188 1475.6,203.68 1462.7,216.17 1402\
,226 1218,255.81 1168.8,229.36 983,244 835.38,255.63 795.13,244.06 652,282 590.8,298.23 569.92,297.79 521,338 450.34,396.08 460.44\
,435.24 405,508 365.44,559.92 345.63,565.31 310,620 274.41,674.63 271.86,692.15 246,752 215.81,821.86 185,835.9 185,912 185\
,1335 185,1335 185,1335 185,1380.1 226.02,1378.3 269,1392 353.14,1418.8 1731.5,1427.5 1976.8,1428.8", lp="258.5,771"];
	13 -> 15 [label="  1.0", pos="e,1975.1,299.49 3664.8,207.61 3518.8,210.92 2828.1,227.22 2615,244 2542.7,249.7 2525.2,256.9 2453,264 2278.3,281.17 2068.8,294.07\
 1985.2,298.91", lp="2627.5,254"];
	13 -> 14 [label="  1.0", pos="e,2451.4,113.15 3664.7,206.13 3566.5,202.83 3234.8,190.29 3192,170 3180.9,164.75 3184.1,155.11 3173,150 3108.1,120.2 2603.8,114.3\
 2461.4,113.22", lp="3204.5,160"];
	13 -> 12 [label="  1.0", pos="e,2022.9,392.57 3665.1,208.75 3599.4,213.15 3425.9,225.69 3282,244 3178.8,257.13 3153.3,263.19 3051,282 2884.2,312.66 2845.4,337.56\
 2677,358 2483.6,381.47 2433.5,364.4 2239,376 2166,380.36 2080.7,387.5 2033.1,391.67", lp="3063.5,301"];
	13 -> 11 [label="  1.0", pos="e,4089,469.74 3718.9,208.21 3794.6,211.84 4004.9,223.68 4028,244 4090.4,298.94 4092.7,407.27 4089.7,459.49", lp="4096.5,348"];
	13 -> 10 [label="  1.0", pos="e,3400.7,579.84 3670.3,218.6 3660,224.98 3648.2,233.7 3640,244 3546.3,361.25 3606.8,452.98 3489,546 3466.4,563.86 3434.9,573.21 \
3410.6,578.03", lp="3591.5,395"];
	13 -> 9 [label="  1.0", pos="e,1513.1,666.57 3664.8,207.33 3484.4,209.59 2466.8,223.22 2405,244 2390.5,248.88 2391.5,259.05 2377,264 2279.2,297.46 2014.9,271.96\
 1912,282 1803.6,292.57 1778.2,307.6 1670,320 1615.1,326.29 1470.6,311.72 1422,338 1318.7,393.83 1361.9,506.41 1430,602 1448.9\
,628.58 1480.4,649.08 1504.1,661.88", lp="1373.5,442"];
	13 -> 8 [label="  1.0", pos="e,2152.1,755.32 3664.8,208.96 3604.6,213.48 3455.7,225.67 3332,244 3285.9,250.84 3274.9,255.95 3229,264 3178,272.93 3160.1,258.56\
 3114,282 3092.7,292.82 3096.1,307.07 3076,320 2935.5,410.46 2887.2,416.11 2724,452 2618.7,475.17 2582.7,431.26 2482,470 2432.4\
,489.07 2335.4,584.44 2296,620 2246.6,664.57 2190.3,718.42 2159.4,748.27", lp="2494.5,489"];
	13 -> 7 [label="  1.0", pos="e,2637.8,956.52 3664.7,209.21 3599.8,214.65 3437.5,229.29 3385,244 3364.3,249.8 3360.8,255.64 3341,264 3320.8,272.55 3311.3,267.35\
 3295,282 3231.5,338.92 3274.1,400.72 3206,452 3174.1,476 3154.7,454.27 3118,470 3050.8,498.81 3038.4,516.32 2983,564 2965.4,579.17\
 2967.6,591.14 2947,602 2902.4,625.54 2881.6,600.84 2835,620 2820.9,625.81 2820.6,633.06 2807,640 2784.5,651.48 2768.1,637.72\
 2753,658 2707.8,718.59 2719.2,762.03 2756,828 2762,838.73 2771.9,834.83 2777,846 2784.1,861.34 2782.7,868.09 2777,884 2769.7,\
904.53 2764.3,910.11 2746,922 2716.3,941.36 2676.5,950.68 2647.8,955.1", lp="2995.5,583"];
	13 -> 6 [label="  1.0", pos="e,1925,19.034 3719.2,205.8 3815.2,201.45 4133.4,185.86 4148,170 4183.8,131.22 4158.4,86.033 4115,56 4068.3,23.658 2222.2,19.501 \
1935.3,19.05", lp="4176.5,113"];
	13 -> 5 [label="  1.0", pos="e,3299.7,862.32 3691.6,226.18 3690.4,263.13 3685.9,346.5 3668,414 3644.8,501.78 3572.1,725.71 3508,790 3493.7,804.38 3483.7,798.04\
 3466,808 3452.7,815.5 3452,821.76 3438,828 3396.2,846.68 3344.1,856.33 3309.8,861.02", lp="3645.5,536"];
	13 -> 4 [label="  1.0", pos="e,3174.4,1052.2 3711.7,220.28 3715.7,222.47 3719.9,224.51 3724,226 3772.7,243.52 3798.8,211.4 3839,244 3995.5,371.01 3993.3,532.07\
 3876,696 3857.2,722.34 3720.6,906.77 3692,922 3615.2,962.94 3573.3,898.17 3497,940 3459.5,960.55 3475.1,994.81 3438,1016 3395.6\
,1040.2 3253.5,1048.9 3184.8,1051.8", lp="3933.5,630"];
	13 -> 3 [label="  1.0", pos="e,2210.2,1240.3 3719.1,207.74 3840.3,211.12 4329,225.8 4395,244 4433.7,254.66 4517.8,312.81 4549,338 4587.2,368.82 4592.9,380.81\
 4629,414 4636,420.39 4875.2,634.66 4883,640 4897.4,649.89 4908.9,643.07 4918,658 4985.6,768.82 4867.8,815.9 4793,922 4737.6,1000.6\
 4722.6,1028.2 4637,1072 4588.7,1096.7 4573.8,1097.5 4521,1110 4468.1,1122.5 4448.6,1103.5 4400,1128 4378.7,1138.7 4382.1,1153.1\
 4362,1166 4321.3,1192.1 4307.5,1195.1 4260,1204 4128.5,1228.7 3189.8,1219.5 3056,1222 2732.3,1227.9 2341.2,1237.2 2220.3,1240.1", lp="4950.5,724"];
	13 -> 2 [label="  1.0", pos="e,1654,1333.7 3719.2,207.74 3844.1,211.22 4360.1,226.56 4430,244 4468.6,253.62 4477.5,260.59 4511,282 4565.8,316.98 4573.9,333.37\
 4623,376 4717.3,457.95 4740.5,478.9 4832,564 4867.7,597.19 4872.5,610.1 4911,640 4923,649.31 4929.9,646.72 4940,658 4958.5,678.55\
 4960.8,687.06 4967,714 5005.2,881.03 4957.8,964.93 4824,1072 4741.3,1138.2 4707.7,1139.9 4605,1166 4520.6,1187.4 4491.6,1153.7\
 4410,1184 4395.7,1189.3 4396.4,1198.8 4382,1204 4221.8,1261.5 3023.1,1291.5 2853,1298 2511.4,1311 2425.7,1304.9 2084,1316 1928\
,1321.1 1742.2,1329.6 1664.3,1333.2", lp="4990.5,771"];
	13 -> 1 [label="  1.0", pos="e,3081.4,1136.4 3719.2,207.4 3787.9,208.83 3974,215.28 4126,244 4281.6,273.4 4314.3,316.48 4439,414 4503.1,464.16 4548.1,452.91 \
4584,526 4587.9,533.98 4586.5,537.47 4584,546 4547.9,669.54 4526.8,707.56 4428,790 4411.8,803.53 4400.9,795.29 4384,808 4366.8,820.94\
 4366.6,828.53 4354,846 4301.3,919.26 4314.1,960.48 4243,1016 4223.7,1031 4213.5,1024.4 4191,1034 4122.6,1063.1 4114.1,1091.9\
 4042,1110 3941.3,1135.2 3209.8,1107.9 3108,1128 3102.4,1129.1 3096.6,1130.8 3091.1,1132.7", lp="4555.5,677"];
	13 -> 0 [label="  1.0", pos="e,2041.2,1428.9 3719.1,207.67 3872.2,211.49 4624.9,230.88 4672,244 4838.4,290.29 4895.4,304.64 5012,432 5027.8,449.3 5183,794.55\
 5183,818 5183,1335 5183,1335 5183,1335 5183,1433.4 5066.5,1378.6 4969,1392 4817.4,1412.8 2382.8,1427 2051.3,1428.8", lp="5195.5,818"];
	12 -> 15 [label="  1.0", pos="e,1942.4,319.7 1973.2,384.67 1962.5,378.55 1951,369.69 1945,358 1940.6,349.47 1940,339.26 1940.9,329.85", lp="1957.5,348"];
	12 -> 14 [label="  1.0", pos="e,2417.5,131.7 2023.1,393.49 2096.9,389.16 2298.3,375.84 2322,358 2340.4,344.17 2392.2,202.59 2414.1,141.17", lp="2387.5,254"];
	12 -> 13 [label="  1.0", pos="e,3664.8,208.02 2023.1,393.07 2086.7,388.4 2250.7,375.56 2387,358 2594.7,331.23 2644.5,310.53 2852,282 2923.3,272.19 2941.6,273.44\
 3013,264 3071.4,256.28 3085.5,250.43 3144,244 3335.5,222.95 3566.1,212.08 3654.7,208.43", lp="2864.5,301"];
	12 -> 11 [label="  1.0", pos="e,4059.6,488.57 2022.9,397.6 2067.7,401.8 2160.4,410.04 2239,414 2327.4,418.45 2948.5,413.67 3035,432 3057.6,436.79 3060.4,447.05\
 3083,452 3178.6,472.97 3879,485.62 4049.6,488.41", lp="3095.5,442"];
	12 -> 10 [label="  1.0", pos="e,3347.5,579.13 2022.9,397 2115.8,404.18 2421.7,430.38 2511,470 2535.2,480.75 2532.4,498.14 2557,508 2660.8,549.59 2701.9,490.58\
 2808,526 2823.6,531.19 2823.4,541 2839,546 2919.5,571.8 3134.8,556.85 3219,564 3259.7,567.45 3306.1,573.41 3337.4,577.74", lp="2569.5,489"];
	12 -> 9 [label="  1.0", pos="e,1544.4,658.93 1969.2,397.23 1933.9,400.92 1870.6,410.19 1821,432 1807,438.16 1806.2,444.21 1793,452 1760.3,471.33 1667.8,501.25\
 1639,526 1597.8,561.4 1565.7,616.93 1548.9,649.88", lp="1651.5,536"];
	12 -> 8 [label="  1.0", pos="e,2109.2,768.14 1973.5,405.84 1962.8,412.09 1950.6,420.91 1943,432 1909.6,480.44 1893.6,645.67 1924,696 1924.5,696.77 1975.2,733.63\
 1976,734 2015.9,752.25 2065.6,761.93 2099,766.75", lp="1921.5,583"];
	12 -> 7 [label="  1.0", pos="e,2584.1,957.07 1992.1,414.03 1982.7,466.18 1964.3,613.03 2036,696 2078.7,745.46 2112.5,724.92 2172,752 2206.4,767.64 2212,778.55\
 2248,790 2298.1,805.96 2315,791.77 2365,808 2365.1,808.04 2438.9,845.9 2439,846 2467.3,872.89 2452.3,897.96 2483,922 2509.3,942.53\
 2546.5,951.67 2574.1,955.74", lp="2048.5,677"];
	12 -> 6 [label="  1.0", pos="e,1870.9,20.561 2005.5,377.04 2008.2,371.14 2010.7,364.44 2012,358 2019.3,322.75 2013.3,302.9 1984,282 1945.4,254.48 1592.2,261.66\
 1561,226 1526.8,186.95 1519.6,121.74 1594,56 1613.7,38.625 1783.9,26.041 1860.7,21.194", lp="1573.5,207"];
	12 -> 5 [label="  1.0", pos="e,3251.2,853.76 2022.5,399.33 2050.7,404.58 2096,414.91 2132,432 2145.8,438.55 2146.8,444.29 2160,452 2210.8,481.67 2223.9,490.13\
 2280,508 2313,518.53 2553.7,554.46 2587,564 2641.6,579.61 3010.6,727.97 3062,752 3126.1,781.97 3139.5,794.75 3202,828 3215.1,834.97\
 3229.6,842.56 3242.1,849.05", lp="2798.5,630"];
	12 -> 4 [label="  1.0", pos="e,3120,1050.6 2008.3,412.26 2012.6,418.46 2017.6,425.52 2022,432 2086.8,526.7 2085.9,567.71 2175,640 2238,691.09 2427.5,769.66 2499\
,808 2509.5,813.63 2862.7,1012.2 2874,1016 2917,1030.3 3045.9,1043.7 3110,1049.7", lp="2356.5,724"];
	12 -> 3 [label="  1.0", pos="e,2163.7,1227.6 1969.5,398.97 1926.4,405.49 1838.3,419.05 1764,432 1674.4,447.61 1649.9,443.19 1563,470 1522.7,482.44 1516.1,494.76\
 1476,508 1442.2,519.17 1430.5,511.63 1398,526 1330.8,555.68 1317.1,571.38 1262,620 1220,657.08 1202.1,663.4 1178,714 1156.1,\
760.15 1157.6,777.18 1163,828 1172.4,916.36 1169.9,951.5 1231,1016 1296.3,1085 1336.6,1070.5 1423,1110 1481,1136.5 1493.2,1150.5\
 1555,1166 1640.3,1187.4 1664.6,1174.6 1752,1184 1824.6,1191.8 1842.4,1196.8 1915,1204 2019.7,1214.4 2050.7,1190.3 2151,1222 2152.2\
,1222.4 2153.4,1222.8 2154.6,1223.3", lp="1175.5,818"];
	12 -> 2 [label="  1.0", pos="e,1599.9,1333.9 1968.9,395.3 1882.9,396.54 1617.2,402.71 1537,432 1522.6,437.25 1523.2,446.27 1509,452 1458.6,472.37 1436.6,445.54\
 1388,470 1366.7,480.74 1371.3,497.27 1350,508 1301,532.62 1281.5,514.23 1228,526 1169.6,538.84 1152,536.35 1099,564 921.28,656.74\
 842.3,669.64 747,846 738.95,860.89 729.28,948.56 738,978 738.66,980.24 919.4,1258.3 921,1260 940.33,1280.6 945.43,1288.4 972\
,1298 1001.2,1308.6 1455,1327.9 1589.6,1333.5", lp="759.5,865"];
	12 -> 1 [label="  1.0", pos="e,3031.8,1146.8 1970.2,401.2 1935.7,409.71 1878,424.78 1871,432 1828.7,475.53 1849.7,504.87 1836,564 1821.6,626.24 1786.3,782.42\
 1780,846 1778.3,862.81 1769.3,870.9 1780,884 1804.9,914.62 1829.1,890.76 1867,902 1878.1,905.3 1953.6,934.97 1964,940 2024.6,969.25\
 2033.7,988.15 2095,1016 2117.6,1026.3 2126.4,1021.7 2148,1034 2170.6,1046.9 2212.8,1100.5 2237,1110 2310.5,1139 2870.6,1145.5\
 3021.6,1146.7", lp="1807.5,771"];
	12 -> 0 [label="  1.0", pos="e,1986.7,1428.8 1968.8,395.48 1894.9,397.11 1684.4,404.06 1512,432 1490.7,435.44 1156.6,519.64 1136,526 1111.5,533.56 1106.3,537.98\
 1082,546 1054.8,554.99 1046.4,552.65 1020,564 944.26,596.64 923.64,605.54 860,658 641.75,837.88 517,911.18 517,1194 517,1335\
 517,1335 517,1335 517,1410.5 1744.6,1426.3 1976.5,1428.7", lp="608.5,912"];
	11 -> 15 [label="  1.0", pos="e,1975.3,301.24 4059.8,487.27 3992.8,482.87 3814.2,470.25 3666,452 3609.7,445.07 3596.3,438.94 3540,432 3493.6,426.28 2747.5,368.85\
 2702,358 2678.7,352.44 2675.4,343.14 2652,338 2523.2,309.67 2112.5,302.82 1985.7,301.36", lp="3336.5,395"];
	11 -> 14 [label="  1.0", pos="e,2451.3,113.1 4113.3,483.72 4130.7,478.72 4152.2,469.29 4163,452 4167.7,444.46 4165.2,440.62 4163,432 4139.4,337.41 4134.1,293.23\
 4050,244 3924.6,170.65 3871.6,209.67 3728,188 3596.4,168.15 3563.6,160.9 3431,150 3053.3,118.96 2593.7,113.96 2461.3,113.15", lp="4140.5,301"];
	11 -> 13 [label="  1.0", pos="e,3719,208.78 4082.2,470.22 4068.5,418.04 4027.8,273.26 3990,244 3969.7,228.29 3804.2,214.85 3729,209.49", lp="4059.5,348"];
	11 -> 12 [label="  1.0", pos="e,2022.9,397.61 4059.8,487.04 3944.5,478.82 3485.7,446.9 3108,432 2722,416.77 2624.8,433.06 2239,414 2165.9,410.39 2080.7,402.99\
 2033.1,398.56", lp="3523.5,442"];
	11 -> 10 [label="  1.0", pos="e,3399.4,576.47 4060.4,493.25 4026.6,499.01 3966.7,510.38 3917,526 3895,532.93 3891.6,540.97 3869,546 3693.1,585.25 3642.7,541.32\
 3464,564 3445.8,566.31 3425.7,570.39 3409.2,574.17", lp="3929.5,536"];
	11 -> 9 [label="  1.0", pos="e,1562.8,673.01 4059.8,489.23 3941.6,490.4 3461.2,496.81 3068,526 2988.6,531.89 2969.4,539.84 2890,546 2705.1,560.36 2657.9,548.88\
 2473,564 2121.5,592.74 1698.7,653.03 1573,671.5", lp="2485.5,583"];
	11 -> 8 [label="  1.0", pos="e,2159.5,761.56 4060,490.11 3975.3,493.7 3707.2,505.99 3486,526 3344.2,538.82 3299.4,509.32 3168,564 3142.9,574.45 3145.5,592.62\
 3120,602 3064.8,622.27 2649.3,612.37 2591,620 2516.4,629.77 2497.5,634.47 2426,658 2345.5,684.52 2330.9,705.73 2251,734 2222.7,\
743.99 2214.5,742.67 2186,752 2180.5,753.79 2174.8,755.82 2169.2,757.88", lp="2603.5,630"];
	11 -> 7 [label="  1.0", pos="e,2638.3,957.48 4065.4,500.49 4042.1,512.59 4004,531.82 3970,546 3550.6,720.92 3435.8,739.35 3005,884 2980.2,892.32 2972.4,890.26\
 2949,902 2935.3,908.87 2935.3,916.48 2921,922 2872.1,940.95 2719.9,952.39 2648.6,956.85", lp="3538.5,724"];
	11 -> 6 [label="  1.0", pos="e,1925.1,19.132 4113.7,484.83 4180.1,472.91 4352.9,432.02 4429,320 4495.1,222.7 4530.6,139.78 4448,56 4424.9,32.59 2248.8,20.766\
 1935.4,19.184", lp="4485.5,254"];
	11 -> 5 [label="  1.0", pos="e,3300.1,862.42 4078,507.2 4059,545.15 4015.9,630.02 4005,640 3881.7,752.95 3820.7,743.77 3660,790 3608.6,804.79 3590.6,787.9 3541\
,808 3526.8,813.75 3527.2,822.23 3513,828 3477,842.67 3368.2,855.41 3310.3,861.39", lp="3995.5,677"];
	11 -> 4 [label="  1.0", pos="e,3174,1052.1 4092.5,507.66 4093.9,513.48 4095.3,519.96 4096,526 4097.1,534.83 4096.8,537.14 4096,546 4090.2,613.41 4105.7,638.51\
 4070,696 4010.5,791.93 3954.5,777.16 3865,846 3843.7,862.38 3841.2,870.54 3818,884 3777.6,907.41 3765.4,911.13 3720,922 3641.8\
,940.7 3612.8,905.81 3540,940 3496.5,960.45 3506.3,995.18 3463,1016 3414.5,1039.3 3256.7,1048.6 3184.1,1051.7", lp="4034.5,771"];
	11 -> 3 [label="  1.0", pos="e,2210,1240.8 4113.9,490.95 4165.2,495.1 4275.2,506.07 4307,526 4368,564.21 4379.1,589.4 4401,658 4425.8,735.42 4386.3,961.47 4326\
,1016 4116.1,1205.9 3984,1107.8 3707,1166 3612.9,1185.8 3589.7,1194.2 3494,1204 3237.1,1230.4 2406.1,1239.1 2220.1,1240.7", lp="4407.5,865"];
	11 -> 2 [label="  1.0", pos="e,1653.9,1333.5 4114,491.36 4174.3,496.85 4318.5,511.12 4365,526 4424.6,545.1 4576,608.2 4614,658 4686.9,753.59 4645.7,804.92 4673\
,922 4680.6,954.7 4699.9,992.25 4691,1016 4660.2,1098.7 4639.3,1125.3 4561,1166 4491.2,1202.3 4458.6,1156.2 4385,1184 4370.7,1189.4\
 4371.5,1199.1 4357,1204 4305.5,1221.5 3922.3,1219.6 3868,1222 2972.9,1261 1877.3,1321.1 1664,1332.9", lp="4685.5,912"];
	11 -> 1 [label="  1.0", pos="e,3081.4,1136.4 4114.2,490.62 4159.1,493.93 4245.4,503.16 4264,526 4311.6,584.64 4286.2,623.79 4264,696 4249.1,744.3 4230.8,749.95\
 4200,790 4198.2,792.38 3993.7,1071.6 3892,1110 3810.5,1140.7 3193.5,1111 3108,1128 3102.4,1129.1 3096.6,1130.8 3091.1,1132.8", lp="4198.5,818"];
	11 -> 0 [label="  1.0", pos="e,2041.3,1428.9 4114,490.27 4204.1,494.62 4494.8,509.59 4587,526 4594.6,527.35 4713.8,559.45 4720,564 4752.6,587.94 4741.9,610.94\
 4770,640 4782.6,653.01 4886.5,726.67 4903,734 4936.7,748.94 4952,733.75 4984,752 5019,771.92 5046,777.75 5046,818 5046,1335 5046\
,1335 5046,1335 5046,1413.8 4955.7,1378.7 4878,1392 4732.1,1417 2378.7,1427.5 2051.6,1428.9", lp="5058.5,959"];
	10 -> 15 [label="  1.0", pos="e,1975.1,301.98 3348.5,576.39 3278.4,558.28 3076.4,506.76 2907,470 2778.3,442.06 2743.9,445.5 2616,414 2559.2,400.01 2547.4,387.26\
 2490,376 2406.8,359.67 2382.4,377.95 2300,358 2276.7,352.37 2273.2,343.95 2250,338 2156.6,314.02 2042.7,305.42 1985.2,302.47", lp="2825.5,442"];
	10 -> 14 [label="  1.0", pos="e,2451.3,113.16 3358.2,567.5 3351.8,561 3344.4,553.28 3338,546 3323.8,529.82 3320.7,525.37 3308,508 3279.7,469.24 3107.7,173.73 \
3066,150 3013.5,120.15 2591,114.33 2461.5,113.24", lp="3224.5,348"];
	10 -> 13 [label="  1.0", pos="e,3668.5,216.46 3398.6,574.82 3414,568.75 3433.3,559.24 3447,546 3459,534.37 3582.8,295.95 3592,282 3603.9,264.06 3605.5,257.77 \
3622,244 3633.1,234.75 3646.9,226.85 3659.3,220.76", lp="3552.5,395"];
	10 -> 12 [label="  1.0", pos="e,2022,400.63 3347.5,579.07 3316.7,574.67 3264.3,567.66 3219,564 3168.5,559.91 2811,562.42 2763,546 2748.5,541.05 2749.4,531.1 2735\
,526 2672,503.72 2500.9,518.86 2435,508 2308.6,487.16 2281.2,463.24 2157,432 2114.2,421.24 2064.7,410.05 2032,402.83", lp="2447.5,489"];
	10 -> 11 [label="  1.0", pos="e,4060.3,492.89 3399.8,576.72 3417.8,572.57 3442.2,567.31 3464,564 3548.7,551.13 3570.8,555.62 3656,546 3802.2,529.49 3975.6,505.08\
 4050.1,494.37", lp="3822.5,536"];
	10 -> 9 [label="  1.0", pos="e,1563.1,675.88 3347.5,587.09 3316.7,591.65 3264.3,598.79 3219,602 3013.7,616.54 2496.7,590.58 2293,620 2259.7,624.81 2253.2,634.62\
 2220,640 2156.1,650.35 1706.6,669.84 1573.2,675.45", lp="2305.5,630"];
	10 -> 8 [label="  1.0", pos="e,2162.5,767.14 3351.8,594.27 3345.8,597.04 3339.2,599.83 3333,602 3232.8,636.91 3201.3,623.54 3101,658 3062.2,671.31 3056.7,685.69\
 3017,696 2701.7,778.02 2610.4,721.06 2286,752 2247.2,755.7 2202.9,761.5 2172.6,765.72", lp="3113.5,677"];
	10 -> 7 [label="  1.0", pos="e,2638.1,957.16 3351,593.12 3323,605.24 3274.1,625.67 3231,640 3201.7,649.72 3190.7,642.57 3164,658 3143.3,669.95 3146.5,683.77 \
3126,696 3051.1,740.63 3007.7,699.65 2938,752 2882.2,793.9 2902.7,835.07 2853,884 2842.2,894.64 2836.6,893.59 2824,902 2811.3,910.48\
 2810,915.92 2796,922 2747.5,943.01 2686.7,952.23 2648.3,956.18", lp="2950.5,771"];
	10 -> 6 [label="  1.0", pos="e,1925.3,19.625 3370.6,564 3368.4,552.8 3365.1,538.42 3361,526 3352.4,500.14 3347.3,494.81 3336,470 3324.6,445.03 3318,440.26 3310\
,414 3292.8,357.18 3312.1,190.84 3269,150 3169.4,55.567 2145.4,25.143 1935.5,19.877", lp="3312.5,301"];
	10 -> 5 [label="  1.0", pos="e,3299.7,860.53 3378.6,602.02 3388.2,646.27 3405.4,757.68 3356,828 3345.2,843.43 3326.3,852.52 3309.4,857.82", lp="3401.5,724"];
	10 -> 4 [label="  1.0", pos="e,3173.8,1049.6 3398,592.05 3412.9,598.4 3431.7,607.92 3446,620 3773.7,897.55 3630.3,742.83 3586,828 3545.9,904.99 3494.2,886.29\
 3426,940 3385.9,971.57 3385.8,993.51 3340,1016 3313,1029.2 3231.9,1041.8 3183.8,1048.3", lp="3614.5,818"];
	10 -> 3 [label="  1.0", pos="e,2210.2,1240.5 3401.2,585.11 3460.6,589.99 3600,602.91 3644,620 3740.2,657.36 3768.4,673.21 3835,752 3911.2,842.17 3933.6,919.91\
 3865,1016 3773.2,1144.5 3694.1,1120.3 3543,1166 3436.3,1198.3 3406,1193.7 3295,1204 3079.4,1224 2388.6,1237.4 2220.3,1240.4", lp="3918.5,912"];
	10 -> 2 [label="  1.0", pos="e,1599.7,1333.8 3347.2,586.55 3311.5,591.12 3246.1,598.83 3190,602 3088.6,607.72 1461.8,601.22 1362,620 1221.4,646.45 1198.8,695.71\
 1061,734 1017.9,745.97 995.78,722.7 962,752 946.17,765.73 901.21,853.16 912,922 916.05,947.83 919.3,954.15 930,978 941.83,1004.4\
 953.13,1006.9 963,1034 983.33,1089.9 963.13,1110.7 985,1166 1010.9,1231.6 1012,1262.7 1073,1298 1095.3,1310.9 1468.4,1328.1\
 1589.4,1333.4", lp="942.5,959"];
	10 -> 1 [label="  1.0", pos="e,3081.4,1136.4 3401.1,585.09 3456,589.66 3578.5,601.62 3616,620 3660,641.58 3655.7,668.12 3696,696 3743.1,728.55 3777.8,706.07 \
3812,752 3859.5,815.83 3875.3,1056.9 3816,1110 3786.7,1136.2 3146.6,1120.3 3108,1128 3102.4,1129.1 3096.6,1130.8 3091.1,1132.8", lp="3862.5,865"];
	10 -> 0 [label="  1.0", pos="e,2041.3,1428.8 3401.1,584.11 3473.9,587.31 3679.4,597.76 3849,620 3897.4,626.35 3908.9,631.72 3957,640 4007.1,648.63 4020.9,644.72\
 4070,658 4292.8,718.27 4379.2,695.35 4554,846 4578.6,867.21 4699,1067.5 4699,1100 4699,1335 4699,1335 4699,1335 4699,1362.5 \
4697.8,1376.6 4675,1392 4646.5,1411.2 2372.5,1426.7 2051.5,1428.8", lp="4674.5,1006"];
	9 -> 15 [label="  1.0", pos="e,1921.5,305.41 1518.2,662.07 1487.9,635.12 1427.4,574.88 1409,508 1388.3,432.96 1385.4,379.87 1451,338 1484.9,316.39 1772,323.78\
 1812,320 1845.9,316.79 1884.3,311.26 1911.6,306.98", lp="1421.5,489"];
	9 -> 14 [label="  1.0", pos="e,2396.8,114.41 1509.3,673.28 1466.8,667.22 1381,654.41 1309,640 1114.8,601.17 832.49,612 915,432 951.3,352.81 1001.8,356.19 1087\
,338 1185.5,316.96 1216.1,347.55 1313,320 1348.6,309.89 1352.8,295.95 1387,282 1440,260.4 1453.7,253.97 1510,244 1587.8,230.24 \
1792.8,258.07 1865,226 1886.8,216.3 1882.9,200.97 1903,188 1942.9,162.17 1956.7,160.63 2003,150 2075.6,133.36 2297.8,119.84 2386.7\
,114.96", lp="970.5,395"];
	9 -> 13 [label="  1.0", pos="e,3664.8,207.32 1510.5,670.05 1490.6,663.94 1462.8,653.85 1441,640 1420.3,626.86 1415.3,621.9 1401,602 1358,542.29 1346.9,523.82\
 1331,452 1318.6,396.3 1340.9,367.04 1390,338 1417.3,321.85 1638.5,285.54 1670,282 1745.3,273.54 2280.1,288.08 2352,264 2366.5,259.14\
 2365.5,248.87 2380,244 2442,223.17 3447.3,209.95 3654.8,207.44", lp="1343.5,442"];
	9 -> 12 [label="  1.0", pos="e,1968.9,397.43 1529.8,658.16 1520.8,627.29 1508.4,565.46 1537,526 1551.9,505.53 1567.6,517.68 1591,508 1625.9,493.55 1632.2,484.55\
 1667,470 1690,460.42 1697.9,463.35 1720,452 1733.6,445.02 1733.8,437.73 1748,432 1785.5,416.84 1899.3,404.19 1958.8,398.4", lp="1549.5,536"];
	9 -> 11 [label="  1.0", pos="e,4059.8,489.11 1562.9,674.25 1650.6,665.39 1935.7,637.11 2172,620 2316.7,609.52 2353.5,615.07 2498,602 2632.7,589.82 2665.5,578.73\
 2800,564 2885.6,554.62 2907.4,555.81 2993,546 3058.5,538.49 3074.3,531.74 3140,526 3493.1,495.15 3922.6,490.02 4049.8,489.17", lp="2812.5,583"];
	9 -> 10 [label="  1.0", pos="e,3347.4,586.53 1563.2,675.55 1630.6,671.99 1811.2,662.8 1962,658 2171.7,651.33 2697.2,660.83 2906,640 2955.4,635.07 2966.8,626.65\
 3016,620 3105.8,607.89 3128.9,611.51 3219,602 3259.6,597.72 3306,591.9 3337.4,587.84", lp="3028.5,630"];
	9 -> 8 [label="  1.0", pos="e,2109.1,769.05 1562.8,679.68 1603.7,684.22 1684.1,694.84 1750,714 1772.2,720.45 1775.6,728.24 1798,734 1854.2,748.47 2023.7,762.55\
 2099.1,768.3", lp="1810.5,724"];
	9 -> 7 [label="  1.0", pos="e,2583.7,957.21 1562.5,680.98 1591.5,686.03 1639.2,696.27 1677,714 1690.8,720.49 1690.7,728.48 1705,734 1768.4,758.54 1790.7,736.87\
 1857,752 2057.2,797.67 2111.4,808.01 2294,902 2307.6,909 2307.8,916.42 2322,922 2367,939.66 2506.1,951.59 2573.5,956.49", lp="2145.5,818"];
	9 -> 6 [label="  1.0", pos="e,1870.8,19.541 1508.9,674.76 1449,669.69 1300.6,656.48 1177,640 1073.4,626.19 1041.8,641.42 945,602 837.43,558.18 820.14,526.47\
 731,452 680.59,409.89 626,413.68 626,348 626,348 626,348 626,113 626,49.405 1650.6,24.246 1860.6,19.756", lp="639.5,348"];
	9 -> 5 [label="  1.0", pos="e,3245.9,862.14 1562.6,680.13 1714.3,697.94 2463.1,785.82 2512,790 2655.7,802.3 2692.6,792.68 2836,808 2892.4,814.02 2905.8,820.2\
 2962,828 3060.6,841.69 3177.3,854.72 3235.7,861.04", lp="2524.5,771"];
	9 -> 4 [label="  1.0", pos="e,3120.1,1050.9 1552.5,692.15 1569.1,707.07 1593.7,728.41 1605,734 1636.5,749.6 1651.3,734.92 1682,752 1702.9,763.61 1701.9,774.37\
 1720,790 1772.8,835.71 1783.4,852.92 1846,884 1886.2,903.96 1997.1,926.85 2040,940 2092.3,956.03 2103.6,966.07 2157,978 2466.3\
,1047.2 2551.5,1016.3 2868,1034 2954.8,1038.9 3056.7,1046.2 3110.1,1050.2", lp="1858.5,865"];
	9 -> 3 [label="  1.0", pos="e,2163.7,1227.7 1512.5,686.62 1500.3,692.76 1486,701.86 1477,714 1406.5,809 1395.2,869.8 1443,978 1455.3,1005.7 1613.3,1153.6 1641\
,1166 1684.1,1185.4 1806.5,1175.6 1853,1184 1885.7,1189.9 1892.3,1198.2 1925,1204 2024.2,1221.6 2055,1191.5 2151,1222 2152.2,1222.4\
 2153.4,1222.8 2154.6,1223.3", lp="1455.5,959"];
	9 -> 2 [label="  1.0", pos="e,1607.6,1321.7 1511.7,685.7 1495.8,692.09 1475,701.76 1459,714 1441.2,727.57 1436,731.99 1426,752 1373.6,856.98 1388.9,904.67 1426\
,1016 1471.2,1151.9 1490.4,1187.9 1582,1298 1587.1,1304.1 1593.3,1309.9 1599.4,1315.1", lp="1438.5,1006"];
	9 -> 1 [label="  1.0", pos="e,3032,1146.8 1547.1,694.67 1578.3,744.12 1664.6,880.55 1669,884 1729.6,931.49 1762,910.14 1833,940 1962.4,994.43 1992.5,1014.7 \
2111,1090 2123.9,1098.2 2124.5,1105 2139,1110 2223.3,1138.9 2859.5,1145.5 3021.6,1146.8", lp="1779.5,912"];
	9 -> 0 [label="  1.0", pos="e,1986.7,1428.6 1509.9,682.02 1480.9,688.01 1432.7,699.11 1393,714 1357.6,727.25 1349.7,733.15 1317,752 1185.2,827.92 1137.9,831.76\
 1031,940 489.14,1488.8 822.88,1109.5 875,1204 950.63,1341.1 1023.6,1345.2 1173,1392 1250.2,1416.2 1823.1,1426.2 1976.4,1428.5", lp="946.5,1053"];
	8 -> 15 [label="  1.0", pos="e,1921.1,304.44 2108.9,768.24 2042.4,761.37 1874.7,743.34 1851,734 1836.8,728.4 1837,720.05 1823,714 1784.7,697.52 1767.5,716.08\
 1731,696 1650.6,651.75 1623,631.29 1589,546 1564.9,485.47 1541.4,478.41 1651,376 1688.7,340.77 1839.9,315.86 1910.9,305.86", lp="1601.5,536"];
	8 -> 14 [label="  1.0", pos="e,2404.2,126.37 2108.8,770.13 2064.7,767.95 1975.4,760.38 1905,734 1889.3,728.11 1887.7,722.12 1873,714 1857,705.14 1849.3,708.53\
 1836,696 1748.4,613.53 1732,544 1776,432 1788.4,400.39 1797.6,391.08 1828,376 1901.6,339.52 1933.9,383.61 2012,358 2094.6,330.9\
 2316.8,184.82 2395.7,132.04", lp="1788.5,442"];
	8 -> 13 [label="  1.0", pos="e,3665,208.24 2157.3,759.07 2169.4,752.08 2184.8,742.91 2198,734 2221.1,718.38 2227.2,714.57 2248,696 2265.5,680.42 2299.8,629.88\
 2321,620 2376.7,594.08 2538.3,620.16 2597,602 2738.6,558.2 2748,490.91 2884,432 2910.3,420.6 2919.1,423.92 2946,414 3080,364.63\
 3105.5,332.82 3239,282 3245.6,279.49 3353.1,245.45 3360,244 3465.7,221.73 3593.3,212.28 3655,208.79", lp="2824.5,489"];
	8 -> 12 [label="  1.0", pos="e,1987.9,413.19 2109.4,767.73 2081,763.36 2035.5,753.74 2001,734 1990.5,727.99 1966.7,707.15 1962,696 1922.3,601.8 1962.5,477.1 \
1984.1,422.53", lp="1959.5,583"];
	8 -> 11 [label="  1.0", pos="e,4059.9,489.91 2159.3,761.07 2167.6,757.83 2177.1,754.44 2186,752 2230.8,739.69 2244.1,745.85 2289,734 2295.1,732.4 2495.8,659.25\
 2502,658 2635.9,630.76 2674.3,663.43 2809,640 2840,634.6 2845.9,625.31 2877,620 3027,594.35 3069.3,629.38 3219,602 3273.6,592.01\
 3284.1,577.22 3338,564 3433.9,540.47 3458.9,537.9 3557,526 3741.2,503.65 3963.1,493.58 4049.8,490.29", lp="2889.5,630"];
	8 -> 10 [label="  1.0", pos="e,3352.4,594.64 2162.6,767.61 2228,759.27 2393.1,738.12 2418,734 2462.7,726.6 2473.1,719.88 2518,714 2644.3,697.47 2677.8,713.34\
 2804,696 2964.3,673.97 3000.2,645.3 3160,620 3236.4,607.91 3258.5,622.53 3333,602 3336.4,601.08 3339.8,599.9 3343.1,598.59", lp="2997.5,677"];
	8 -> 9 [label="  1.0", pos="e,1562.7,681.01 2109.1,768.86 2018.5,761.61 1729.8,738.24 1721,734 1710,728.67 1712.7,720.04 1702,714 1680.3,701.7 1614.8,689.5 \
1572.8,682.64", lp="1733.5,724"];
	8 -> 7 [label="  1.0", pos="e,2585.1,952.72 2160,779.86 2170.4,783.42 2182.7,787.3 2194,790 2246,802.37 2268.5,778.31 2313,808 2364.9,842.64 2339.5,893.46 2395\
,922 2446.9,948.68 2467.6,929.7 2525,940 2541.5,942.96 2559.7,946.87 2575,950.38", lp="2370.5,865"];
	8 -> 6 [label="  1.0", pos="e,1871.3,22.363 2125.5,753.23 2117.4,738.46 2106.8,716.62 2102,696 2070,557.37 2135.3,511.84 2093,376 2078.2,328.45 2072.7,310.76\
 2032,282 2010.3,266.63 1820.9,241.15 1799,226 1774.3,208.89 1769.8,198.75 1761,170 1746.1,121.57 1730.2,96.227 1761,56 1773.1,\
40.155 1824.8,29.547 1861.1,23.893", lp="2114.5,395"];
	8 -> 5 [label="  1.0", pos="e,3245.7,864.6 2162.4,775.03 2243.8,787.44 2488,824.47 2524,828 2796.1,854.65 3125.8,862.47 3235.5,864.43", lp="2536.5,818"];
	8 -> 4 [label="  1.0", pos="e,3119.8,1051.2 2160.4,779.58 2170.7,783.05 2182.9,786.95 2194,790 2229.6,799.75 2245.3,786.2 2275,808 2322.2,842.6 2294.1,887.02\
 2341,922 2351.7,929.99 2562,975.09 2575,978 2613.5,986.6 2624.2,984.62 2662,996 2684.9,1002.9 2688.7,1010.5 2712,1016 2750.2,1025.1\
 3011.5,1043.7 3109.8,1050.5", lp="2353.5,912"];
	8 -> 3 [label="  1.0", pos="e,2163.3,1227.5 2110.2,776.97 2076.6,786.09 2018.4,806.71 1986,846 1910.2,937.85 1922.5,992.19 1940,1110 1946.6,1154.6 1940.4,1179.1\
 1978,1204 2010.2,1225.3 2114.3,1209.9 2151,1222 2152,1222.3 2153.1,1222.7 2154.1,1223.1", lp="1939.5,1006"];
	8 -> 2 [label="  1.0", pos="e,1615.9,1317.5 2109.5,774.9 2081.2,779.8 2035.7,789.86 2000,808 1848.7,884.96 1647.1,1061.4 1611,1128 1575,1194.5 1583.7,1226.1\
 1607,1298 1608.1,1301.5 1609.6,1305.1 1611.3,1308.6", lp="1704.5,1053"];
	8 -> 1 [label="  1.0", pos="e,3031.7,1146.7 2148.2,787.99 2152.5,794.17 2157.1,801.28 2161,808 2212.3,897.02 2189,943.69 2262,1016 2275.3,1029.2 2284.7,1023.2\
 2300,1034 2319.5,1047.8 2354.2,1100.3 2376,1110 2435,1136.3 2887.2,1144.6 3021.5,1146.5", lp="2241.5,959"];
	8 -> 0 [label="  1.0", pos="e,1986.6,1428.6 2109,772.52 2039.7,776.65 1856.6,789.07 1799,808 1649.1,857.28 1313,1093.1 1222,1222 1186.9,1271.7 1177.5,1293.8\
 1186,1354 1188.5,1371.4 1183.2,1381.1 1197,1392 1228,1416.4 1820.4,1426.3 1976.5,1428.5", lp="1364.5,1100"];
	7 -> 15 [label="  1.0", pos="e,1972.6,309.29 2602.6,940.74 2585.8,904.67 2547.3,826.21 2524,808 2501.1,790.07 2484.1,807.68 2461,790 2429.6,766.03 2442.3,742.52\
 2415,714 2405,703.58 2399,705.37 2388,696 2353.1,666.16 2349.1,653.77 2318,620 2218,511.53 2203.9,473.22 2093,376 2070.9,356.66\
 2064.8,352.06 2039,338 2021,328.16 1999.8,319.4 1982.4,312.87", lp="2347.5,630"];
	7 -> 14 [label="  1.0", pos="e,2446.7,123.57 2633.3,948.23 2643.9,942.01 2655.8,933.18 2663,922 2665.9,917.53 2735.1,551.25 2736,546 2744.4,495.69 2754.8,482.66\
 2749,432 2744.1,389.38 2746.7,376.12 2727,338 2701.4,288.48 2686.9,279.57 2644,244 2583.1,193.51 2500.6,149.92 2455.9,128.03", lp="2751.5,536"];
	7 -> 13 [label="  1.0", pos="e,3665.1,210.82 2637.8,955.43 2677.7,949.68 2750.1,937.47 2771,922 2786.7,910.4 2784.6,901.61 2793,884 2839.4,786.9 2799.2,729.05\
 2880,658 2905.4,635.66 2921.6,649.77 2954,640 3001.5,625.67 3018.3,630.39 3059,602 3077.1,589.37 3072.7,576.32 3091,564 3158.1\
,518.9 3195.7,551.13 3264,508 3312.7,477.3 3322.3,462.64 3353,414 3386.6,360.83 3357.1,323.87 3404,282 3441.2,248.79 3586.1,223.01\
 3655.1,212.35", lp="3103.5,583"];
	7 -> 12 [label="  1.0", pos="e,2000.7,414.02 2585.5,952.45 2566.4,946.67 2540.3,936.81 2521,922 2487.3,896.13 2495.4,873.47 2463,846 2450,834.95 2443.8,836.64\
 2429,828 2414.9,819.71 2413.3,813.77 2398,808 2346.7,788.71 2326.7,810.78 2276,790 2249.5,779.15 2247.7,768.08 2224,752 2185.3\
,725.75 2165.8,731.11 2135,696 2061,611.74 2019.1,481.35 2003.3,423.88", lp="2147.5,677"];
	7 -> 11 [label="  1.0", pos="e,4061,494.73 2638,957.57 2683.2,954.58 2776.7,945.83 2852,922 2924.4,899.08 2936,877.62 3005,846 3358.4,684.12 3453.8,649.52 3833\
,564 3880.9,553.2 3896.6,564.76 3942,546 3956.1,540.16 3956.3,532.83 3970,526 3995.9,513.06 4027.3,503.43 4051,497.25", lp="3318.5,724"];
	7 -> 10 [label="  1.0", pos="e,3352.4,594.99 2638.1,957.65 2679,954.86 2758.4,946.5 2821,922 2850,910.63 2854.2,901.48 2880,884 2928.3,851.31 2938.6,840.56 2987\
,808 3025.5,782.12 3035.3,775.86 3075,752 3125.8,721.51 3277.9,636.52 3343.4,600.01", lp="3087.5,771"];
	7 -> 9 [label="  1.0", pos="e,1557.2,689.03 2583.9,956.27 2526.6,950.45 2389.1,936.18 2274,922 2043.3,893.58 1968.5,907.56 1768,790 1744.5,776.24 1744.3,764.18\
 1720,752 1692,738 1681.3,744.95 1652,734 1621.9,722.74 1589.2,706.23 1566.2,693.88", lp="1848.5,818"];
	7 -> 8 [label="  1.0", pos="e,2160,780 2585.2,953.31 2538.8,943.05 2445.8,922.47 2445,922 2408.2,899.11 2414.6,876.68 2384,846 2365,826.97 2361.7,818.52 2337\
,808 2278.1,782.9 2256.5,804.03 2194,790 2186,788.2 2177.5,785.76 2169.6,783.22", lp="2422.5,865"];
	7 -> 4 [label="  1.0", pos="e,3120,1051.7 2635.7,967.4 2656.3,974.55 2686.3,985.34 2712,996 2731.5,1004.1 2734.7,1010.5 2755,1016 2821.4,1034 3025.4,1046.6 \
3109.9,1051.1", lp="2767.5,1006"];
	7 -> 6 [label="  1.0", pos="e,1896.7,38.155 2615.7,940.18 2622.3,908.5 2630.3,844.43 2597,808 2567.1,775.32 2535.3,815.42 2499,790 2459.4,762.21 2401.7,648.72\
 2389,602 2384.6,585.7 2378.9,577.5 2389,564 2442.6,492.58 2528.4,579.42 2582,508 2592.1,494.5 2591.2,484.17 2582,470 2526.4,384.18\
 2466.2,415.8 2372,376 2288.9,340.91 2073.4,270.53 1995,226 1986.1,220.95 1927.2,178.78 1922,170 1899.6,132.3 1896.1,80.32 \
1896.5,48.228", lp="2601.5,489"];
	7 -> 3 [label="  1.0", pos="e,2163.5,1227.7 2584.1,960.63 2479.5,967.57 2103.3,998.69 2038,1090 2017.9,1118.1 2107.7,1187.8 2155.2,1221.8", lp="2050.5,1100"];
	7 -> 2 [label="  1.0", pos="e,1628.5,1315.9 2583.8,959.71 2516.5,961.84 2337.6,969.72 2191,996 2071.7,1017.4 1762.5,1096.1 1679,1184 1646.9,1217.8 1634.5,1272.4\
 1629.8,1305.9", lp="1773.5,1147"];
	7 -> 1 [label="  1.0", pos="e,3031.8,1146.1 2587.3,968.57 2546.2,986.55 2469.1,1027.6 2498,1072 2520.8,1107 2543.5,1099.8 2584,1110 2666.7,1130.8 2924.5,1142.1\
 3021.6,1145.7", lp="2510.5,1053"];
	7 -> 0 [label="  1.0", pos="e,2041.2,1428.9 2638,959.87 2797.6,965.03 3611.1,991.55 3623,996 3772.5,1052 3679.7,1218.7 3595,1354 3581.3,1375.9 3575.1,1382.7\
 3551,1392 3478.9,1419.8 2279.6,1427.6 2051.3,1428.8", lp="3696.5,1194"];
	6 -> 15 [label="  1.0", pos="e,1920.8,300.45 1871,19.923 1787.6,22.996 1538.4,33.951 1510,56 1505.3,59.668 1465.4,126.39 1476,170 1488.8,222.47 1502.9,243.89\
 1553,264 1617.4,289.85 1825.3,297.93 1910.8,300.2", lp="1488.5,160"];
	6 -> 14 [label="  1.0", pos="e,2399.9,104.05 1925.1,20.233 1982.9,23.241 2122.5,32.508 2237,56 2291.6,67.188 2353,87.449 2390.1,100.56", lp="2321.5,66"];
	6 -> 13 [label="  1.0", pos="e,3671.2,194.88 1925.1,19.09 2111,19.789 3192.4,25.162 3335,56 3463,83.675 3602.7,156.52 3662.3,189.88", lp="3560.5,113"];
	6 -> 12 [label="  1.0", pos="e,2012.7,380.02 1871.1,21.093 1827.3,25.073 1743.3,35.253 1723,56 1653.5,127.03 1668,190.19 1698,226 1709.4,239.59 1998.9,270.02\
 2012,282 2014,283.85 2035.4,334.93 2027,358 2025.2,362.99 2022.4,367.78 2019.2,372.16", lp="1710.5,207"];
	6 -> 11 [label="  1.0", pos="e,4113.6,485.62 1925.3,19.156 2192.9,20.708 4337.9,33.819 4470,56 4549.8,69.403 4643,32.045 4643,113 4643,254 4643,254 4643,254 \
4643,439.73 4452.3,396.57 4275,452 4223.6,468.06 4162.1,478.6 4123.8,484.18", lp="4655.5,254"];
	6 -> 10 [label="  1.0", pos="e,3382.1,564.81 1925.1,19.365 2036.7,21.017 2472.1,28.942 2829,56 2980.2,67.462 3022,53.189 3168,94 3326.8,138.38 3369.2,216.02 \
3409,376 3424.8,439.42 3401.3,515.55 3385.8,555.47", lp="3405.5,301"];
	6 -> 9 [label="  1.0", pos="e,1508.8,675.93 1870.7,19.202 1721.1,20.417 1000.6,27.667 780,56 635.98,74.502 543,98.999 543,113 543,442 543,442 543,442 543,601.8\
 716.23,543.64 865,602 920.64,623.83 935.17,629.46 994,640 1091.3,657.43 1392.5,671.12 1498.6,675.51", lp="555.5,348"];
	6 -> 8 [label="  1.0", pos="e,2135.9,751.69 1889.5,37.446 1887.3,43.258 1885.1,49.784 1884,56 1874.9,105.91 1866,125.29 1890,170 1907.4,202.43 1920.6,205.23\
 1951,226 1997.6,257.86 2015.3,255.21 2065,282 2209.8,360.11 2302.4,327.11 2384,470 2392.4,484.66 2392.7,493.53 2384,508 2329.3,\
598.99 2238.2,536.23 2173,620 2145.4,655.4 2138.1,708.48 2136.3,741.37", lp="2355.5,395"];
	6 -> 7 [label="  1.0", pos="e,2623.6,942.19 1920.8,29.648 2034,83.091 2534.3,325.23 2618,470 2680.8,578.58 2618.6,627.1 2607,752 2605.4,768.82 2602.8,773.65\
 2607,790 2609.3,798.86 2613,799.77 2617,808 2625,824.48 2629.4,828.04 2633,846 2639.7,879.11 2642,889.43 2633,922 2631.9,925.86\
 2630.4,929.73 2628.5,933.43", lp="2647.5,489"];
	6 -> 5 [label="  1.0", pos="e,3299.9,861.89 1925.2,19.169 2185.2,20.807 4217.6,34.308 4239,56 4292,109.85 4265.5,155.25 4239,226 4219.5,277.91 4195.4,280.06\
 4157,320 4055.4,425.55 4023.8,445.7 3917,546 3881.9,578.94 3866.8,581.44 3838,620 3815.4,650.27 3827.4,670.02 3800,696 3781,714.01\
 3608.7,781.4 3584,790 3554.5,800.27 3544.3,794.7 3516,808 3502.2,814.51 3502.1,822.11 3488,828 3456.5,841.16 3362.5,854.15 3309.9\
,860.68", lp="4053.5,442"];
	6 -> 4 [label="  1.0", pos="e,3174,1052.5 1925.3,19.166 2212.1,20.929 4661.5,36.541 4733,56 4782.4,69.426 4833,61.843 4833,113 4833,254 4833,254 4833,254 4833\
,415.69 4719.3,421.62 4616,546 4604.2,560.21 4405.2,779.54 4390,790 4243.6,890.64 3798.4,987.62 3623,1016 3460.9,1042.2 3264.6\
,1050 3184.2,1052.2", lp="4644.5,536"];
	6 -> 3 [label="  1.0", pos="e,2163.7,1227.5 1870.9,19.236 1666.3,21.069 371.97,33.542 339,56 316.28,71.475 315,85.513 315,113 315,536 315,536 315,536 315,670.56\
 295.8,737.08 395,828 440.18,869.41 463.16,863.75 521,884 550.91,894.47 566.04,881.25 590,902 617.7,925.99 594.84,953.4 622,\
978 664.41,1016.4 689.54,1001.9 745,1016 784.54,1026 799.03,1014.8 835,1034 856.06,1045.3 854.24,1057.2 873,1072 946.36,1129.8 970.48\
,1142.9 1061,1166 1263.2,1217.6 1320.6,1192.5 1529,1204 1598,1207.8 2084.6,1202.7 2151,1222 2152.2,1222.4 2153.4,1222.8 2154.7\
,1223.2", lp="326.5,630"];
	6 -> 2 [label="  1.0", pos="e,1599.9,1334.5 1870.7,19.304 1667.5,21.611 395.5,36.783 317,56 261.2,69.658 201,55.557 201,113 201,630 201,630 201,630 201,644.43\
 247.57,871.63 255,884 288.47,939.71 317.13,936.33 367,978 417.13,1019.9 427.13,1033.6 480,1072 517.82,1099.4 532.47,1098.9 569\
,1128 587.67,1142.9 590.07,1149.2 607,1166 649.11,1207.9 653.72,1225.4 702,1260 732.69,1282 741.44,1288.5 778,1298 857.15,1318.5\
 1435.8,1331.2 1589.6,1334.3", lp="225.5,677"];
	6 -> 1 [label="  1.0", pos="e,3081.4,1136.4 1925.1,19.149 2209.1,20.735 4637.4,34.893 4787,56 4881.9,69.389 4995,17.147 4995,113 4995,348 4995,348 4995,348 \
4995,520.52 5034.3,581.29 4954,734 4948.3,744.88 4942,743.62 4933,752 4855.3,824.4 4853.5,863.2 4765,922 4741.7,937.51 4324.5,1104.5\
 4297,1110 4037.9,1162.1 3367.4,1077.4 3108,1128 3102.4,1129.1 3096.6,1130.8 3091.1,1132.7", lp="5016.5,583"];
	6 -> 0 [label="  1.0", pos="e,1986.7,1428.7 1870.7,19.221 1655.9,21.006 242.57,33.579 156,56 103.46,69.608 48,58.725 48,113 48,1335 48,1335 48,1335 48,1372.1\
 74.618,1378 109,1392 153.9,1410.2 1713.4,1426.1 1976.5,1428.6", lp="60.5,724"];
	5 -> 15 [label="  1.0", pos="e,1975,303.47 3256.5,849.74 3221.7,818.51 3137,747.44 3052,714 3011.6,698.1 2983.7,729.4 2956,696 2945.2,683 2948.6,673.18 2956,\
658 2961.7,646.33 2973.3,651.67 2979,640 2982.9,632.01 2984.3,627.17 2979,620 2963.3,598.57 2941.6,619.9 2922,602 2894.9,577.31 \
2917.8,549.85 2890,526 2865,504.53 2849.2,518.7 2818,508 2778.5,494.44 2772.4,480.75 2732,470 2657.7,450.23 2635,468.64 2560,452\
 2533.4,446.1 2528.5,438.4 2502,432 2447,418.72 2428,436.33 2376,414 2351,403.26 2352.8,387.13 2328,376 2285.6,356.99 2269.7,370.7\
 2225,358 2202,351.46 2198.1,344.41 2175,338 2109.3,319.75 2030.3,309.39 1984.9,304.51", lp="2934.5,583"];
	5 -> 14 [label="  1.0", pos="e,2451.2,113.18 3269.1,846.11 3264.3,823.59 3255.8,784.88 3247,752 3224.5,667.63 3228.3,642.45 3190,564 3163.3,509.27 3141,505.03\
 3111,452 3038.8,324.33 3098.1,234.18 2978,150 2935.9,120.49 2579.2,114.47 2461.5,113.28", lp="3164.5,489"];
	5 -> 13 [label="  1.0", pos="e,3686.9,225.84 3298.5,858.09 3346.8,843.62 3451.5,805.45 3505,734 3567.8,650.13 3657.7,332.94 3684.3,235.59", lp="3607.5,536"];
	5 -> 12 [label="  1.0", pos="e,2020,404.07 3247.2,858.95 3199.7,847.5 3095.2,821.02 3010,790 2971.1,775.85 2963.6,766.87 2925,752 2850,723.11 2825.2,731.41 2753\
,696 2659.4,650.07 2656.1,602.03 2559,564 2402.9,502.87 2336.4,582.05 2186,508 2142.3,486.48 2149,456.68 2107,432 2083.4,418.12\
 2074,422.71 2048,414 2042,411.98 2035.6,409.73 2029.4,407.5", lp="2683.5,630"];
	5 -> 11 [label="  1.0", pos="e,4085.7,508.08 3300.3,864.4 3361.3,862.59 3513.3,855.45 3637,828 3719.5,809.7 3972,733.56 4012,696 4063,648.13 4079.4,562.99 4084.6\
,518.27", lp="4053.5,677"];
	5 -> 10 [label="  1.0", pos="e,3371.2,602.27 3293.6,852.53 3302.4,846.22 3311.9,837.81 3318,828 3340.3,791.91 3361,669.28 3369.7,612.41", lp="3363.5,724"];
	5 -> 9 [label="  1.0", pos="e,1563.2,678.26 3246.2,861.73 3198.9,855.83 3097.2,842.64 3012,828 2967.8,820.4 2957.1,816.55 2913,808 2736.4,773.74 2691.6,768.61\
 2515,734 2471.8,725.53 2461.7,719.33 2418,714 2216.7,689.44 2164.6,704.52 1962,696 1818.4,689.96 1647.5,682.15 1573.4,678.73", lp="2828.5,771"];
	5 -> 8 [label="  1.0", pos="e,2162.5,774.83 3246.1,862.78 3150.8,854.95 2821.2,828.03 2549,808 2432.2,799.4 2402.6,801.37 2286,790 2247.2,786.22 2202.9,780.43\
 2172.6,776.24", lp="2819.5,818"];
	5 -> 7 [label="  1.0", pos="e,2638.1,958.15 3246.8,869.81 3223.4,873.99 3188,879.99 3157,884 3115.2,889.41 3006.6,884.94 2968,902 2955.9,907.34 2958,916.56 \
2946,922 2893.5,945.68 2723.8,954.81 2648.1,957.78", lp="2980.5,912"];
	5 -> 6 [label="  1.0", pos="e,1925.2,19.223 3300.2,863.35 3338.1,860.25 3408.2,851.57 3463,828 3477,821.96 3477.6,815.34 3491,808 3509.9,797.67 3518.5,802.5\
 3536,790 3689.2,680.87 3664.1,585.01 3813,470 3902,401.22 3955.1,431.82 4040,358 4142.3,269.02 4254.9,214.64 4193,94 4179.8,68.216\
 4167.5,65.097 4140,56 4085.5,37.971 2224.7,21.727 1935.6,19.309", lp="3890.5,442"];
	5 -> 4 [label="  1.0", pos="e,3172.4,1046.5 3272.2,884.09 3270,915.6 3261.1,978.69 3226,1016 3214.2,1028.6 3197.2,1037.3 3182,1043.1", lp="3275.5,959"];
	5 -> 3 [label="  1.0", pos="e,2205.4,1230.3 3252.5,877.38 3232,889.51 3199.4,908.14 3170,922 3108.6,950.93 3093.1,958.76 3028,978 2946.3,1002.2 2924,1001.2 \
2840,1016 2786.9,1025.3 2772.1,1020.2 2720,1034 2521.8,1086.4 2296.4,1187.8 2214.7,1225.9", lp="2732.5,1053"];
	5 -> 2 [label="  1.0", pos="e,1620.9,1316.2 3246.6,869.9 3220,875.45 3178.3,885.87 3145,902 3131.2,908.66 3131.2,916.34 3117,922 3097.8,929.67 1656.4,1114.2\
 1641,1128 1591.4,1172.6 1606.2,1260.9 1618.2,1306.4", lp="1891.5,1100"];
	5 -> 1 [label="  1.0", pos="e,3082,1136.4 3300,866.86 3387.4,874.02 3653.1,905.16 3586,1016 3473,1202.7 3321.1,1080.9 3108,1128 3102.5,1129.2 3096.9,1130.9 \
3091.5,1132.8", lp="3606.5,1006"];
	5 -> 0 [label="  1.0", pos="e,2041.1,1428.9 3300.1,865.92 3369.8,868.61 3553.6,877.85 3609,902 3632.7,912.32 3636.9,919.81 3653,940 3779.9,1099 3768.1,1314.3\
 3580,1392 3507.2,1422.1 2282.1,1428 2051.3,1428.9", lp="3748.5,1147"];
	4 -> 15 [label="  1.0", pos="e,1974.1,306.41 3130.9,1037.4 3125.1,1031.1 3118.8,1023.6 3114,1016 3084.9,969.56 3101.7,944.42 3067,902 3010.4,832.82 2970.4,845.1\
 2900,790 2822,728.9 2785.5,725.27 2735,640 2695.4,573.13 2752.7,520.89 2694,470 2661.6,441.94 2544.3,458.58 2502,452 2423.8,\
439.84 2404.3,435.19 2328,414 2226.7,385.85 2205,367.05 2104,338 2063.4,326.32 2016.1,315.48 1984.3,308.59", lp="2787.5,677"];
	4 -> 14 [label="  1.0", pos="e,2451.1,114.51 3143.4,1034 3132.9,983.3 3098.4,842.12 3024,752 2968,684.21 2901.9,717.79 2861,640 2851.1,621.26 2908.2,431.75 2863\
,282 2842.7,214.74 2836,186.51 2776,150 2749.5,133.89 2546,120.18 2461.1,115.1", lp="2880.5,583"];
	4 -> 13 [label="  1.0", pos="e,3704.7,223.89 3174,1050.1 3225.2,1044.3 3334.2,1030.7 3369,1016 3418.5,995.17 3419,970.9 3463,940 3506.3,909.58 3523.9,913.23 \
3568,884 3678.6,810.66 3730.6,809.11 3800,696 3837.3,635.27 3819.1,464.32 3811,432 3791.3,353.5 3738.9,272.16 3710.6,232.22", lp="3832.5,630"];
	4 -> 12 [label="  1.0", pos="e,2014,409.34 3122.9,1043.8 3108.3,1037.5 3089.9,1028 3076,1016 3028.8,975.14 3042.8,940.85 2994,902 2901.2,828.22 2608.7,747.55\
 2502,696 2439,665.55 2426,652.61 2364,620 2265.9,568.35 2234.7,567.26 2141,508 2128.7,500.23 2060.5,446.27 2022.1,415.81", lp="2607.5,724"];
	4 -> 11 [label="  1.0", pos="e,4100.1,505.74 3174.1,1051.8 3244.4,1048.5 3430.6,1037.9 3488,1016 3502.3,1010.6 3502.6,1003.4 3516,996 3574,964.1 3590.3,957.81\
 3654,940 3702.6,926.43 3717.1,934.08 3766,922 3901.5,888.56 3956.3,892.57 4051,790 4126.7,708.02 4108.2,657.56 4110,546 4110.1\
,537.11 4112.4,534.55 4110,526 4108.9,522.1 4107.2,518.21 4105.3,514.5", lp="4092.5,771"];
	4 -> 10 [label="  1.0", pos="e,3386.3,600.04 3172.3,1046.3 3193.2,1040.1 3223.2,1029.9 3247,1016 3350.5,955.65 3343.6,898.7 3394,790 3405.4,765.44 3412.6,760.53\
 3418,734 3425.8,696.15 3404.5,638.29 3397,620 3395.5,616.25 3393.6,612.44 3391.5,608.78", lp="3397.5,818"];
	4 -> 9 [label="  1.0", pos="e,1561.1,684.4 3120.1,1051 3070.3,1047.3 2960.6,1039.4 2868,1034 2700.1,1024.3 2657.5,1031.5 2490,1016 2474.6,1014.6 2228.3,985.88\
 2215,978 2197,967.28 2203.6,952.79 2187,940 2042.7,829.08 1963.7,880.8 1806,790 1782.4,776.42 1782.5,763.79 1758,752 1725.9,736.58\
 1713.3,746.57 1680,734 1662.5,727.39 1660.1,721.52 1643,714 1619.4,703.62 1591.9,694.16 1570.7,687.4", lp="2103.5,865"];
	4 -> 8 [label="  1.0", pos="e,2161,779.09 3120,1051.2 3031.7,1045.2 2752,1026 2662,1016 2604.2,1009.6 2458.4,995.65 2403,978 2376.9,969.68 2312.3,941.53 2293\
,922 2253.4,881.8 2279,845.76 2237,808 2231.8,803.3 2197.8,791.34 2170.7,782.28", lp="2305.5,912"];
	4 -> 7 [label="  1.0", pos="e,2637.9,961.89 3119.8,1051.6 3050.4,1047.8 2867.9,1036.2 2811,1016 2795.5,1010.5 2795.1,1002.3 2780,996 2736.6,977.96 2683.2,968.16\
 2648.2,963.26", lp="2823.5,1006"];
	4 -> 6 [label="  1.0", pos="e,1925.1,19.087 3174.2,1052.1 3248.1,1049.2 3450.8,1039.4 3513,1016 3527.3,1010.6 3527.1,1002.3 3541,996 3572.2,981.78 3582.8,986.43\
 3616,978 3772.5,938.26 3816.9,943.6 3967,884 4033.2,857.73 4044.1,839.46 4108,808 4217.2,754.19 4261.7,770.46 4358,696 4594.4\
,513.29 4835.7,333.39 4657,94 4630.3,58.22 4607.8,64.91 4564,56 4429.3,28.572 2248.9,20.187 1935.4,19.121", lp="4576.5,536"];
	4 -> 5 [label="  1.0", pos="e,3260.8,881.98 3162.6,1037.1 3168.4,1030.8 3174.8,1023.3 3180,1016 3202.3,984.51 3201.8,972.88 3222,940 3232.4,923.11 3244.9,904.7\
 3254.9,890.34", lp="3234.5,959"];
	4 -> 3 [label="  1.0", pos="e,2210.3,1240.3 3152.4,1071.6 3154.8,1083.1 3156,1097.9 3151,1110 3120.5,1183.7 3076.1,1187.4 2998,1204 2921.5,1220.3 2370,1236 \
2220.4,1240", lp="3154.5,1147"];
	4 -> 2 [label="  1.0", pos="e,1652.6,1328.1 3120.3,1056.8 3010.9,1072.4 2587.1,1131.6 2237,1166 2126.6,1176.8 2096.7,1161.7 1988,1184 1937.3,1194.4 1925.3,1201\
 1878,1222 1814,1250.4 1804.2,1270.1 1740,1298 1714.7,1309 1685.1,1318.6 1662.5,1325.2", lp="2000.5,1194"];
	4 -> 1 [label="  1.0", pos="e,3072.5,1130.4 3130.3,1068.1 3123.3,1074.7 3115.1,1082.6 3108,1090 3098.1,1100.4 3087.7,1112.3 3079.1,1122.6", lp="3120.5,1100"];
	4 -> 0 [label="  1.0", pos="e,2041.1,1428.9 3173,1058.8 3233.1,1072.9 3384.3,1113.3 3492,1184 3569.3,1234.7 3577.5,1354.4 3493,1392 3425.2,1422.2 2274.6,1428\
 2051.4,1428.9", lp="3559.5,1241"];
	3 -> 15 [label="  1.0", pos="e,1920.8,302.01 2163.7,1227.5 2159.7,1225.3 2155.3,1223.3 2151,1222 2036.4,1188.5 1728.9,1236.6 1614,1204 1596.8,1199.1 1596.1,1189.3\
 1579,1184 1484.9,1154.9 1451.9,1195.8 1358,1166 1141.3,1097.2 1079.7,1006.8 1011,790 968.04,654.42 964.99,604.58 1011,470 \
1026.9,423.55 1029.7,405.45 1069,376 1119.9,337.84 1144.2,348.09 1207,338 1276.6,326.81 1769.6,307.68 1910.5,302.39", lp="1023.5,771"];
	3 -> 14 [label="  1.0", pos="e,2397,113.69 2163.7,1227.5 2159.7,1225.3 2155.3,1223.3 2151,1222 2029.5,1186.6 1701.8,1244.5 1582,1204 1567.5,1199.1 1568.4,1189.1\
 1554,1184 1428.9,1139.7 1381.1,1210.1 1256,1166 1201,1146.6 1199.3,1119.5 1149,1090 1048.5,1031.2 991.91,1062.8 912,978 870.69\
,934.17 694.67,523.14 723,470 775.57,371.39 831.7,375.41 937,338 944.09,335.48 1194.6,283.24 1202,282 1266.9,271.19 1287.7,287.87\
 1349,264 1363.3,258.45 1362.6,249.06 1377,244 1447.6,219.28 1640.7,245.12 1713,226 1749.5,216.34 1754.6,203.66 1789,188 1829.3\
,169.65 1837.9,160.08 1881,150 1977.5,127.42 2280.5,117 2386.8,113.97", lp="791.5,677"];
	3 -> 13 [label="  1.0", pos="e,3719.2,208.22 2210.1,1240.4 2407.9,1235.9 3623.7,1208.5 3701,1204 3885,1193.3 3931.9,1194.7 4114,1166 4226,1148.3 4255.2,1145.3\
 4363,1110 4403.1,1096.9 4414.5,1094.8 4450,1072 4489.4,1046.6 4744.9,832.83 4764,790 4789,733.94 4847,686.48 4747,564 4729.4,542.44\
 4710.3,561.29 4687,546 4604.5,491.77 4618.1,441.24 4544,376 4513.3,349 4423.9,297.15 4386,282 4321.3,256.18 4302.8,254.86 \
4234,244 4136.4,228.59 3835.4,213.62 3729.4,208.69", lp="4811.5,724"];
	3 -> 12 [label="  1.0", pos="e,1968.9,397.01 2163.7,1227.6 2159.7,1225.4 2155.3,1223.3 2151,1222 2024.2,1183 1978.1,1248.3 1853,1204 1838.6,1198.9 1839.4,1189.2\
 1825,1184 1725.7,1148 1685.5,1206.7 1588,1166 1422.6,1097 1388.6,1006.1 1368,828 1357.2,734.89 1505.7,508.78 1591,470 1633.7\
,450.59 1651.7,470.09 1695,452 1709.1,446.1 1708.8,437.64 1723,432 1765.1,415.3 1894.4,403.05 1958.8,397.82", lp="1380.5,818"];
	3 -> 11 [label="  1.0", pos="e,4114.2,491.24 2210.2,1240.6 2379.9,1237.8 3292.9,1222.5 3572,1204 3732.1,1193.4 3772.3,1189.9 3931,1166 4145.1,1133.8 4216.7,1171.5\
 4409,1072 4609.8,968.12 4517.1,745.31 4382,564 4366,542.46 4359.6,536.81 4335,526 4298,509.73 4184,497.58 4124.3,492.15", lp="4537.5,865"];
	3 -> 10 [label="  1.0", pos="e,3401.3,583.65 2210.1,1240.6 2366.6,1238.5 3156.9,1226.8 3399,1204 3506.1,1193.9 3534,1193.3 3638,1166 3703.5,1148.8 4028,1024.8\
 4034,1016 4146,853.08 3933.3,769.49 3770,658 3734.8,633.97 3723.1,631.1 3682,620 3586.8,594.31 3470.2,586.44 3411.5,584.04", lp="4076.5,912"];
	3 -> 9 [label="  1.0", pos="e,1534.1,696.19 2163.7,1227.7 2159.6,1225.4 2155.3,1223.4 2151,1222 2066.9,1194.8 2038.9,1224.6 1953,1204 1929.7,1198.4 1926.2,1189.7\
 1903,1184 1865.5,1174.7 1758.7,1191.9 1730,1166 1685.4,1125.9 1730.8,1086.6 1702,1034 1684.9,1002.9 1669.4,1003.8 1645,978\
 1606.7,937.56 1588.4,933.11 1562,884 1549.8,861.3 1553.6,852.9 1547,828 1542.5,811.12 1539.9,807.23 1537,790 1532.9,765.38 1533.9\
,758.94 1533,734 1532.7,725.12 1532.6,722.88 1533,714 1533.1,711.46 1533.2,708.83 1533.4,706.2", lp="1657.5,959"];
	3 -> 8 [label="  1.0", pos="e,2129.5,789.65 2162.7,1228.1 2158.9,1226 2154.9,1223.8 2151,1222 2102.5,1199.1 2074.5,1210.1 2044,1166 2029.5,1145 2033.9,1135.4\
 2031,1110 2030,1101.2 2029.6,1098.8 2031,1090 2035.8,1060.4 2100.8,872.09 2126,799.49", lp="2070.5,1006"];
	3 -> 7 [label="  1.0", pos="e,2584.5,962.97 2189.3,1222.3 2200.7,1190.9 2227.9,1127.1 2271,1090 2362.7,1011 2507.2,976.94 2574.4,964.75", lp="2283.5,1100"];
	3 -> 6 [label="  1.0", pos="e,1870.9,19.239 2163.7,1227.5 2159.7,1225.3 2155.3,1223.3 2151,1222 2087.6,1203.6 1622.9,1208.4 1557,1204 1536.7,1202.6 1212.9,1170.2\
 1193,1166 1126.3,1151.9 957.89,1109.6 901,1072 882.33,1059.7 884.62,1049 868,1034 695.09,878.33 574.84,922.89 439,734 399.5\
,679.08 353,509.64 353,442 353,442 353,442 353,113 353,68.98 392.2,69.815 434,56 503.69,32.963 1639.3,21.377 1860.7,19.331", lp="408.5,630"];
	3 -> 5 [label="  1.0", pos="e,3299.9,866.71 2210.1,1240.6 2343.7,1238.3 2933.9,1227 3116,1204 3344,1175.2 3467,1247 3616,1072 3654.3,1027 3662.5,989.95 3631\
,940 3614.8,914.24 3602.5,912.59 3574,902 3526.3,884.32 3379.3,872.26 3310,867.4", lp="3653.5,1053"];
	3 -> 4 [label="  1.0", pos="e,3158.4,1070.5 2210.4,1240.8 2339,1239.8 2884.6,1233.7 3052,1204 3106.7,1194.3 3138.3,1210.8 3171,1166 3189.6,1140.6 3176.3,1103.9\
 3163.3,1079.2", lp="3192.5,1147"];
	3 -> 0 [label="  1.0", pos="e,2029.7,1413.3 2170,1258.3 2161.2,1269.8 2149.2,1285 2138,1298 2104.2,1337.1 2062.5,1380.2 2037.1,1405.9", lp="2133.5,1335"];
	3 -> 2 [label="  1.0", pos="e,1654.1,1332.6 2157.5,1247.6 2111.7,1259.2 2012.7,1283.4 1928,1298 1833.5,1314.3 1721.1,1326.2 1664.1,1331.6", lp="2038.5,1288"];
	2 -> 15 [label="  1.0", pos="e,1920.8,301.91 1599.7,1334.5 1475.6,1332.2 966.95,1321.4 900,1298 872.64,1288.4 868.78,1279.1 847,1260 833.06,1247.8 629.05,1031.6\
 619,1016 589.99,970.99 572.14,954.97 580,902 599.42,771.04 596.79,726.09 676,620 737.96,537.02 949.01,371.5 1047,338 1067.8,\
330.9 1743.2,307.86 1910.7,302.24", lp="606.5,818"];
	2 -> 14 [label="  1.0", pos="e,2396.8,113.73 1599.6,1334.5 1467.6,1331.9 899.83,1319.6 824,1298 790.71,1288.5 784.45,1279.7 756,1260 702.87,1223.2 692.56,1209.8\
 645,1166 627.43,1149.8 625.3,1143.4 607,1128 573.75,1100.1 558.92,1101.4 527,1072 447.15,998.43 407.85,986.13 371,884 350.64\
,827.57 285.75,867.49 386,620 410.51,559.5 439.05,558.01 481,508 544.08,432.79 538.05,388.88 622,338 723.46,276.51 766.18,302.7 \
883,282 1002.8,260.78 1032.8,254.68 1154,244 1208.6,239.19 1598.5,251.61 1647,226 1665.5,216.2 1659.4,201.98 1675,188 1700.2,165.45\
 1708.5,159.62 1741,150 1802.9,131.63 2253.1,117.76 2386.7,114.01", lp="363.5,724"];
	2 -> 13 [label="  1.0", pos="e,3719.3,207.66 1654,1333.6 1724.7,1330 1920.7,1320.4 2084,1316 2563.3,1303 3766.1,1326.6 4241,1260 4529,1219.6 4641.1,1278.7 4878\
,1110 4999.5,1023.5 5010.3,968.66 5060,828 5085.2,756.51 5108.6,725.45 5074,658 5074,658 4550,282 4550,282 4516.1,262 4508.2,253.57\
 4470,244 4397.9,225.93 3875.2,211.59 3729.6,207.92", lp="5099.5,771"];
	2 -> 12 [label="  1.0", pos="e,1969.1,396.69 1599.7,1333.8 1487.6,1328.9 1066.8,1309.6 1041,1298 955.58,1259.4 792.25,1030.1 818,940 845.04,845.37 863.47,819.6\
 935,752 1061.6,632.33 1125.9,647.08 1279,564 1325.1,538.97 1338.7,536.2 1383,508 1406.8,492.81 1408.1,481.25 1434,470 1475.4,\
452.03 1489.7,460.7 1534,452 1575.9,443.77 1585.8,438.59 1628,432 1748.4,413.19 1892.6,401.93 1959.1,397.37", lp="866.5,865"];
	2 -> 11 [label="  1.0", pos="e,4114.1,490.15 1654,1333.6 1724.7,1329.9 1920.7,1320.1 2084,1316 2139,1314.6 4013.6,1315 4066,1298 4080.5,1293.3 4080.1,1284.4 \
4094,1278 4215,1221.8 4258.1,1245.3 4385,1204 4407.8,1196.6 4411.8,1189.8 4435,1184 4508.7,1165.7 4536.3,1198.4 4605,1166 4809.7\
,1069.4 4773.6,840.64 4640,658 4598.7,601.61 4576.4,595.47 4514,564 4468.2,540.89 4455,537.48 4405,526 4305.1,503.07 4184.1,493.97\
 4124.2,490.68", lp="4760.5,912"];
	2 -> 10 [label="  1.0", pos="e,3347.2,586.49 1600.1,1333.4 1521.7,1327.1 1292,1297.7 1175,1166 1096.3,1077.5 1171.8,851.9 1175,846 1220.8,762.4 1260.5,760.02\
 1344,714 1408.5,678.43 1427.8,672.67 1500,658 1868.2,583.15 2814.9,624.64 3190,602 3241.1,598.92 3299.8,592.32 3336.9,587.77", lp="1163.5,959"];
	2 -> 9 [label="  1.0", pos="e,1510.5,684.18 1601.1,1329.3 1528.3,1311.8 1321.6,1250.9 1241,1110 1235.8,1100.8 1213.1,902.24 1281,808 1291.5,793.48 1301.5,798.95\
 1317,790 1370,759.36 1377.2,741.36 1432,714 1454.1,702.97 1480.3,693.67 1500.9,687.15", lp="1246.5,1006"];
	2 -> 8 [label="  1.0", pos="e,2109,773.2 1611.4,1319 1606,1312.8 1600.2,1305.4 1596,1298 1587.2,1282.5 1586.1,1277.6 1583,1260 1558.3,1119 1525.7,1047.8 1620\
,940 1638.3,919.05 1655,934.26 1680,922 1693.7,915.27 1693.9,907.97 1708,902 1748.8,884.72 1764.4,899.13 1806,884 1838.2,872.3 \
1841.5,859.52 1873,846 1898.2,835.17 1907.4,840.13 1932,828 1945.7,821.24 1946,814.15 1960,808 2005.4,788.06 2062.2,778.62 2098.8\
,774.33", lp="1576.5,1053"];
	2 -> 7 [label="  1.0", pos="e,2583.8,960.27 1624.8,1316 1621.4,1275.5 1619.5,1180.2 1670,1128 1746.5,1048.9 1792.9,1063.2 1899,1034 1951.4,1019.6 1966.8,1027\
 2020,1016 2053.8,1009 2061,1001.7 2095,996 2187.3,980.53 2471.2,965.73 2573.7,960.76", lp="1682.5,1147"];
	2 -> 6 [label="  1.0", pos="e,1871,19.124 1599.6,1334.6 1457.7,1332.6 810.05,1322 724,1298 563.27,1253.1 236.38,943.53 171,790 142.62,723.36 140,702.43 140,\
630 140,630 140,630 140,113 140,70.778 176.09,69.792 216,56 296.29,28.252 1620.1,20.379 1860.7,19.174", lp="155.5,677"];
	2 -> 5 [label="  1.0", pos="e,3247.6,871.97 1642,1318.8 1664.3,1295.4 1708.4,1251.5 1752,1222 1784,1200.4 1793.7,1197 1830,1184 1998.6,1123.5 2044.9,1117.1 \
2222,1090 2337.8,1072.3 2370.3,1096 2485,1072 2534,1061.7 2543.6,1050.2 2591,1034 2642.7,1016.3 2654.6,1007.6 2708,996 2777.9,980.87\
 2797.5,990.29 2868,978 2940,965.45 2956.3,954.15 3028,940 3078.3,930.07 3094.5,941.43 3142,922 3156.2,916.21 3156.5,909.1 3170\
,902 3191.6,890.69 3217.4,881.42 3237.8,874.99", lp="2234.5,1100"];
	2 -> 4 [label="  1.0", pos="e,3119.9,1054.9 1650.2,1324.8 1665.3,1317.9 1685.3,1308.2 1702,1298 1785.5,1247.2 1795.4,1208.6 1890,1184 1978.1,1161.1 2004.4,1181.7\
 2094,1166 2158.8,1154.6 2172.2,1139.2 2237,1128 2324,1113 2949.3,1067.3 3109.6,1055.7", lp="1902.5,1194"];
	2 -> 3 [label="  1.0", pos="e,2161.6,1253.2 1654.1,1333.8 1735.7,1330.1 1978.5,1317.7 2055,1298 2089.9,1289 2127.2,1271.3 2152.5,1258", lp="2121.5,1288"];
	2 -> 1 [label=" 10.0", pos="e,3031.9,1148.7 1653.9,1332.1 1698.1,1327.1 1788.8,1315.5 1864,1298 1893,1291.2 1899.5,1286.6 1928,1278 2012.7,1252.4 2032.1,1238.5\
 2119,1222 2302.7,1187.1 2351.6,1199.1 2538,1184 2719.3,1169.3 2936.4,1154.9 3021.9,1149.4", lp="2133,1241"];
	2 -> 0 [label="  1.0", pos="e,1987.9,1423.5 1652.3,1341.9 1693.2,1352.9 1776.2,1375 1847,1392 1892,1402.8 1944.1,1414.2 1978,1421.4", lp="1859.5,1382"];
	1 -> 15 [label="  1.0", pos="e,1920.6,302.04 3032,1146.7 2855.8,1144.8 1874.9,1133.2 1744,1110 1639.2,1091.4 1620.1,1060.2 1517,1034 1472.4,1022.7 1458.6,1030.8\
 1415,1016 1294.5,975.14 1238.6,984.84 1161,884 1023.3,704.99 982.46,497.24 1173,376 1195.1,361.96 1205.6,369.74 1229,358 1242.7\
,351.13 1242.6,343.05 1257,338 1288,327.14 1770.8,307.82 1910.4,302.43", lp="1085.5,724"];
	1 -> 14 [label="  1.0", pos="e,2451,113.5 3081.4,1136.4 3089.6,1133 3099,1129.8 3108,1128 3329.6,1084.5 3903.1,1156.8 4124,1110 4283.9,1076.1 4584.8,765.14 4690\
,640 4773.2,541.06 4866.4,493.26 4812,376 4776,298.42 4748.8,281.65 4672,244 4481.7,150.7 4408.3,213.8 4201,170 4167.2,162.87\
 4160.2,154.85 4126,150 4083.4,143.94 2706.6,118.23 2461.2,113.69", lp="4719.5,630"];
	1 -> 13 [label="  1.0", pos="e,3719,207.91 3081.4,1136.4 3089.6,1133.1 3099,1129.8 3108,1128 3292.9,1091.4 3773.4,1156.7 3956,1110 4108.3,1071 4149.5,1020.1 \
4228,884 4302.1,755.6 4349.7,709.62 4322,564 4301.6,456.87 4272.5,375.5 4157,282 4091.1,228.7 3827.3,212.55 3729.1,208.33", lp="4341.5,677"];
	1 -> 12 [label="  1.0", pos="e,1970,400.46 3031.8,1146.9 2908.5,1146.4 2401.9,1142.4 2247,1110 2200.9,1100.4 2190.5,1092.3 2148,1072 2140.4,1068.4 2024.7,999.48\
 2017,996 1994.4,985.71 1986.9,987.65 1964,978 1929.6,963.51 1922.6,956.4 1889,940 1862.7,927.17 1790.7,904.59 1770,884 1711.8\
,826.2 1677.8,793.53 1698,714 1733.1,575.79 1738.5,519.62 1851,432 1859.6,425.26 1919.9,411.32 1960,402.61", lp="1709.5,771"];
	1 -> 11 [label="  1.0", pos="e,4106,502.71 3081.4,1136.4 3089.6,1133.1 3099.1,1129.8 3108,1128 3147.7,1120.1 3801.2,1128.9 3837,1110 3873.9,1090.6 3865.6,1066.3\
 3892,1034 3983.8,921.61 4049.9,922.53 4109,790 4156.9,682.68 4169,634.58 4124,526 4121.5,520.05 4117.6,514.56 4113.2,509.73", lp="4112.5,818"];
	1 -> 10 [label="  1.0", pos="e,3400.9,585.95 3081.4,1136.4 3089.6,1133.1 3099.1,1129.8 3108,1128 3144.5,1120.7 3750.3,1134.9 3778,1110 3847.1,1048 3818.6,992\
 3796,902 3789.1,874.61 3781,869.94 3766,846 3730.9,789.89 3630.2,651.54 3572,620 3544.7,605.22 3460.2,593.16 3410.8,587.14", lp="3801.5,865"];
	1 -> 9 [label="  1.0", pos="e,1539.5,696.09 3031.8,1146.6 2873.8,1144.2 2078,1131 2031,1110 1966.2,1081 1981.7,1029.4 1919,996 1884.5,977.64 1868.7,993.72 1833\
,978 1806.5,966.34 1806.8,951.02 1780,940 1733,920.67 1710.2,948.82 1667,922 1588.2,873.11 1553.9,759.55 1541.7,705.97", lp="1679.5,912"];
	1 -> 8 [label="  1.0", pos="e,2135.6,790.21 3031.9,1146.5 2909.9,1144.4 2413.9,1134.1 2349,1110 2323.2,1100.4 2320.7,1090.2 2300,1072 2282.1,1056.2 2280.3,1049.3\
 2262,1034 2228.4,1006 2205.3,1014.4 2181,978 2144.2,923.04 2136.9,843.14 2135.8,800.47", lp="2193.5,959"];
	1 -> 7 [label="  1.0", pos="e,2630.9,972.07 3034.1,1139.4 2975.8,1121.1 2826.3,1072.3 2708,1016 2684.1,1004.6 2658.3,989.32 2639.3,977.43", lp="2851.5,1053"];
	1 -> 6 [label="  1.0", pos="e,1870.8,19.454 3031.8,1146.7 2849,1144.3 1803.1,1129.8 1663,1110 1596.6,1100.6 1572.5,1109.6 1517,1072 1499.6,1060.2 1507.4,1044.1\
 1489,1034 1438.4,1006.2 1287.4,1021.4 1230,1016 1088.3,1002.6 1038.4,1043.5 912,978 840.82,941.11 429,522.17 429,442 429,442\
 429,442 429,113 429,9.4101 552.4,70.292 655,56 776.79,39.035 1666.2,22.963 1860.6,19.63", lp="545.5,583"];
	1 -> 5 [label="  1.0", pos="e,3289.3,880.25 3082.9,1137.6 3148.1,1111.7 3325.2,1039.9 3340,1016 3366.5,973.25 3325.3,918.23 3296.7,887.8", lp="3359.5,1006"];
	1 -> 4 [label="  1.0", pos="e,3120.4,1056.5 3054.5,1128.3 3052.7,1116.3 3052.5,1101.1 3060,1090 3071.4,1073.1 3092.2,1063.9 3110.5,1058.9", lp="3072.5,1100"];
	1 -> 3 [label="  1.0", pos="e,2209.7,1238.1 3032.1,1149.9 2905.2,1163.5 2366.5,1221.3 2219.9,1237", lp="2711.5,1194"];
	1 -> 2 [label=" 10.0", pos="e,1653.9,1332.3 3031.7,1147.3 2927.4,1148.7 2543.6,1155.5 2229,1184 2105.2,1195.2 2070,1183.1 1952,1222 1885.1,1244 1879.2,1274 \
1813,1298 1763.1,1316.1 1702.2,1326.1 1664,1331", lp="1966,1241"];
	0 -> 14 [label="  1.0", pos="e,2396.7,113.7 1986.7,1428.8 1766.9,1427.2 292.2,1415.3 202,1392 149.45,1378.4 94,1389.3 94,1335 94,1335 94,1335 94,724 94,688.99\
 115.04,685.27 137,658 214.01,562.34 429.86,332.06 542,282 618.65,247.78 644,256.52 727,244 1063.5,193.25 1152.1,218.04 1489,170\
 1536.5,163.23 1547.4,155.53 1595,150 1751.6,131.83 2246.1,117.69 2386.5,113.97", lp="106.5,771"];
	1 -> 0 [label="  1.0", pos="e,2041.1,1428.8 3082,1157.6 3090,1160.9 3099.3,1164.1 3108,1166 3143.4,1173.6 3406.1,1159.8 3433,1184 3501.6,1245.9 3502.5,1331.1\
 3433,1392 3406.2,1415.4 2272.7,1426.7 2051.3,1428.7", lp="3496.5,1288"];
	0 -> 13 [label="  1.0", pos="e,3719,207.09 2041.4,1428.9 2336.6,1428 4925.5,1419.1 5084,1392 5153.1,1380.2 5231,1405.1 5231,1335 5231,1335 5231,1335 5231,630\
 5231,402.3 5061.2,378.52 4855,282 4798.9,255.76 4782.2,253.63 4721,244 4524.2,213.02 3890.1,207.94 3729.3,207.14", lp="5243.5,818"];
	0 -> 12 [label="  1.0", pos="e,1968.8,395.9 1987,1428.7 1806.5,1426.6 779.34,1413.6 642,1392 552.8,1378 447,1425.3 447,1335 447,1335 447,1335 447,1147 447,1036.3\
 451.85,1005.2 492,902 509.23,857.72 648.04,662.53 654,658 915.03,459.77 1031.9,481.17 1356,432 1473.5,414.17 1840.3,400.34 \
1958.7,396.24", lp="504.5,912"];
	0 -> 11 [label="  1.0", pos="e,4114.1,489.56 2041.2,1428.9 2314.8,1427.6 4560,1416 4698,1392 4774.9,1378.6 4864,1413 4864,1335 4864,1335 4864,1335 4864,1006 \
4864,768.33 4769.7,681.23 4563,564 4518.4,538.69 4504.1,537.09 4454,526 4335.3,499.71 4190.8,492.06 4124.1,489.87", lp="4875.5,959"];
	0 -> 10 [label="  1.0", pos="e,3400.9,584.77 2041.1,1428.7 2251.9,1426.7 3634.5,1412.6 4052,1392 4187.8,1385.3 4661,1470.9 4661,1335 4661,1335 4661,1335 4661\
,1194 4661,1085.6 4566.4,1095.2 4477,1034 4314.9,923.04 4256.4,925.62 4086,828 3961.6,756.78 3938.9,724.63 3812,658 3774.6,638.38\
 3765.8,630.78 3725,620 3666.4,604.52 3489,590.88 3411.2,585.47", lp="4461.5,1006"];
	0 -> 9 [label="  1.0", pos="e,1509.3,680.73 1986.8,1428.7 1799.8,1426.3 707.7,1407.9 617,1298 611.34,1291.1 613.59,1286.2 617,1278 631.23,1243.8 1058.8,827.94\
 1090,808 1191.4,743.21 1228.1,746.39 1344,714 1397,699.18 1460,688.28 1499,682.29", lp="862.5,1053"];
	0 -> 8 [label="  1.0", pos="e,2109,772.69 1987,1428.8 1847.2,1427.6 1212.6,1420.6 1183,1392 1170.8,1380.2 1180.7,1370.9 1180,1354 1173.7,1193.5 1099.9,1090.3\
 1230,996 1427.7,852.79 1507.7,860.77 1746,808 1812.7,793.23 2014.9,778.85 2098.9,773.35", lp="1171.5,1100"];
	0 -> 7 [label="  1.0", pos="e,2584,960.46 1987.3,1425.2 1941.6,1418.8 1845.2,1404.9 1764,1392 1517,1352.7 1082.3,1491.2 1213,1278 1309.2,1121.1 1412.7,1162.2\
 1582,1090 1651.7,1060.3 1670,1054.4 1743,1034 1821.3,1012.2 1841.4,1006.7 1922,996 2070.3,976.41 2108.7,986.02 2258,978 2373.2\
,971.81 2509.6,964.46 2573.9,961", lp="1310.5,1194"];
	0 -> 6 [label="  1.0", pos="e,1871,19.282 1986.7,1428.8 1754,1426.6 108.78,1410.7 62,1392 27.255,1378.1 0,1372.4 0,1335 0,1335 0,1335 0,113 0,75.241 27.903,\
69.929 63,56 106.32,38.809 1603.8,22.13 1860.7,19.391", lp="12.5,724"];
	0 -> 5 [label="  1.0", pos="e,3300.2,866.22 2041.4,1428.7 2314.3,1425.9 4532,1400.7 4532,1335 4532,1335 4532,1335 4532,1147 4532,940.79 3839.7,939.78 3637,902\
 3519,880.01 3376.9,870.32 3310.5,866.76", lp="4544.5,1147"];
	0 -> 4 [label="  1.0", pos="e,3173.5,1057.4 2041,1428.9 2238.3,1428.2 3450.5,1422.8 3521,1392 3593.8,1360.2 3613.1,1292.2 3576,1222 3517.4,1111.3 3447.8,1123\
 3327,1090 3278,1076.6 3220.3,1065.6 3183.7,1059.1", lp="3602.5,1241"];
	0 -> 3 [label="  1.0", pos="e,2181.8,1260.2 2039.2,1421.7 2069.9,1411.5 2121.1,1390.1 2150,1354 2169.3,1330 2177.3,1295.1 2180.6,1270.4", lp="2181.5,1335"];
	0 -> 2 [label="  1.0", pos="e,1653.9,1337 1990.8,1418.9 1956.9,1404.3 1895.3,1378.3 1872,1372 1799.7,1352.3 1712.3,1342.3 1663.9,1337.9", lp="1936.5,1382"];
	0 -> 1 [label="  1.0", pos="e,3045.5,1163.8 2041.2,1427.9 2161.3,1422.1 2652.5,1387.5 2998,1204 3013.3,1195.9 3027.6,1182.9 3038.5,1171.4", lp="2836.5,1288"];
	1 -> 0 [color=blue, pos="e,2041.1,1428.9 3079,1159.9 3085.3,1162.3 3092.3,1164.6 3099,1166 3174.7,1182.2 3377.9,1149 3447,1184 3529.5,1225.8 3530,1351.3 \
3447,1392 3382.4,1423.7 2270.1,1428.3 2051.2,1428.9"];
	0 -> 2 [color=blue, pos="e,1654.1,1336.1 1996.3,1414.6 1983.2,1401.1 1964.8,1381.6 1944,1372 1894.5,1349.2 1736.9,1339.8 1664.2,1336.5"];
	1 -> 6 [color=blue, pos="e,1925.4,19.039 3081.4,1136.4 3089.6,1133 3099,1129.7 3108,1128 3242.2,1101.9 4202.6,1129 4338,1110 4377.7,1104.4 4649.5,1032.5 \
4686,1016 4700.6,1009.4 4702.2,1004.1 4716,996 4890.3,894.04 4981.6,936.16 5121,790 5174.8,733.56 5193,707.98 5193,630 5193,630 \
5193,630 5193,113 5193,-20.1 5031.4,69.541 4899,56 4590.5,24.453 2260.9,19.583 1935.7,19.055"];
	1 -> 14 [color=blue, pos="e,2396.9,113.55 3032,1146.6 2873.7,1144.3 2069.8,1131.4 1962,1110 1921,1101.9 1647.9,995.62 1610,978 1409.4,884.65 1367.9,844.14\
 1176,734 1032.6,651.71 937.22,689.44 855,546 800.07,450.18 885.2,369.71 991,338 1081.2,310.98 1109.9,339.39 1202,320 1253,309.26\
 1263.3,297.83 1313,282 1339.9,273.42 1347.2,272.91 1374,264 1398.3,255.93 1402.9,249.14 1428,244 1585.4,211.73 1634.3,269.17 1789\
,226 1857.6,206.87 1861.7,169.99 1930,150 2015.6,124.96 2286.8,116.2 2386.7,113.79"];
	1 -> 13 [color=blue, pos="e,3719,208.05 3081.4,1136.4 3089.6,1133 3099,1129.8 3108,1128 3320.4,1086.2 3870.3,1155.3 4082,1110 4124.1,1101 4133.1,1092.3 4171\
,1072 4198.2,1057.4 4202,1048.9 4229,1034 4245.7,1024.7 4252.3,1026.8 4268,1016 4343,964.45 4320.6,913.1 4382,846 4411.6,813.72\
 4428.4,816.77 4463,790 4513.6,750.87 4534.2,747.61 4572,696 4588,674.15 4590.1,666.44 4596,640 4651.3,390.8 4429.3,298.75 4180\
,244 4094,225.12 3827.5,212.56 3729.1,208.46"];
	1 -> 15 [color=blue, pos="e,1921.5,305.22 3031.9,1146.6 2855.4,1144.1 1875.8,1129.2 1816,1110 1758.4,1091.5 1754.7,1065.5 1703,1034 1658.8,1007.1 1638.5,1013.7\
 1601,978 1408.4,794.57 1275.4,685.47 1356,432 1371.5,383.35 1376.8,361.71 1422,338 1459.7,318.22 1762.6,323.81 1805,320 1841.3\
,316.74 1882.6,311.04 1911.4,306.73"];
	1 -> 12 [color=blue, pos="e,1971.7,403.73 3031.9,1146.5 2906.3,1143.8 2383.6,1131.6 2314,1110 2302.6,1106.5 1954.9,893.75 1948,884 1894.6,808.65 1889.9,559.4\
 1913,470 1917.6,452.26 1916.7,445.63 1929,432 1938.1,421.86 1950.7,413.91 1962.5,408.02"];
	1 -> 11 [color=blue, pos="e,4113.9,491.05 3081.4,1136.4 3089.6,1133.1 3099.1,1129.8 3108,1128 3196.8,1110.4 3836,1135.2 3923,1110 3954.4,1100.9 3959,1090.5\
 3986,1072 4075.9,1010.4 4112.2,1007.3 4180,922 4222.3,868.77 4287.5,707.03 4299,640 4307.7,589.64 4324.5,557.21 4284,526 4259.5\
,507.1 4174,496.6 4124,491.95"];
	1 -> 10 [color=blue, pos="e,3399.7,589.33 3082,1136.3 3090,1133 3099.2,1129.8 3108,1128 3205.1,1107.8 3459.1,1138.8 3554,1110 3584.9,1100.6 3595,1096.6 3616\
,1072 3708.5,963.36 3703.1,880.93 3642,752 3597.2,657.6 3471.4,610.25 3409.4,592.1"];
	1 -> 9 [color=blue, pos="e,1536.3,696.06 3032,1146.6 2871.1,1144.3 2044.9,1131.3 1996,1110 1933.7,1082.9 1953.2,1029.4 1894,996 1849.3,970.79 1829.5,991.43\
 1780,978 1747.1,969.06 1666.3,939.47 1637,922 1614.5,908.6 1607.7,904.92 1592,884 1549.5,827.49 1547.7,804.17 1539,734 1537.9\
,724.95 1537.2,715.05 1536.7,706.07"];
	1 -> 8 [color=blue, pos="e,2154.3,784.98 3031.7,1146 2927.8,1142 2559.6,1127 2510,1110 2410.6,1076 2391,1049.4 2314,978 2243.5,912.56 2246.9,877.1 2180,808\
 2174.6,802.38 2168.3,796.74 2162.3,791.61"];
	1 -> 5 [color=blue, pos="e,3300.2,867.34 3082,1136.3 3090,1133.1 3099.2,1129.8 3108,1128 3196.8,1109.3 3430,1138.9 3516,1110 3576,1089.8 3599.9,1074.9 3623\
,1016 3646,957.42 3598.2,923.44 3539,902 3497.8,887.06 3373.5,874.1 3310.5,868.27"];
	1 -> 7 [color=blue, pos="e,2625.2,975.51 3032.1,1144.4 2976.3,1138.1 2844.5,1119.1 2745,1072 2699.4,1050.4 2656.6,1009.4 2632.2,983.14"];
	1 -> 4 [color=blue, pos="e,3146.3,1072.2 3084.5,1140.3 3100.7,1134.8 3120.8,1125.3 3133,1110 3139.3,1102.2 3142.8,1091.9 3144.7,1082.3"];
	1 -> 3 [color=blue, pos="e,2210,1240.1 3033,1152.4 2977.3,1163.8 2842.3,1190.3 2728,1204 2537.8,1226.8 2308.3,1236.6 2220.1,1239.8"];
	1 -> 0 [color=red, pos="e,2041.3,1429 3083.8,1155.1 3094.1,1159.1 3105.9,1163.6 3117,1166 3192.7,1182.2 3395.9,1149 3465,1184 3547.5,1225.8 3548,1351.3 \
3465,1392 3399.9,1423.9 2272.5,1428.4 2051.4,1428.9"];
	0 -> 2 [color=red, pos="e,1654.1,1335.7 2007.3,1410.6 1997.6,1397.5 1980.8,1380.7 1962,1372 1910.3,1348.1 1740.2,1339 1664.2,1336.1"];
}
