digraph tree {
	node [label="\N"];
	graph [bb="0,0,5173,1448"];
	0 [pos="2100,1429", width="0.75", height="0.52778"];
	2 [pos="2219,1335", width="0.75", height="0.52778"];
	6 [pos="3307,19", width="0.75", height="0.52778"];
	14 [pos="2368,113", width="0.75", height="0.52778"];
	13 [pos="2416,207", width="0.75", height="0.52778"];
	15 [pos="1974,301", width="0.75", height="0.52778"];
	12 [pos="3530,395", width="0.75", height="0.52778"];
	11 [pos="3578,489", width="0.75", height="0.52778"];
	10 [pos="3573,583", width="0.75", height="0.52778"];
	9 [pos="2532,677", width="0.75", height="0.52778"];
	8 [pos="3419,771", width="0.75", height="0.52778"];
	5 [pos="2102,865", width="0.75", height="0.52778"];
	7 [pos="1706,959", width="0.75", height="0.52778"];
	4 [pos="3179,1053", width="0.75", height="0.52778"];
	1 [pos="2128,1147", width="0.75", height="0.52778"];
	3 [pos="3833,1241", width="0.75", height="0.52778"];
	0 -> 15 [label="  1.0", pos="e,1947,301.66 2072.8,1428.9 1871.3,1428.1 617.72,1421.8 544,1392 509.29,1378 482,1372.4 482,1335 482,1335 482,1335 482,1006 482,\
868.66 556.41,844.42 658,752 763.08,656.4 1046,435.5 1175,376 1229.3,350.97 1245.1,348.16 1304,338 1427.1,316.76 1814.4,305.13 1936.6\
,301.93", lp="560.5,865"];
	3 -> 1 [label="  1.0", pos="e,2155.4,1147.4 3805.9,1240 3690.2,1235.7 3240.7,1218.2 3179,1204 3156.5,1198.8 3153.6,1188.9 3131,1184 3035.5,1163.1 2335.8,1150.4\
 2165.4,1147.6", lp="3191.5,1194"];
	7 -> 5 [label="  1.0", pos="e,2076.9,872.39 1728.5,948.26 1735,945.37 1742.2,942.38 1749,940 1778.5,929.65 1789.4,936.64 1817,922 1829,915.66 1827.6,907.35 \
1840,902 1916.7,869.04 1944.7,898.29 2027,884 2040.1,881.72 2054.3,878.35 2066.8,875.08", lp="1852.5,912"];
	15 -> 13 [label="  1.0", pos="e,2389.8,211.64 1999.5,294.76 2044.3,283.9 2139.8,261.06 2221,244 2276.3,232.39 2340.7,220.48 2379.9,213.42", lp="2233.5,254"];
	15 -> 12 [label="  1.0", pos="e,3502.8,393.39 2001.3,301.22 2187.8,302.79 3269.7,312.94 3334,338 3346.6,342.92 3344.9,351.95 3357,358 3400.5,379.73 3456.4,388.74\
 3492.7,392.44", lp="3369.5,348"];
	15 -> 14 [label="  1.0", pos="e,2345.5,123.74 1996.6,290.22 2063.2,258.42 2259.1,164.95 2336.3,128.14", lp="2222.5,207"];
	15 -> 11 [label="  1.0", pos="e,3551.2,486.73 2001.4,301.53 2115.6,303.86 2554.7,314.21 2691,338 2805.8,358.04 2827.5,392.17 2942,414 3037.1,432.12 3063.2,418.2\
 3159,432 3202.6,438.28 3212.5,445.04 3256,452 3358.7,468.46 3481,480.44 3541.1,485.83", lp="2954.5,395"];
	15 -> 10 [label="  1.0", pos="e,3547.9,575.88 2001.1,301.85 2072,304.37 2268.5,313.22 2430,338 2469.6,344.08 2478.8,349.58 2518,358 2557.5,366.47 2568.8,362.86\
 2607,376 2642.7,388.29 2647.3,401.69 2683,414 2801.3,454.79 2837.7,439.18 2959,470 3014.9,484.19 3027.3,493.33 3083,508 3158.7\
,527.93 3177.5,534.59 3255,546 3360.4,561.53 3388.8,547.49 3494,564 3508.5,566.28 3524.4,569.86 3538,573.3", lp="2878.5,442"];
	15 -> 9 [label="  1.0", pos="e,2508.4,667.7 2000.1,306.45 2039.8,316.45 2111,341.78 2111,395 2111,536 2111,536 2111,536 2111,583.75 2101,609.78 2138,640 2166.9\
,663.66 2437.3,651.12 2474,658 2482.1,659.52 2490.7,661.88 2498.7,664.43", lp="2123.5,489"];
	15 -> 8 [label="  1.0", pos="e,3393.8,763.53 2001,301.84 2076.4,304.45 2287.5,313.8 2352,338 2366.3,343.37 2366.9,350.1 2380,358 2459.6,406.07 2480.5,417.82 \
2567,452 2570.4,453.34 2814.6,524.79 2818,526 2839.8,533.72 2844,538.84 2866,546 2898.6,556.63 2909.5,550.37 2941,564 2982.5,581.99\
 2990,592.61 3026,620 3066.9,651.08 3066.8,673.55 3113,696 3151.6,714.79 3166.1,704.39 3208,714 3270.5,728.35 3342.5,748.6 3384.2\
,760.71", lp="2878.5,536"];
	15 -> 7 [label="  1.0", pos="e,1679.6,954.36 1950.7,311.08 1937.5,317.53 1921.3,326.78 1909,338 1826.1,413.93 1846.2,468.26 1765,546 1731.2,578.31 1716.1,577.96\
 1676,602 1633,627.81 1613,622.05 1578,658 1545.6,691.34 1541.2,706.41 1532,752 1516,831.45 1531.9,875.15 1598,922 1619.4,937.13\
 1647.4,946.5 1669.6,952.02", lp="1652.5,630"];
	15 -> 6 [label="  1.0", pos="e,3279.9,19.224 1946.8,299.93 1801.4,294.08 1120,264.74 1035,226 1001.8,210.87 989.54,203.45 975,170 958.16,131.25 971.06,82.631\
 1008,56 1031.9,38.742 2975,21.783 3269.7,19.309", lp="987.5,160"];
	15 -> 5 [label="  1.0", pos="e,2078.5,855.66 1958.4,316.79 1942.8,334.34 1921,364.28 1921,395 1921,583 1921,583 1921,583 1921,631.21 1956.8,751.63 1986,790 2007.6\
,818.38 2043.3,839.1 2069.3,851.48", lp="1934.5,583"];
	15 -> 4 [label="  1.0", pos="e,3152.9,1047.4 2001,302.9 2040.9,306.37 2117.7,315.57 2179,338 2257.5,366.74 2269.8,389.8 2342,432 2470,506.81 2496.2,536.1 2629\
,602 2728.3,651.27 2756.6,656 2860,696 2881.6,704.37 2891.6,698.61 2909,714 2981.1,777.88 2983.5,791.78 2957,828 2941.3,849.43 \
2915.7,824.57 2900,846 2890,859.62 2893,868.63 2900,884 2944.9,982.58 3078.4,1028.2 3143.1,1045", lp="2872.5,677"];
	15 -> 3 [label="  1.0", pos="e,3852.3,1227.5 2001,301.44 2218.3,304.99 3674.1,329.05 3718,338 3741.5,342.78 3744.9,351.91 3768,358 4006.5,420.72 4085.6,349.33\
 4318,432 4447.6,478.12 4496.4,500.17 4564,620 4700.7,862.1 4614.6,907.44 4604,922 4588.9,942.82 4569.5,924.49 4549,940 4492.5,\
982.75 4432.4,1170.4 4370,1204 4320.6,1230.6 3918.9,1206.2 3865,1222 3863.8,1222.4 3862.6,1222.8 3861.3,1223.2", lp="4646.5,771"];
	15 -> 2 [label="  1.0", pos="e,2192,1332.5 1947.1,302.75 1893.4,306.57 1769.3,317.03 1667,338 1608,350.09 1587.7,343.51 1537,376 1518.2,388.07 1523.9,403.81 \
1504,414 1464.5,434.23 1341.2,406.3 1305,432 1203.5,504.04 1118.1,870.04 1180,978 1308.1,1201.3 1441.8,1178.4 1686,1260 1778.9,1291\
 2076.8,1321.5 2181.9,1331.6", lp="1174.5,818"];
	15 -> 1 [label="  1.0", pos="e,2101,1145.7 1947,302.54 1895.3,305.97 1785.1,315.75 1755,338 1724.6,360.47 1746.1,389.98 1717,414 1645.4,472.99 1594.7,421.01 \
1516,470 1420.9,529.2 1407.5,563.03 1348,658 1315.3,710.18 1248.1,862.52 1264,922 1276.4,968.55 1280.2,986.06 1318,1016 1339.8,1033.3\
 1353.7,1020.5 1378,1034 1422.6,1058.8 1416.8,1090.6 1464,1110 1478.6,1116 1953.3,1138.8 2090.9,1145.3", lp="1330.5,724"];
	15 -> 0 [label="  1.0", pos="e,2073,1428.7 1946.8,302.27 1853.7,306.71 1548,322.16 1451,338 1384.4,348.87 1368.7,356.76 1304,376 1229.4,398.2 1202,387.65 1138\
,432 969.23,548.95 976.16,631.2 846,790 756.93,898.66 723.58,917.53 645,1034 599.73,1101.1 558,1113.1 558,1194 558,1335 558,1335\
 558,1335 558,1386.2 608.72,1378.3 658,1392 727.61,1411.4 1844.2,1425.9 2063,1428.6", lp="810.5,865"];
	14 -> 15 [label="  1.0", pos="e,1988,284.6 2341.2,116.51 2291.5,123.87 2182.7,144.03 2102,188 2059.1,211.4 2018.3,251.55 1994.8,277.16", lp="2114.5,207"];
	14 -> 13 [label="  1.0", pos="e,2410.1,188.27 2381.1,129.76 2385.5,135.91 2390.3,143.07 2394,150 2398.8,159 2403.1,169.29 2406.6,178.62", lp="2415.5,160"];
	14 -> 12 [label="  1.0", pos="e,3543.1,378.26 2395.2,114.49 2459.7,117.99 2627.7,126.84 2768,132 2806.3,133.41 3425.6,129.49 3458,150 3537.1,200.08 3531.3,246.93\
 3553,338 3555.1,346.65 3555.4,349.45 3553,358 3551.9,361.9 3550.2,365.79 3548.3,369.5", lp="3549.5,254"];
	14 -> 11 [label="  1.0", pos="e,3597.7,475.66 2395.2,114.51 2459.7,118.05 2627.7,126.97 2768,132 2850.5,134.96 3430.5,131.61 3511,150 3550.9,159.12 3564.5,160.64\
 3595,188 3688.7,272.09 3705.8,310.53 3739,432 3754.7,489.66 3666.4,450.22 3610,470 3609,470.36 3607.9,470.76 3606.9,471.19", lp="3713.5,301"];
	14 -> 10 [label="  1.0", pos="e,3551.6,571.23 2395.2,114.46 2459.7,117.9 2627.7,126.61 2768,132 2785.1,132.66 3371.1,137.74 3383,150 3435.6,204.2 3432.5,262.92\
 3383,320 3345.9,362.73 3294.1,295.27 3257,338 3251.2,344.72 3252.9,350.1 3257,358 3288.4,418.87 3469.3,525.02 3542.4,566.1", lp="3269.5,348"];
	14 -> 9 [label="  1.0", pos="e,2512.7,663.7 2341.3,117.07 2282.2,126.09 2144.9,147.2 2135,150 1949.8,202.57 1699.4,173.67 1755,358 1792.6,482.62 1805.4,534.95\
 1917,602 2065.5,691.26 2132.5,623.59 2305,640 2391.6,648.24 2417.2,631.12 2500,658 2501.2,658.39 2502.4,658.84 2503.6,659.32", lp="1784.5,395"];
	14 -> 8 [label="  1.0", pos="e,3426.9,752.82 2395.2,114.38 2459.8,117.65 2627.7,126.03 2768,132 2794.6,133.13 3227.6,130.86 3246,150 3298.4,204.42 3283.2,254.25\
 3246,320 3238.3,333.53 3223.7,324.47 3216,338 3211.6,345.74 3215.3,349.14 3216,358 3219.1,400.12 3211.7,413.93 3230,452 3259.4\
,513.22 3292.4,510.29 3334,564 3382.5,626.58 3407.8,638.03 3430,714 3432.7,723.38 3431.8,733.83 3429.6,743.19", lp="3242.5,442"];
	14 -> 7 [label="  1.0", pos="e,1678.8,957.85 2341.8,117.93 2316.6,122.45 2277.3,128.89 2243,132 2110.2,144.04 1772.6,118.4 1643,150 1403.4,208.43 1250.6,200.66\
 1165,432 1085.9,645.91 1222.9,750.75 1408,884 1435.5,903.78 1442.1,910.7 1474,922 1540,945.36 1621.8,954.03 1668.5,957.21", lp="1155.5,536"];
	14 -> 6 [label="  1.0", pos="e,3280.3,21.678 2395.1,110.29 2528.6,96.927 3115.9,38.128 3269.9,22.712", lp="2933.5,66"];
	14 -> 5 [label="  1.0", pos="e,2074.9,862.63 2341.8,117.82 2316.5,122.25 2277.3,128.63 2243,132 2065.5,149.43 2018.4,123.68 1842,150 1774.8,160.02 1755.6,159.49\
 1694,188 1628.3,218.39 1602.9,222.96 1561,282 1526.7,330.3 1533.9,355.5 1543,414 1553.4,480.79 1618.3,640.57 1657,696 1670.8\
,715.85 1677.6,718.26 1696,734 1706.1,742.67 1709.9,743.26 1720,752 1738,767.65 1737.9,777.12 1758,790 1799.1,816.31 1813.8,815.79\
 1861,828 1931.9,846.31 2017,856.77 2064.7,861.63", lp="1582.5,489"];
	14 -> 4 [label="  1.0", pos="e,3151.9,1051.1 2395,114.23 2494.7,120.49 2841.6,157.83 2929,376 2943.3,411.63 2922.2,434.5 2888,452 2852.1,470.4 2834.3,450.43 \
2799,470 2769,486.62 2758.7,494.16 2746,526 2733.1,558.35 2749.6,570.76 2765,602 2769.2,610.63 2774.2,610.8 2777,620 2779.6,628.51\
 2783,633.4 2777,640 2750.7,669.18 2627.3,628.82 2601,658 2589.7,670.54 2597.1,679.56 2601,696 2611.7,741.46 2626.6,748.49 2648\
,790 2693.3,877.88 2687.1,919.77 2767,978 2826.8,1021.6 3052.3,1043.3 3141.9,1050.3", lp="2777.5,583"];
	14 -> 3 [label="  1.0", pos="e,3852.2,1227.5 2395.2,114.54 2459.7,118.14 2627.6,127.19 2768,132 3147,145 3242.3,130.94 3621,150 3833.4,160.69 3886.2,168.57 4098\
,188 4492.7,224.22 4652.3,191.62 4765,282 4800.5,310.48 4939,601.98 4964,640 5004.4,701.41 5065,697.48 5065,771 5065,912 5065\
,912 5065,912 5065,1110.9 4914.7,1141.1 4726,1204 4635.2,1234.2 3957,1195.7 3865,1222 3863.8,1222.3 3862.6,1222.8 3861.3,1223.2", lp="5034.5,677"];
	14 -> 2 [label="  1.0", pos="e,2191.9,1334.3 2340.9,113.3 2143.3,115.55 928.68,130.13 854,150 835.94,154.81 834.31,162.95 817,170 790.03,180.99 778.87,172.86\
 754,188 704.99,217.84 610.22,329.21 577,376 533.5,437.27 516.84,453.01 499,526 460.65,682.86 495.15,736.56 561,884 598.32,967.56\
 586.17,1001.9 645,1072 692.94,1129.1 713.57,1141.5 784,1166 884.18,1200.9 923.2,1145.4 1022,1184 1034.7,1189 1059.8,1213 1070,\
1222 1087.8,1237.9 1086.3,1250.1 1108,1260 1207.6,1305.2 1999.7,1329.1 2181.8,1334", lp="510.5,724"];
	14 -> 1 [label="  1.0", pos="e,2101.1,1145.6 2340.7,113.07 2150.7,113.64 1029.9,118.37 966,150 744.98,259.43 722.02,378.71 671,620 647.8,729.71 645.91,767.05\
 658,790 714.17,896.67 790.96,863.34 884,940 915.06,965.59 971.98,1054 1008,1072 1074,1104.9 1100.5,1076.5 1173,1090 1206.9,1096.3\
 1213.9,1104.9 1248,1110 1463.5,1142.3 1520.3,1118.7 1738,1128 1867.5,1133.5 2021.2,1141.4 2090.7,1145", lp="683.5,630"];
	14 -> 0 [label="  1.0", pos="e,2072.7,1428.9 2341,113.32 2135.6,115.77 826.15,132.08 745,150 634.4,174.42 612.54,207.76 527,282 483.32,319.91 474.79,332.21 437\
,376 367.88,456.09 340.52,470.51 291,564 252.94,635.85 178,830.69 178,912 178,1335 178,1335 178,1335 178,1382 222.06,1378.3 267\
,1392 355.95,1419 1809.4,1427.5 2062.5,1428.8", lp="226.5,771"];
	13 -> 15 [label="  1.0", pos="e,2000.9,299.03 2392.5,216.46 2360,229.15 2299.5,251.51 2246,264 2163.3,283.31 2063.9,293.67 2011.2,298.18", lp="2324.5,254"];
	13 -> 14 [label="  1.0", pos="e,2362.4,131.7 2393.2,196.67 2382.5,190.55 2371,181.69 2365,170 2360.6,161.47 2360,151.26 2360.9,141.85", lp="2377.5,160"];
	13 -> 12 [label="  1.0", pos="e,3525.8,376.02 2443,207.19 2557.9,208.18 3005.7,213.91 3143,244 3166.4,249.12 3170.3,256.56 3193,264 3288.1,295.09 3313.4,297.94\
 3411,320 3451.6,329.19 3470.1,312.43 3503,338 3512.1,345.08 3518.3,355.98 3522.4,366.37", lp="3423.5,301"];
	13 -> 11 [label="  1.0", pos="e,3557.7,476.26 2443.3,207.58 2559.7,210.18 3011.7,221.63 3071,244 3122.2,263.32 3117,299.98 3168,320 3256.8,354.89 3294.1,300.85\
 3382,338 3394.5,343.27 3394.6,349.31 3405,358 3456.2,400.78 3468.1,412.68 3522,452 3530.7,458.34 3540.4,464.91 3549.2,470.73", lp="3417.5,348"];
	13 -> 10 [label="  1.0", pos="e,3552.4,570.3 2443.2,207.22 2551.5,208.32 2948,214.33 2995,244 3084.5,300.49 3033,380.5 3111,452 3155.9,493.12 3178.1,489.13 3236\
,508 3313.3,533.21 3334.9,531.66 3415,546 3469.4,555.74 3485.6,546.55 3538,564 3539.7,564.56 3541.4,565.19 3543,565.88", lp="3092.5,395"];
	13 -> 9 [label="  1.0", pos="e,2512.1,664.03 2416,226.24 2415.6,255.11 2413.7,311.23 2405,358 2390.7,434.72 2365.5,448.81 2354,526 2352.7,534.79 2351.1,537.61\
 2354,546 2371.7,596.44 2384.1,611.03 2429,640 2456.4,657.64 2469.9,645.56 2500,658 2501,658.42 2502,658.87 2503.1,659.34", lp="2394.5,442"];
	13 -> 8 [label="  1.0", pos="e,3399.4,757.61 2443,207.93 2523.4,210.95 2756.7,221.59 2782,244 2839.9,295.39 2765.7,358.83 2820,414 2844,438.43 2864.5,416.27 \
2895,432 2968.1,469.78 2964.3,516.03 3041,546 3084.3,562.92 3101.8,544.5 3144,564 3227.4,602.53 3228.1,642.89 3303,696 3315.7,704.99\
 3319.8,705.7 3333,714 3352.4,726.26 3374,740.54 3390.6,751.74", lp="2993.5,489"];
	13 -> 7 [label="  1.0", pos="e,1679.4,955.51 2389.4,210.43 2354.8,214.75 2292.5,222.08 2239,226 2137.4,233.44 1879.1,216.55 1781,244 1664.5,276.59 1618.3,281.35\
 1543,376 1402.2,553.03 1425.3,674.64 1511,884 1518.8,903.17 1520.7,910.56 1538,922 1559.2,936.05 1626.7,947.79 1669.4,954.07", lp="1460.5,583"];
	13 -> 6 [label="  1.0", pos="e,3280.8,24.525 2442.2,201.48 2569.5,174.61 3123.6,57.695 3270.9,26.612", lp="2962.5,113"];
	13 -> 5 [label="  1.0", pos="e,2075.3,861.45 2388.9,209.84 2337.8,215.35 2223.5,228.33 2128,244 1959.3,271.67 1856.7,200.56 1755,338 1692.5,422.48 1829,707.44\
 1894,790 1912.6,813.63 1922.5,815.8 1950,828 1987.5,844.62 2033.6,854.51 2065.1,859.82", lp="1781.5,536"];
	13 -> 4 [label="  1.0", pos="e,3187.5,1034.6 2440.6,215.39 2456.6,221.64 2477.3,231.29 2493,244 2583.6,317.47 2563.6,377.16 2653,452 2694.5,486.7 2709.7,490.78\
 2761,508 2805.9,523.08 2823.3,505.63 2866,526 2969.5,575.31 2961.4,637.47 3060,696 3113.4,727.7 3154.3,699.87 3188,752 3206.8\
,781.03 3203.7,957.75 3193,1016 3192.5,1018.9 3191.7,1021.9 3190.8,1024.8", lp="3003.5,630"];
	13 -> 3 [label="  1.0", pos="e,3852.3,1227.5 2443.1,207.95 2545.2,211.57 2915.9,225.3 3221,244 3337.1,251.12 3366,255.34 3482,264 3911.7,296.06 4034.2,246.02\
 4445,376 4478.1,386.47 4696.8,499.3 4719,526 4853.8,688.31 4828.4,772.27 4815,828 4790.5,929.4 4679.9,1100.3 4669,1110 4653.2,1124\
 4644.4,1119.7 4625,1128 4586.5,1144.4 4578.1,1151.2 4539,1166 4514.1,1175.4 4505.8,1172.1 4482,1184 4468.3,1190.8 4468.5,1199.1\
 4454,1204 4329.9,1245.9 3990.7,1185.4 3865,1222 3863.8,1222.4 3862.6,1222.8 3861.3,1223.2", lp="4837.5,724"];
	13 -> 2 [label="  1.0", pos="e,2191.9,1333.8 2389.4,210.61 2354.8,215.12 2292.5,222.66 2239,226 2127.3,232.98 1339.7,213.63 1232,244 1215.1,248.76 1213.3,255.36\
 1198,264 1183.5,272.24 1179.5,273.71 1165,282 1107.9,314.64 1096.3,327.56 1038,358 1020.7,367.02 1012.4,362.9 998,376 824.69\
,533.15 812.16,617.72 761,846 735.01,961.99 805.97,1004.8 904,1072 1065.9,1183 1563.4,1272.1 1758,1298 1914.6,1318.8 2102.8,1329.5\
 2181.5,1333.3", lp="794.5,771"];
	13 -> 1 [label="  1.0", pos="e,2101.1,1145.6 2389.4,210.59 2354.8,215.08 2292.5,222.59 2239,226 2140.5,232.27 1447,221.32 1351,244 1309,253.92 1216.9,314.04 \
1181,338 1168.3,346.49 1167,351.95 1153,358 1114.7,374.48 1088.1,344.37 1061,376 967.76,484.75 1024.6,928.5 1138,1016 1182.8,1050.6\
 1214.7,1006.2 1264,1034 1302,1055.4 1287,1090.4 1326,1110 1367,1130.6 1692.2,1125.9 1738,1128 1867.5,1134 2021.2,1141.6 2090.6\
,1145.1", lp="1033.5,677"];
	13 -> 0 [label="  1.0", pos="e,2073,1428.7 2389.4,210.62 2354.8,215.14 2292.5,222.69 2239,226 1997.6,240.92 1390,207.25 1151,244 1092.3,253.02 1076.5,256.42 \
1023,282 916.88,332.69 900.06,362.75 805,432 749.67,472.3 727.6,474.07 683,526 645.28,569.92 650.45,590.77 620,640 516.11,807.96\
 368,808.5 368,1006 368,1335 368,1335 368,1335 368,1397.3 435.24,1378.3 496,1392 574.88,1409.7 1830.1,1425.7 2063,1428.6", lp="472.5,818"];
	12 -> 15 [label="  1.0", pos="e,2001.2,301.18 3503.2,392.74 3451.2,388.01 3339,376.02 3305,358 3294.2,352.26 3297.2,343 3286,338 3226.3,311.37 2219.1,302.75 2011.3\
,301.25", lp="3317.5,348"];
	12 -> 14 [label="  1.0", pos="e,2395.2,114.48 3529.9,375.88 3529.3,364.63 3527.8,350.25 3524,338 3509.8,292.53 3461.6,174.84 3421,150 3390,131.08 2804.3,133.36\
 2768,132 2634.5,126.99 2476.1,118.8 2405.3,115.02", lp="3506.5,254"];
	12 -> 13 [label="  1.0", pos="e,2443.1,207.52 3519.4,377.47 3510.2,364.1 3495.7,346.58 3478,338 3426.9,313.25 3276.4,339.4 3223,320 3219.6,318.77 3121.4,245.2\
 3118,244 3055.3,221.83 2589.9,210.58 2453.5,207.74", lp="3235.5,301"];
	12 -> 11 [label="  1.0", pos="e,3556,477.59 3526.4,413.93 3525.1,425.51 3525.2,440.3 3531,452 3534.8,459.59 3540.9,466.1 3547.5,471.44", lp="3543.5,442"];
	12 -> 10 [label="  1.0", pos="e,3600.3,580.91 3556.6,398.49 3595.8,404.08 3666.3,416.06 3686,432 3700.5,443.76 3699.9,451.77 3704,470 3711.6,503.59 3714.1,522.49\
 3689,546 3667.6,566.05 3635.2,575.23 3610.2,579.44", lp="3721.5,489"];
	12 -> 9 [label="  1.0", pos="e,2552.1,663.89 3503,396.94 3456.9,400.71 3360.1,410.62 3281,432 3257.9,438.25 3253.9,445.12 3231,452 3112.8,487.5 3080.9,488.88\
 2959,508 2885.7,519.5 2863.5,502.92 2793,526 2744.4,541.92 2617.7,621.62 2560.7,658.37", lp="2805.5,536"];
	12 -> 8 [label="  1.0", pos="e,3443.5,763.03 3525.6,413.76 3524.3,419.59 3523,426.04 3522,432 3516.3,465.34 3501.8,705.84 3483,734 3475.8,744.85 3464.2,752.91\
 3452.9,758.7", lp="3521.5,583"];
	12 -> 7 [label="  1.0", pos="e,1679.9,953.15 3502.9,396.38 3436.1,399.76 3257.8,408.55 3109,414 2967,419.2 2609.1,402.95 2470,432 2466.9,432.64 2052.1,601.3 \
2049,602 1923.1,630.54 1882.3,581.56 1759,620 1650.5,653.82 1595.9,653.05 1540,752 1531.7,766.71 1535.6,773.68 1540,790 1544.4,806.35\
 1603.3,910.85 1616,922 1631.3,935.4 1652.1,944.38 1669.9,950.13", lp="1650.5,677"];
	12 -> 6 [label="  1.0", pos="e,3334,20.385 3556.3,389.82 3596.9,380.13 3670,355.16 3670,301 3670,301 3670,301 3670,113 3670,85.513 3668,72.426 3646,56 3622.2\
,38.23 3426.9,25.563 3344,20.934", lp="3682.5,207"];
	12 -> 5 [label="  1.0", pos="e,2127,857.21 3502.9,396.28 3436,399.41 3257.8,407.71 3109,414 3058.3,416.14 2701.2,416.11 2653,432 2612.1,445.5 2370.5,629.73 2338\
,658 2293.7,696.56 2284.1,708.14 2245,752 2216.2,784.33 2218.2,801.47 2184,828 2169.9,838.91 2152.1,847.44 2136.7,853.55", lp="2397.5,630"];
	12 -> 4 [label="  1.0", pos="e,3205.2,1047.2 3556,400.34 3590.3,407.44 3652.8,420.43 3706,432 3894.6,472.98 4154.7,355.31 4125,546 4118.3,589.33 4116.1,601.55\
 4095,640 4053.3,716.08 4031.2,728.46 3970,790 3942.5,817.62 3738.3,1001.8 3702,1016 3658.7,1032.9 3330.2,1028.8 3284,1034 3261\
,1036.6 3235.3,1041.2 3215.2,1045.2", lp="4057.5,724"];
	12 -> 3 [label="  1.0", pos="e,3852.3,1227.5 3556.6,398.65 3589.8,403.06 3648.5,410.34 3699,414 3760.3,418.44 4195.6,407.62 4252,432 4317.3,460.23 4451.7,592.27\
 4479,658 4533.6,789.5 4509.2,843.31 4463,978 4453.9,1004.6 4372.7,1188.8 4349,1204 4303.7,1233.1 3916.6,1206.8 3865,1222 3863.8\
,1222.4 3862.6,1222.8 3861.3,1223.2", lp="4521.5,818"];
	12 -> 2 [label="  1.0", pos="e,2246.1,1334.6 3557.2,396.07 3694.8,401.48 4308.3,425.94 4327,432 4356.3,441.49 4360,451.97 4385,470 4407.1,485.92 4408.2,496.83\
 4433,508 4474.6,526.72 4491.5,509.56 4534,526 4680.4,582.59 4728.4,596.97 4833,714 4907.3,797.14 4917.2,831.29 4942,940 4945.8\
,956.46 4946.1,961.6 4942,978 4919.3,1069.7 4898.4,1089.5 4843,1166 4795,1232.2 4790,1265.6 4715,1298 4711.3,1299.6 2567.4,1330.1\
 2256.4,1334.5", lp="4940.5,865"];
	12 -> 1 [label="  1.0", pos="e,2155,1144.7 3503.3,398.01 3468.5,402.53 3406.1,412.69 3356,432 3293.2,456.19 3286.6,480.94 3225,508 3148.3,541.68 3116.7,520.67\
 3045,564 3024.6,576.35 3028.3,591.28 3007,602 2957.6,626.79 2933.2,594.88 2884,620 2806.1,659.75 2856,738.91 2785,790 2729.1,830.26\
 2695.3,783.19 2631,808 2616.7,813.51 2617.2,822.4 2603,828 2545.4,850.65 2519.9,817.54 2465,846 2424.2,867.13 2432.7,895.79\
 2395,922 2377.7,934.06 2365.1,924.24 2351,940 2298.7,998.56 2360.3,1056.4 2303,1110 2283.4,1128.4 2210.3,1138.8 2165.1,1143.6", lp="2829.5,771"];
	12 -> 0 [label="  1.0", pos="e,2127.1,1428.8 3556.9,396.85 3611.7,400.57 3740.7,409.02 3849,414 3972.5,419.68 4283.5,409.21 4405,432 4528.6,455.2 4560.4,467.97\
 4672,526 4685.6,533.05 4685.7,540.47 4700,546 4762.2,570.14 4788,537.05 4849,564 4928.1,598.93 5076.7,769.49 5117,846 5141.4,\
892.41 5151,906.55 5151,959 5151,1335 5151,1335 5151,1335 5151,1364.5 5142.6,1377.3 5117,1392 5083.1,1411.5 2481,1426.9 2137.3,1428.8", lp="5160.5,912"];
	11 -> 15 [label="  1.0", pos="e,2001,301.33 3550.8,488.58 3478.2,487.11 3274.6,480.53 3108,452 3074,446.18 3067,437.74 3033,432 2925.8,413.91 2895.4,436.55 2789\
,414 2740,403.62 2731,390.08 2683,376 2610.8,354.82 2592.4,349.03 2518,338 2328.8,309.96 2099.4,303.13 2011.1,301.5", lp="2801.5,395"];
	11 -> 14 [label="  1.0", pos="e,2395.2,114.5 3587.5,471.04 3590.2,465.14 3592.7,458.44 3594,452 3595.8,443.3 3594.7,440.86 3594,432 3587.8,347.75 3596.7,322.7\
 3566,244 3555.1,215.98 3548.1,210.36 3528,188 3519.2,178.27 3495.2,154.65 3483,150 3445.9,135.88 2807.7,133.44 2768,132 2634.5,\
127.15 2476.1,118.88 2405.3,115.05", lp="3599.5,301"];
	11 -> 13 [label="  1.0", pos="e,2443.2,207.56 3551.6,484.01 3484.2,470.56 3301.5,429.67 3165,358 3140.6,345.19 3137.1,337.76 3116,320 3077.8,287.76 3079.1,263.51\
 3033,244 2979.8,221.45 2579,210.65 2453.5,207.79", lp="3177.5,348"];
	11 -> 12 [label="  1.0", pos="e,3543.1,411.76 3572.1,470.27 3568.2,458.9 3562.5,444.26 3556,432 3553.9,428 3551.4,423.91 3548.8,419.99", lp="3577.5,442"];
	11 -> 10 [label="  1.0", pos="e,3581.9,564.99 3584.7,507.52 3587.9,518.68 3590.5,533.18 3588,546 3587.4,549.1 3586.5,552.26 3585.5,555.38", lp="3600.5,536"];
	11 -> 9 [label="  1.0", pos="e,2555.9,668.01 3550.9,490.56 3486.3,494.49 3318.7,505.91 3180,526 3176.7,526.48 2707.3,619.14 2704,620 2655.1,632.87 2599.9,652.03\
 2565.5,664.52", lp="2993.5,583"];
	11 -> 8 [label="  1.0", pos="e,3446.1,770.15 3598.3,501.93 3602.1,504.11 3606.1,506.23 3610,508 3633,518.52 3641.5,514.5 3664,526 3785.4,587.98 3832.6,565.55\
 3795,640 3761.4,706.56 3726.1,708.51 3656,734 3588.3,758.61 3503.9,766.86 3456.3,769.62", lp="3815.5,630"];
	11 -> 7 [label="  1.0", pos="e,1708,939.88 3550.9,489.78 3412.1,493.8 2786.8,512.62 2748,526 2733.5,530.99 2734.4,540.72 2720,546 2631.7,578.51 2601.6,547.1 \
2509,564 2433.6,577.77 2250.1,634.81 2177,658 1977.4,721.32 1885.6,690.86 1745,846 1723.8,869.41 1714,904.94 1709.6,929.9", lp="1962.5,724"];
	11 -> 6 [label="  1.0", pos="e,3334,19.995 3597.7,475.62 3601.6,473.43 3605.8,471.43 3610,470 3670.6,449.21 3701,489.34 3753,452 3884.6,357.6 3917.4,224.11 3821\
,94 3798,63.02 3780.2,66.248 3743,56 3668.2,35.39 3435.4,24.12 3344.2,20.402", lp="3888.5,254"];
	11 -> 5 [label="  1.0", pos="e,2127.5,858.41 3550.9,490.63 3475.7,495.24 3258.3,509.11 3078,526 3040.7,529.49 2779.5,555.72 2743,564 2711.8,571.07 2498.3,641.32\
 2471,658 2419.5,689.48 2416,709.63 2373,752 2339.2,785.32 2340.2,806.38 2298,828 2251.6,851.77 2233.2,835.96 2182,846 2167.4\
,848.87 2151.4,852.55 2137.6,855.92", lp="2483.5,677"];
	11 -> 4 [label="  1.0", pos="e,3205.1,1048.1 3597.3,502.45 3601.3,504.69 3605.7,506.7 3610,508 3649.5,519.89 3952.5,496.12 3981,526 4045.1,593.31 4007.2,654.48\
 3959,734 3946.3,754.92 3643.8,1007.1 3621,1016 3554.2,1042 3370.3,1026.4 3299,1034 3270.7,1037 3238.9,1042.1 3215.1,1046.3", lp="3953.5,771"];
	11 -> 3 [label="  1.0", pos="e,3852.8,1227.9 3597.3,502.46 3601.3,504.69 3605.7,506.7 3610,508 3651.8,520.5 3964.5,503.73 4002,526 4080.2,572.48 4054.4,627.62\
 4083,714 4099.3,763.34 4117.8,776.78 4109,828 4069.2,1059.5 4030.3,1096.4 3986,1166 3973.7,1185.4 3971,1192.7 3951,1204 3917,1223.3\
 3901.4,1207.8 3865,1222 3864,1222.4 3862.9,1222.8 3861.9,1223.3", lp="4117.5,865"];
	11 -> 2 [label="  1.0", pos="e,2246.1,1334.6 3597.3,502.5 3601.3,504.73 3605.7,506.73 3610,508 3724.6,541.53 4034,487.4 4147,526 4197.7,543.32 4513,760.64 4538\
,808 4612.8,949.42 4599.5,1040 4501,1166 4422.4,1266.5 4372.3,1279.6 4246,1298 4194.8,1305.4 2528,1330.4 2256.3,1334.4", lp="4593.5,912"];
	11 -> 1 [label="  1.0", pos="e,2155.1,1145.3 3552.2,494.83 3492,509.22 3338.7,550.44 3228,620 3131.5,680.64 3138.8,740.69 3036,790 3004,805.34 2915.9,821.73 \
2881,828 2812.3,840.33 2792.7,829.13 2725,846 2635.1,868.38 2619.4,894.37 2531,922 2497.9,932.36 2479.4,915.3 2455,940 2400.6,995.09\
 2474.2,1057.8 2417,1110 2398.7,1126.7 2239.2,1139.5 2165.3,1144.6", lp="2990.5,818"];
	11 -> 0 [label="  1.0", pos="e,2127.1,1428.9 3597.3,502.52 3601.3,504.75 3605.7,506.74 3610,508 3675.3,526.97 4154.3,518.84 4222,526 4315,535.85 4338.8,539.22\
 4429,564 4614.1,614.85 4674.3,607.58 4834,714 4992.3,819.48 5019,909.76 5019,1100 5019,1335 5019,1335 5019,1335 5019,1372.4 4991.8\
,1378.2 4957,1392 4888.3,1419.3 2467.2,1427.8 2137.1,1428.9", lp="5024.5,959"];
	10 -> 15 [label="  1.0", pos="e,2001.1,302.44 3548,575.73 3532.5,571.56 3512.3,566.65 3494,564 3341.2,541.85 3300.8,559.71 3147,546 3013.1,534.07 2976.5,543.98\
 2847,508 2806.7,496.81 2799.9,485.16 2761,470 2616.3,413.67 2575.7,411.75 2430,358 2407.5,349.72 2403.3,343.59 2380,338 2310.5\
,321.3 2097.7,307.91 2011.2,303.01", lp="2723.5,442"];
	10 -> 14 [label="  1.0", pos="e,2395.2,114.42 3552.3,570.72 3547.7,568.29 3542.8,565.9 3538,564 3509.4,552.57 3500.2,556.02 3471,546 3340.5,501.17 3266.9,489.13\
 3224,358 3221.2,349.55 3218.2,344.7 3224,338 3262.6,293.71 3316.4,364.29 3355,320 3398.8,269.74 3377.2,204.63 3296,150 3271.6\
,133.62 2797.3,133.2 2768,132 2634.5,126.56 2476.1,118.58 2405.3,114.94", lp="3236.5,348"];
	10 -> 13 [label="  1.0", pos="e,2443.3,207.36 3552.9,570.23 3548.2,567.76 3543,565.48 3538,564 3434.5,533.59 3402.5,563.3 3296,546 3260.3,540.19 3252.3,534.08\
 3217,526 3178.1,517.1 3164.9,525.52 3129,508 3088.4,488.18 2861.6,261.55 2820,244 2754.4,216.34 2540.7,209.29 2453.5,207.55", lp="3028.5,395"];
	10 -> 12 [label="  1.0", pos="e,3553.5,404.62 3594.2,571 3602.9,564.78 3612.2,556.31 3617,546 3621.8,535.74 3622.9,502.35 3614,470 3608.9,451.6 3607.2,445.76 \
3594,432 3585.1,422.75 3573.4,415.08 3562.4,409.16", lp="3632.5,489"];
	10 -> 11 [label="  1.0", pos="e,3566.9,506.4 3564.1,565.04 3559.7,553.82 3555.8,539.07 3559,526 3559.8,522.53 3561.1,519.01 3562.5,515.6", lp="3571.5,536"];
	10 -> 9 [label="  1.0", pos="e,2557,669.67 3548,590.16 3532.5,594.29 3512.3,599.2 3494,602 3378.2,619.76 3347.8,610.31 3231,620 3139.8,627.57 3117.3,633.57 3026\
,640 2841.8,652.97 2793.8,632.3 2611,658 2596.4,660.05 2580.6,663.59 2567,667.06", lp="3243.5,630"];
	10 -> 8 [label="  1.0", pos="e,3445.6,767.31 3579.6,601.64 3589.7,634.23 3604.4,701.22 3567,734 3550.6,748.37 3494.2,759.55 3455.9,765.71", lp="3603.5,677"];
	10 -> 7 [label="  1.0", pos="e,1722.6,943.69 3553,595.97 3548.2,598.43 3543.1,600.65 3538,602 3451.1,625.1 2818.8,614.65 2729,620 2685.4,622.6 2380.6,648.37 \
2338,658 2323.1,661.38 2091.6,743.24 2079,752 2060.9,764.64 2065.6,778.11 2047,790 2037.1,796.36 1852.6,840.72 1842,846 1805.7,864.14\
 1801.2,876.06 1770,902 1756.6,913.14 1742.1,926 1730.3,936.69", lp="2091.5,771"];
	10 -> 6 [label="  1.0", pos="e,3334.1,19.161 3599.2,577.77 3732.9,551.01 4335.9,429.91 4373,414 4420.6,393.59 4469,399.78 4469,348 4469,348 4469,348 4469,113\
 4469,77.475 4547.7,94.046 4152,56 3840.9,26.088 3463,20.338 3344.4,19.25", lp="4481.5,301"];
	10 -> 5 [label="  1.0", pos="e,2128.9,862.52 3547.4,589.24 3531.9,592.98 3511.9,597.82 3494,602 3458.9,610.21 3449.4,609.28 3415,620 3392.2,627.12 3388.2,634.28\
 3365,640 3288.6,658.78 3267,647.9 3189,658 3029.7,678.62 2989.3,681.76 2832,714 2630.3,755.33 2585.2,789.16 2383,828 2296.2,\
844.66 2193,856.15 2139,861.53", lp="2844.5,724"];
	10 -> 4 [label="  1.0", pos="e,3205.9,1050.4 3587.9,599.26 3605.9,621.02 3632.5,660.97 3620,696 3592.5,773.4 3440.5,921.4 3381,978 3361.8,996.27 3358.7,1004.2\
 3335,1016 3296.9,1035 3248.6,1044.5 3216,1049.1", lp="3555.5,818"];
	10 -> 3 [label="  1.0", pos="e,3852.9,1228.1 3600,585.05 3651.7,589.37 3762.4,600.63 3795,620 3850.2,652.86 3838.1,688.99 3884,734 3893.5,743.34 3899.2,741.98\
 3908,752 3939.6,788.05 3944,801.15 3961,846 4017.6,995.42 4039.1,1089.1 3928,1204 3907.8,1224.9 3891.7,1210.5 3865,1222 3864,1222.4\
 3863,1222.9 3862,1223.4", lp="3999.5,912"];
	10 -> 2 [label="  1.0", pos="e,2246.1,1334.6 3600.1,584.87 3661.3,589.37 3808.8,601.81 3855,620 3869.2,625.61 3870.5,631.21 3883,640 3954.6,690.33 3987.2,686.24\
 4045,752 4088.6,801.58 4073,831.54 4113,884 4135.3,913.26 4159.2,906.31 4174,940 4238.2,1086.1 4261.8,1189.2 4145,1298 4136,\
1306.4 2524,1330.5 2256.4,1334.5", lp="4201.5,959"];
	10 -> 1 [label="  1.0", pos="e,2155.2,1145.9 3553.3,596.05 3542.8,603.08 3529.6,611.93 3518,620 3505.4,628.71 3504.1,634.18 3490,640 3443.8,659.02 3420.2,629.71\
 3379,658 3323,696.45 3358.4,752.14 3302,790 3254.3,822.02 3229,791.35 3174,808 3099.4,830.58 3089.1,856.89 3016,884 2987.1,894.73\
 2977,889.15 2949,902 2854.2,945.47 2840.8,974.66 2755,1034 2706.7,1067.4 2702.3,1090.3 2647,1110 2602,1126 2276.6,1140.9 2165.2\
,1145.5", lp="3103.5,865"];
	10 -> 0 [label="  1.0", pos="e,2127.2,1428.9 3599.7,585.76 3677.3,594 3909.2,620.22 4099,658 4197.1,677.53 4222.3,681.89 4317,714 4588.8,806.13 4660.7,867.52\
 4842,1090 4876.1,1131.9 4905,1140 4905,1194 4905,1335 4905,1335 4905,1335 4905,1377.2 4869,1378.4 4829,1392 4762.3,1414.7 2460,\
1427.2 2137.4,1428.8", lp="4791.5,1006"];
	9 -> 15 [label="  1.0", pos="e,1974,320.08 2508.4,667.68 2498,664 2485.6,660.15 2474,658 2317.4,628.95 2272.2,671.12 2116,640 2090.1,634.84 2085.1,628.13 2060\
,620 2032.7,611.17 2018.9,621.61 1998,602 1975.2,580.67 1974,567.21 1974,536 1974,536 1974,536 1974,395 1974,373.31 1974,348.8 \
1974,330.25", lp="1986.5,489"];
	9 -> 14 [label="  1.0", pos="e,2341.7,117.48 2512.7,663.49 2508.7,661.26 2504.3,659.27 2500,658 2382,623.53 2067,666.6 1947,640 1905,630.7 1893.1,626.82 1858\
,602 1839.2,588.75 1843.4,574.54 1823,564 1766.9,535.01 1738.4,574.38 1682,546 1663.8,536.86 1562.6,432.88 1555,414 1500.6,279.08\
 1729.6,214.57 1796,188 1981.9,113.6 2044.2,155.9 2243,132 2272.9,128.4 2306.7,123.19 2331.6,119.14", lp="1567.5,395"];
	9 -> 13 [label="  1.0", pos="e,2401.2,223.13 2512.7,663.66 2508.7,661.41 2504.3,659.37 2500,658 2452.6,642.92 2310.7,676.54 2277,640 2163.9,517.35 2332.3,302.08\
 2394.5,230.72", lp="2274.5,442"];
	9 -> 12 [label="  1.0", pos="e,3502.9,397.15 2533.2,657.86 2536.4,625.42 2547.8,559.85 2588,526 2621.5,497.77 2642.1,517.01 2685,508 2757.4,492.8 2773.8,480.61\
 2847,470 2984.5,450.07 3021.9,474.01 3159,452 3193.1,446.53 3200.1,438.6 3234,432 3326.2,414.04 3436.3,402.96 3492.7,398.02", lp="2600.5,536"];
	9 -> 11 [label="  1.0", pos="e,3550.6,489.81 2557.8,670.77 2600.4,660.48 2681,640.99 2684,640 2706,632.8 2709.5,625.26 2732,620 2852.6,591.81 2888.6,626.43 3010\
,602 3111.4,581.59 3129,548.5 3230,526 3341.2,501.21 3476.3,492.89 3540.5,490.2", lp="3132.5,583"];
	9 -> 10 [label="  1.0", pos="e,3547.5,589.94 2557,669.57 2572.4,665.35 2592.7,660.43 2611,658 2895.3,620.27 2971.7,677.41 3256,640 3294,634.99 3302.2,626.68 \
3340,620 3407.9,608 3426.2,614.08 3494,602 3508.4,599.44 3524.1,595.84 3537.6,592.46", lp="3352.5,630"];
	9 -> 8 [label="  1.0", pos="e,3391.9,769.97 2557.1,684.14 2572.5,688.26 2592.7,693.17 2611,696 2721.1,713.08 2750.6,698.83 2861,714 2905,720.05 2915,727.76 \
2959,734 3115.1,756.12 3302.9,766.09 3381.6,769.53", lp="2971.5,724"];
	9 -> 7 [label="  1.0", pos="e,1729.2,948.66 2507.6,685.52 2486.1,693.02 2454,704.23 2426,714 2318,751.74 2051.1,856.5 1940,884 1887.7,896.96 1870,881.77 1820\
,902 1805.8,907.74 1805.4,914.56 1792,922 1773.9,932.08 1768,931.81 1749,940 1745.6,941.47 1742,943.03 1738.4,944.58", lp="2178.5,818"];
	9 -> 6 [label="  1.0", pos="e,3304.2,38.153 2516.3,661.03 2511.4,654.95 2506.6,647.64 2504,640 2494.6,611.91 2486.1,584.17 2515,526 2559,437.55 2590.4,419.72\
 2679,376 2784.4,323.97 3104.5,337.86 3196,264 3265.2,208.14 3292.8,99.864 3302.5,48.027", lp="2868.5,348"];
	9 -> 5 [label="  1.0", pos="e,2127.4,858.19 2507.8,686.04 2491.6,692.63 2470.2,702.41 2453,714 2422.1,734.82 2363.8,812.32 2330,828 2269.9,855.88 2247.2,834.33\
 2182,846 2167.3,848.63 2151.3,852.27 2137.5,855.66", lp="2423.5,771"];
	9 -> 4 [label="  1.0", pos="e,3152.2,1050.7 2557.5,683.92 2572.9,687.91 2593,692.76 2611,696 2677.1,707.87 2696.3,696.1 2761,714 2766,715.38 2843.2,747.66 2846\
,752 2855.2,766.17 2856.5,776.75 2846,790 2824.5,817.23 2799.6,789.81 2770,808 2738.8,827.21 2717.3,853.73 2738,884 2776.5,940.38\
 2820.4,908.69 2881,940 2935.8,968.28 2940,992.55 2997,1016 3045,1035.7 3104.5,1045.3 3142.2,1049.6", lp="2750.5,865"];
	9 -> 3 [label="  1.0", pos="e,3833,1221.9 2557,684.38 2572.4,688.59 2592.7,693.51 2611,696 2841,727.3 2901.4,698.85 3133,714 3308.5,725.48 3354.1,719.71 3527\
,752 3617.7,768.94 3655,750.24 3727,808 3804.9,870.46 3833,906.18 3833,1006 3833,1147 3833,1147 3833,1147 3833,1168.7 3833,1193.2\
 3833,1211.7", lp="3844.5,959"];
	9 -> 2 [label="  1.0", pos="e,2246,1334.5 2557,684.37 2572.4,688.57 2592.7,693.49 2611,696 2719.8,710.92 3001,678.58 3105,714 3119.5,718.93 3118.6,728.93 3133\
,734 3268.2,781.54 3316.9,713.67 3455,752 3489.9,761.68 3492.7,778.51 3527,790 3550.7,797.94 3621.8,788.97 3638,808 3643.8,814.77\
 3639,819.17 3638,828 3625.2,938.63 3637.1,975.79 3581,1072 3518.9,1178.5 3481.5,1194.6 3377,1260 3358.4,1271.6 3350.3,1267.5\
 3331,1278 3317.6,1285.3 3317.5,1293.1 3303,1298 3252.4,1315.2 2440.3,1331 2256,1334.3", lp="3628.5,1006"];
	9 -> 1 [label="  1.0", pos="e,2135.2,1128.7 2538.6,695.49 2546,719.73 2554.4,762.4 2534,790 2530.8,794.27 2355.7,843.58 2351,846 2292.5,875.88 2276.6,887.64\
 2237,940 2192.6,998.64 2156.5,1077.9 2139.1,1119.3", lp="2280.5,912"];
	9 -> 0 [label="  1.0", pos="e,2072.6,1428.9 2512.7,690.34 2508.7,692.58 2504.3,694.63 2500,696 2405.7,726.04 2376.5,704.34 2278,714 2131.1,728.41 2093.2,725.43\
 1948,752 878.99,947.6 718,945.06 718,1147 718,1335 718,1335 718,1335 718,1445.1 849.9,1377.5 959,1392 1179.6,1421.4 1891.1,1427.7\
 2062.6,1428.8", lp="765.5,1053"];
	8 -> 15 [label="  1.0", pos="e,2000.9,302.78 3392.3,767.63 3331.9,759.54 3180.7,736.61 3060,696 2956.1,661.05 2923.2,662.82 2832,602 2812.1,588.75 2814.8,575.73\
 2794,564 2764.9,547.58 2752.8,556.12 2721,546 2676.9,531.98 2666.8,525.61 2624,508 2526.4,467.86 2499.7,462.41 2406,414 2348.2\
,384.17 2342.4,359.26 2281,338 2231.9,321.01 2081.5,308.56 2011.1,303.5", lp="2733.5,536"];
	8 -> 14 [label="  1.0", pos="e,2395.2,114.34 3408.5,753.08 3390.2,723.03 3350.1,661.66 3305,620 3209.1,531.44 3123,568.46 3064,452 3048.7,421.85 3043.6,405 3061\
,376 3079.4,345.3 3098.4,350.23 3132,338 3168.7,324.65 3193.4,350.31 3218,320 3248,283.04 3269.6,215.07 3196,150 3178.2,134.24\
 2791.8,133.06 2768,132 2634.6,126.02 2476.1,118.32 2405.3,114.84", lp="3076.5,442"];
	8 -> 13 [label="  1.0", pos="e,2443.2,208.24 3394.4,762.61 3361,750.58 3299.8,726.47 3253,696 3199.4,661.07 3187.5,648.93 3144,602 3129.7,586.61 3133.9,574.86\
 3116,564 3071,536.76 3049.5,560.66 2999,546 2898.8,516.94 2849.1,533.46 2784,452 2725.2,378.46 2813.1,307.93 2744,244 2723,224.56\
 2535,212.93 2453.5,208.76", lp="2861.5,489"];
	8 -> 12 [label="  1.0", pos="e,3522.2,413.31 3437.4,756.6 3444,750.38 3450.9,742.57 3455,734 3487.9,665.36 3460.5,638.53 3476,564 3488.5,504.11 3494.8,489.75\
 3515,432 3516,429.02 3517.2,425.93 3518.4,422.86", lp="3488.5,583"];
	8 -> 11 [label="  1.0", pos="e,3597.5,502.22 3445.6,767.31 3487,761.22 3564.3,748.32 3588,734 3606.9,722.59 3612.4,716.74 3620,696 3631.3,664.91 3652,605.05 \
3617,526 3614.3,519.84 3610,514.21 3605.2,509.31", lp="3648.5,630"];
	8 -> 10 [label="  1.0", pos="e,3568.6,601.91 3445.9,767.75 3468.7,763.63 3500.9,754.41 3521,734 3538.2,716.48 3556.5,650.78 3566.2,612.05", lp="3565.5,677"];
	8 -> 9 [label="  1.0", pos="e,2557,684.33 3392,769.13 3322.5,764.16 3138.9,749.88 3080,734 3058.9,728.3 3056.3,719 3035,714 2851.4,670.94 2797.8,722.18 2611\
,696 2596.4,693.96 2580.6,690.42 2567,686.95", lp="3092.5,724"];
	8 -> 7 [label="  1.0", pos="e,1732.6,954.97 3392,774.08 3336.9,780.38 3207.6,795.22 3099,808 3024.8,816.74 3006.4,820.77 2932,828 2827.3,838.18 2091.7,884.2\
 1988,902 1954,907.84 1946.7,914.51 1913,922 1853.7,935.18 1784,946.86 1742.5,953.42", lp="2688.5,865"];
	8 -> 6 [label="  1.0", pos="e,3334,19.288 3446,768.44 3621.2,751.09 4591,643.81 4591,395 4591,395 4591,395 4591,113 4591,73.363 4639,88.65 4375,56 4169.2,30.541\
 3508.2,21.329 3344.1,19.405", lp="4603.5,395"];
	8 -> 5 [label="  1.0", pos="e,2129,862.72 3392,772.11 3300.9,775.95 2996.3,789.42 2745,808 2649.3,815.08 2625.6,819.42 2530,828 2385.6,840.96 2213.6,855.58 \
2139.3,861.86", lp="2757.5,818"];
	8 -> 4 [label="  1.0", pos="e,3205.8,1049.8 3418.3,790.12 3416.6,819.8 3410.6,878.1 3389,922 3364.6,971.76 3353.8,986.2 3307,1016 3279.3,1033.7 3242.9,1043.1\
 3216,1048", lp="3409.5,912"];
	8 -> 3 [label="  1.0", pos="e,3806.2,1237.6 3444.4,777.45 3478.8,786.33 3536.8,801.91 3545,808 3566,823.67 3673,979.8 3673,1006 3673,1147 3673,1147 3673,1147\
 3673,1203.9 3749.1,1227 3796.3,1235.9", lp="3685.5,1006"];
	8 -> 2 [label="  1.0", pos="e,2246.1,1334.6 3444.6,777.15 3470.7,784 3508.5,795.73 3517,808 3585.4,906.89 3513.2,965.21 3458,1072 3432.5,1121.2 3418.9,1130.9\
 3376,1166 3337.2,1197.8 3317.3,1190.9 3278,1222 3241.7,1250.7 3249,1278.8 3207,1298 3163,1318.1 2431.3,1331.5 2256.4,1334.4", lp="3491.5,1053"];
	8 -> 1 [label="  1.0", pos="e,2155.4,1146.4 3396.6,781.89 3390.6,784.66 3384.1,787.55 3378,790 3354.9,799.24 3346.7,795.84 3325,808 3255.9,846.72 3252.7,876.26\
 3188,922 3148.3,950.08 3136.9,955.06 3094,978 3008.5,1023.8 2987.8,1037.9 2897,1072 2869.3,1082.4 2859.6,1077.2 2833,1090 2819.2\
,1096.6 2819.4,1104.9 2805,1110 2744.6,1131.2 2298.7,1143.1 2165.5,1146.2", lp="3173.5,959"];
	8 -> 0 [label="  1.0", pos="e,2127.1,1428.8 3446.2,771.92 3496.4,774.21 3606.4,782.02 3695,808 3809.9,841.67 3829.3,874.07 3939,922 4080.4,983.79 4495.9,1056\
 4582,1184 4634.4,1262 4621.5,1338.9 4544,1392 4518.1,1409.8 2442.2,1426.4 2137.2,1428.7", lp="4499.5,1100"];
	7 -> 15 [label="  1.0", pos="e,1949,308.56 1679.2,955.85 1650.5,951.57 1604.1,942.01 1569,922 1548,910.02 1540.8,905.67 1530,884 1485.2,793.86 1505.3,750.49 \
1545,658 1553,639.43 1555,633.59 1570,620 1609.4,584.17 1626.8,584.55 1676,564 1700.5,553.75 1711.8,561.97 1733,546 1805.5,491.46\
 1788.1,445.83 1846,376 1861.5,357.37 1864.8,351.33 1885,338 1901.7,326.98 1922.2,318.19 1939.3,311.94", lp="1582.5,630"];
	7 -> 14 [label="  1.0", pos="e,2340.7,113.74 1679,957.39 1629.1,953.97 1519.6,944.39 1430,922 1336.1,898.54 1319.4,871.25 1226,846 1180.7,833.76 1156.9,859.29\
 1122,828 1082.7,792.82 1111.6,761.66 1089,714 1019.2,566.76 859.86,513.68 947,376 1051.4,211.04 1158.2,247.83 1344,188 1433.5,\
159.2 1458.6,160.6 1552,150 1706,132.52 2191.8,117.92 2330.6,114.02", lp="975.5,536"];
	7 -> 13 [label="  1.0", pos="e,2389.4,210.47 1678.8,957.81 1640.6,955.24 1569.6,947.2 1515,922 1405,871.24 1406.7,812.92 1302,752 1283.4,741.17 1269.1,751.84\
 1257,734 1218.8,677.61 1263.8,482.92 1309,432 1403.5,325.55 1461.2,338.21 1592,282 1640.7,261.08 1652.9,253.44 1705,244 1821.8,\
222.85 2120.6,234.34 2239,226 2287.7,222.57 2343.7,216.14 2379.4,211.72", lp="1268.5,583"];
	7 -> 12 [label="  1.0", pos="e,3502.9,396.34 1701.7,939.89 1700.6,934.17 1699.5,927.86 1699,922 1697.1,901.42 1701.1,849.42 1702,846 1730.5,741.82 1759.9,707.3\
 1856,658 1958.5,605.43 1998.7,635.04 2109,602 2210.6,571.57 2451,452.9 2555,432 2675.8,407.73 2985.9,418.78 3109,414 3250.8,408.5\
 3419.4,400.43 3492.8,396.84", lp="1868.5,677"];
	7 -> 11 [label="  1.0", pos="e,3550.7,489.74 1704.2,939.92 1702.8,916.54 1703.2,876.29 1718,846 1742.4,796.22 1757.3,787.34 1800,752 1883.2,683.17 1918.8,682.43\
 2024,658 2090.3,642.61 2110.2,657.27 2176,640 2218.4,628.87 2315.4,574.28 2358,564 2457.7,539.94 2487,563.45 2588,546 2621.6\
,540.2 2628.3,531.16 2662,526 2749.7,512.56 3379,494.48 3540.4,490.02", lp="1862.5,724"];
	7 -> 10 [label="  1.0", pos="e,3553,595.99 1714.6,940.83 1727,916.16 1752.4,872.15 1786,846 1817.4,821.54 2081.4,726.91 2119,714 2144.5,705.24 2153,708.35 2177\
,696 2201.8,683.23 2201.2,668.77 2227,658 2240.7,652.26 2477.2,621.19 2492,620 2607.9,610.73 3425.6,631.58 3538,602 3539.9,601.5\
 3541.8,600.87 3543.7,600.16", lp="2024.5,771"];
	7 -> 9 [label="  1.0", pos="e,2508,685.76 1726.9,946.88 1738.8,939.83 1753.9,930.66 1767,922 1779.8,913.58 1781.5,909.24 1795,902 1814.7,891.41 1821.1,892.04\
 1842,884 1885.6,867.2 1896.1,861.84 1940,846 2014,819.32 2033.4,815.19 2108,790 2157.4,773.31 2169,766.9 2219,752 2284.5,732.47\
 2301.1,728.18 2368,714 2414.7,704.09 2427.6,707.47 2474,696 2482,694.03 2490.4,691.52 2498.3,688.97", lp="2064.5,818"];
	7 -> 8 [label="  1.0", pos="e,3392.5,775.03 1732.4,955.09 1812.8,943.28 2053.2,908.37 2132,902 2272.7,890.62 2627.8,907.21 2767,884 2823,874.66 2833.5,858.11\
 2889,846 2950.3,832.62 2966.8,836.54 3029,828 3159.3,810.11 3313.7,786.97 3382.6,776.53", lp="2901.5,865"];
	7 -> 4 [label="  1.0", pos="e,3151.9,1051.3 1733,960.72 1912.6,972.18 2933,1037.3 3141.7,1050.6", lp="2586.5,1006"];
	7 -> 6 [label="  1.0", pos="e,3279.6,19.029 1678.9,957.42 1598.5,952.6 1361.8,937.46 1286,922 1125.7,889.28 1095.6,843.85 936,808 874.36,794.16 854.14,812.23\
 795,790 739.1,768.99 600.07,692.71 572,640 567.82,632.15 571.85,628.89 572,620 574,499.06 581,468.96 581,348 581,348 581,348 581\
,113 581,57.542 638.19,69.413 692,56 822.69,23.426 2958.2,19.449 3269.3,19.042", lp="590.5,489"];
	7 -> 3 [label="  1.0", pos="e,3806,1239.9 1733.2,959.65 1873.8,963.11 2515.8,979.65 2603,996 2634.7,1001.9 2847.8,1078.6 2878,1090 2899.6,1098.2 2904.3,1102\
 2926,1110 3002.2,1138.1 3020.4,1149.9 3100,1166 3188.3,1183.9 3217.5,1152.7 3302,1184 3316.3,1189.3 3315.6,1198.8 3330,1204 3373.4\
,1219.7 3686.9,1234.7 3795.8,1239.4", lp="2938.5,1100"];
	7 -> 2 [label="  1.0", pos="e,2192.5,1331.1 1703.3,978.06 1696.3,1037 1684.1,1217.4 1784,1298 1808.7,1317.9 2037.4,1313 2069,1316 2107.8,1319.7 2152.1,1325.5\
 2182.4,1329.7", lp="1721.5,1147"];
	7 -> 1 [label="  1.0", pos="e,2101.3,1143.9 1723.8,973.47 1766.2,1007.7 1873.1,1092.4 1915,1110 1946.1,1123.1 2038.9,1136.1 2091.1,1142.6", lp="1864.5,1053"];
	7 -> 0 [label="  1.0", pos="e,2072.9,1428.6 1679,960.52 1582.3,966.31 1253.8,988.94 1160,1034 1062.1,1081 1037.8,1118.8 1004,1222 980.46,1293.8 951.48,1337.7\
 1004,1392 1022.8,1411.5 1873.4,1425.5 2062.8,1428.4", lp="1030.5,1194"];
	6 -> 15 [label="  1.0", pos="e,1981.6,282.37 3279.9,19.407 3184.3,21.054 2853.5,28.51 2582,56 2470.2,67.323 2442.2,71.785 2332,94 2200,120.61 2143.8,97.561 2044\
,188 2017.6,211.95 1997.6,248.14 1985.8,273.09", lp="2103.5,160"];
	6 -> 14 [label="  1.0", pos="e,2394.2,107.92 3279.9,19.801 3196.7,22.456 2937.4,32.196 2724,56 2606.4,69.111 2468.4,93.927 2404.3,106.02", lp="2736.5,66"];
	6 -> 13 [label="  1.0", pos="e,2443,205.32 3283.6,28.878 3230.5,50.908 3096.2,104.29 2979,132 2784,178.09 2543.8,198.27 2453.1,204.63", lp="3118.5,113"];
	6 -> 12 [label="  1.0", pos="e,3556.8,391.73 3334.1,20.769 3406.8,25.669 3604.6,40.104 3668,56 3732.8,72.238 3807,46.23 3807,113 3807,301 3807,301 3807,301 3807\
,351.14 3642.2,379.86 3566.8,390.37", lp="3819.5,207"];
	6 -> 11 [label="  1.0", pos="e,3597.7,475.55 3334.1,19.886 3502,25.544 4393,58.148 4393,113 4393,348 4393,348 4393,348 4393,486.39 3916.1,433.11 3779,452 3704.2\
,462.31 3681.7,446.17 3610,470 3609,470.35 3607.9,470.73 3606.9,471.15", lp="4405.5,254"];
	6 -> 10 [label="  1.0", pos="e,3599.6,579.22 3334,19.529 3470.2,22.272 4082,35.536 4271,56 4569.2,88.289 4538,80.056 4538,113 4538,254 4538,254 4538,254 4538\
,597.67 4161.5,492.37 3822,546 3746.6,557.91 3658.2,570.8 3609.6,577.78", lp="4548.5,301"];
	6 -> 9 [label="  1.0", pos="e,2530,657.85 3330.8,28.512 3378.8,49.152 3486.1,103.13 3528,188 3543,218.28 3540.6,233.07 3527,264 3502.9,318.97 3485.2,334.37 \
3430,358 3336.6,398 3071.8,352.17 2973,376 2934,385.42 2928.7,400.24 2891,414 2868.7,422.13 2707.3,461.81 2685,470 2630.1,490.19\
 2609.4,486.88 2566,526 2532.1,556.51 2528.2,612.89 2529.4,647.46", lp="3481.5,348"];
	6 -> 8 [label="  1.0", pos="e,3446,768.89 3334.1,19.456 3498.3,22.274 4357.3,37.797 4473,56 4568.1,70.951 4667,104.52 4667,113 4667,254 4667,254 4667,254 4667\
,693.67 4238.3,680.06 3802,734 3675.5,749.64 3524.8,762.52 3456.3,768.06", lp="4665.5,395"];
	6 -> 7 [label="  1.0", pos="e,1678.7,957.54 3279.7,19.087 3019.5,19.959 983.97,27.683 929,56 675.78,186.44 806.68,457.88 963,696 1009.9,767.49 1032,780.31 1103\
,828 1205.3,896.76 1242.9,898.93 1364,922 1473.5,942.86 1605.2,952.98 1668.5,956.92", lp="866.5,489"];
	6 -> 5 [label="  1.0", pos="e,2074.8,863.78 3279.9,19.047 3023.8,19.54 1035.4,24.384 984,56 919.62,95.57 936.12,165.2 981,226 1083.2,364.5 1181.8,316.01 1309\
,432 1379.3,496.09 1372.6,533.94 1439,602 1532.2,697.46 1562,715.99 1673,790 1686.9,799.27 1691.5,799.67 1706,808 1720.9,816.55\
 1722.7,822.55 1739,828 1798.7,848 1984.6,859.25 2064.7,863.28", lp="1342.5,442"];
	6 -> 4 [label="  1.0", pos="e,3204.7,1047.2 3334,19.147 3527.6,20.262 4696.1,28.138 4765,56 4799.7,70.036 4827,75.569 4827,113 4827,348 4827,348 4827,348 4827\
,484.89 4815.6,533.96 4729,640 4649.8,736.95 4581.8,710.75 4503,808 4450.7,872.59 4489.5,925.59 4425,978 4365.9,1026 4333.6,1006.8\
 4258,1016 4043.1,1042.2 3499.4,1012.7 3284,1034 3260.8,1036.3 3235,1040.9 3214.7,1045.1", lp="4814.5,536"];
	6 -> 3 [label="  1.0", pos="e,3852.2,1227.5 3334.2,19.264 3545.3,21.356 4916.5,35.695 5001,56 5057.6,69.613 5119,54.757 5119,113 5119,630 5119,630 5119,630 \
5119,763.9 5048.4,786.19 4957,884 4928.3,914.65 4911.8,911.5 4881,940 4852.6,966.33 4794.7,1044.8 4767,1072 4720.4,1117.8 4711.2\
,1134.4 4654,1166 4606.5,1192.3 4591.5,1194.7 4538,1204 4390.6,1229.6 4008.7,1180.5 3865,1222 3863.8,1222.4 3862.6,1222.8 3861.3\
,1223.2", lp="5131.5,630"];
	6 -> 2 [label="  1.0", pos="e,2192,1334.6 3279.6,19.165 2981.6,20.979 348.39,37.516 271,56 215.13,69.345 155,55.557 155,113 155,630 155,630 155,630 155,704.77\
 169.08,725.56 207,790 264.9,888.38 462.01,1102.7 557,1166 657.17,1232.8 694.67,1229.1 811,1260 910.28,1286.4 936.76,1287.9 1039\
,1298 1268.6,1320.6 2007.2,1332.1 2181.8,1334.5", lp="174.5,677"];
	6 -> 1 [label="  1.0", pos="e,2101.1,1145.5 3279.8,19.058 2997,19.7 599.16,26.018 453,56 387.99,69.335 315,46.641 315,113 315,348 315,348 315,348 315,455 435.52\
,709.5 506,790 516.24,801.7 524.91,797.1 536,808 578.56,849.86 566.94,877.75 607,922 652.94,972.75 668.86,983.31 729,1016 750.12\
,1027.5 759.66,1021.2 780,1034 800.21,1046.7 796.54,1061.5 818,1072 940.73,1132 986.8,1099.5 1123,1110 1395.6,1130.9 1464.8,\
1117.3 1738,1128 1867.6,1133.1 2021.2,1141.2 2090.7,1144.9", lp="407.5,583"];
	6 -> 0 [label="  1.0", pos="e,2072.8,1428.9 3279.6,19.043 2972.5,19.557 188,25.071 110,56 75.204,69.797 48,75.569 48,113 48,1335 48,1335 48,1335 48,1388.1 101.66\
,1378.4 153,1392 248.77,1417.3 1801.2,1427.3 2062.7,1428.8", lp="60.5,724"];
	5 -> 15 [label="  1.0", pos="e,1953.7,314.12 2075.7,860 2051.6,854.63 2015.7,844.56 1988,828 1936.2,797.01 1913.7,789.52 1890,734 1827.5,587.48 1862.7,529 1907\
,376 1912.3,357.67 1914.8,352.67 1927,338 1932.3,331.6 1938.9,325.58 1945.5,320.33", lp="1869.5,583"];
	5 -> 14 [label="  1.0", pos="e,2341.8,117.89 2074.8,863.23 2008.4,858.68 1839.5,845.7 1786,828 1753.9,817.37 1746.6,810.95 1720,790 1674.8,754.38 1664.8,742.57\
 1631,696 1617,676.76 1534.8,531.03 1529,508 1504.3,410.58 1499.3,375.17 1537,282 1576.5,184.3 1630.1,167.81 1734,150 1957.1,111.74\
 2017.6,153.04 2243,132 2273,129.2 2306.8,123.93 2331.7,119.65", lp="1541.5,489"];
	5 -> 13 [label="  1.0", pos="e,2389.4,210.38 2075.1,862.79 2036.7,859.01 1964.6,849.5 1907,828 1879.7,817.8 1694.5,721.29 1680,696 1586.3,533.18 1636.1,418.67\
 1765,282 1790.9,254.52 1804.5,253.5 1841,244 1926.7,221.72 2150.7,232.73 2239,226 2287.7,222.29 2343.6,215.93 2379.4,211.6", lp="1644.5,536"];
	5 -> 12 [label="  1.0", pos="e,3502.9,396.31 2116.2,848.81 2147.3,813.48 2224.1,727.05 2292,658 2309.2,640.51 2313.4,635.93 2332,620 2363.1,593.44 2371.4,587.27\
 2405,564 2443.7,537.19 2458.1,537.29 2495,508 2513.7,493.15 2513.5,483.77 2533,470 2565.2,447.31 2574.8,441.35 2613,432 2720.1\
,405.8 2998.8,418.49 3109,414 3250.8,408.23 3419.4,400.3 3492.8,396.79", lp="2344.5,630"];
	5 -> 11 [label="  1.0", pos="e,3550.8,489.82 2127.1,857.5 2146.5,851.16 2173.4,841.01 2195,828 2294.6,767.91 2294.9,718.93 2394,658 2440.2,629.61 2566.8,578.39\
 2619,564 2673.5,548.98 2692.5,567.04 2745,546 2759.2,540.31 2758.5,531 2773,526 2809.6,513.32 3386.4,494.86 3540.4,490.13", lp="2406.5,677"];
	5 -> 10 [label="  1.0", pos="e,3548.7,591.35 2129,863.06 2186.7,858.69 2326.3,846.96 2442,828 2482.9,821.31 2492,813.65 2533,808 2671,788.98 2710.1,820.61 2846\
,790 2910.6,775.46 2928,769.25 2984,734 2995.2,726.96 2994.3,720.05 3006,714 3110.7,660.1 3148.9,678.02 3265,658 3326.4,647.41\
 3343.3,654.02 3404,640 3410.8,638.43 3491.7,610.83 3539.1,594.62", lp="3018.5,724"];
	5 -> 9 [label="  1.0", pos="e,2519.8,694.31 2127.4,858.08 2143,854.04 2163.6,849.13 2182,846 2258.2,833.04 2282.7,855.37 2355,828 2369.3,822.58 2369.3,814.83\
 2383,808 2406.8,796.13 2418,804.93 2440,790 2457.8,777.9 2492.6,731.94 2513.9,702.5", lp="2487.5,771"];
	5 -> 8 [label="  1.0", pos="e,3391.8,772.07 2129,863.78 2257.9,857.95 2804.1,832.96 2821,828 2838.2,822.96 2838.8,813.16 2856,808 2906,792.94 3263.7,777.29 \
3381.5,772.49", lp="2868.5,818"];
	5 -> 7 [label="  1.0", pos="e,1728.3,947.8 2076.8,872.18 2062.3,876.1 2043.8,880.8 2027,884 1965.8,895.67 1944.8,876.47 1888,902 1875.6,907.55 1877.3,916.29\
 1865,922 1817.7,943.98 1799.1,925.33 1749,940 1745.3,941.07 1741.6,942.39 1737.9,943.82", lp="1900.5,912"];
	5 -> 6 [label="  1.0", pos="e,3279.6,19.036 2075,863.45 1998.1,858.9 1778.9,844.76 1709,828 1664.4,817.3 1653,812.4 1613,790 1537,747.49 1037.1,390.46 986,320\
 916.66,224.47 857.08,118.85 957,56 1008.1,23.878 2971.7,19.527 3269.3,19.052", lp="1150.5,442"];
	5 -> 4 [label="  1.0", pos="e,3151.9,1052.4 2128.9,867.35 2206,874.17 2424.5,893.97 2456,902 2540.9,923.67 2553.8,953.62 2638,978 2683.9,991.29 2699.9,977.65\
 2744,996 2758.1,1001.9 2757.7,1010.7 2772,1016 2839.3,1041 3054.4,1049.6 3141.7,1052.1", lp="2650.5,959"];
	5 -> 3 [label="  1.0", pos="e,3806.3,1237.4 2126.3,873.72 2138.1,877.58 2152.6,881.74 2166,884 2335.8,912.71 2381.6,885.14 2553,902 2665.7,913.09 2693.5,920.15\
 2805,940 2887.6,954.71 2907.1,965.05 2990,978 3018.7,982.48 3484.2,1020.6 3510,1034 3599.2,1080.3 3572.3,1153.2 3659,1204 3681.9\
,1217.4 3752.4,1229.5 3796.3,1236", lp="3569.5,1053"];
	5 -> 2 [label="  1.0", pos="e,2194.5,1326.8 2079.5,875.92 2016.4,908.13 1845.6,1007 1899,1110 1960.4,1228.4 2115.9,1297.5 2185,1323.3", lp="1911.5,1100"];
	5 -> 1 [label="  1.0", pos="e,2101.5,1142.2 2090.4,882.16 2067.3,916.22 2017.9,989.61 2016,996 2013.5,1004.5 2014.8,1007.2 2016,1016 2021.6,1058.9 2012.7,1077.3\
 2041,1110 2053.9,1124.9 2074,1134 2091.5,1139.4", lp="2028.5,1006"];
	5 -> 0 [label="  1.0", pos="e,2072.8,1427.9 2076.9,872.36 2055.2,879.03 2023.5,889.69 1997,902 1981.1,909.39 1978.6,914.06 1963,922 1888.2,960.01 1316.1,1151.9\
 1270,1222 1260.7,1236.1 1259.3,1246.9 1270,1260 1372.6,1385.5 1914.1,1420.2 2062.4,1427.4", lp="1448.5,1147"];
	4 -> 15 [label="  1.0", pos="e,2000.3,305.73 3151.9,1050.9 3109.3,1047 3024.2,1037.1 2955,1016 2858.7,986.65 2824.8,988.19 2749,922 2734,908.86 2735.4,901.07\
 2725,884 2661.5,779.46 2659.9,738.73 2568,658 2441.8,547.08 2388.4,548.68 2251,452 2182.5,403.82 2175.8,375.67 2101,338 2072,323.41\
 2036.4,313.65 2010.2,307.84", lp="2619.5,677"];
	4 -> 14 [label="  1.0", pos="e,2391.3,122.73 3152,1052 3076.6,1049 2865.2,1038.7 2800,1016 2784.5,1010.6 2783.7,1003.3 2769,996 2748.2,985.65 2740.7,988.51 2720\
,978 2692.9,964.21 2691,952.06 2663,940 2593.9,910.2 2572.2,914.75 2498,902 2463.4,896.05 2364.4,910.21 2341,884 2329.8,871.4\
 2333.9,861.33 2341,846 2357.2,811.09 2390.8,824.91 2407,790 2414.1,774.67 2414.6,767.1 2407,752 2369.7,677.62 2294.3,714.38 2257\
,640 2233.6,593.42 2130.4,620.21 2278,470 2314,433.41 2347.2,476.93 2392,452 2459.7,414.33 2479,392.65 2506,320 2534.7,242.77 2489.9\
,208.65 2432,150 2423,140.86 2411.2,133.22 2400.3,127.3", lp="2222.5,583"];
	4 -> 13 [label="  1.0", pos="e,2429.5,223.68 3179,1033.7 3178.4,1010.7 3175.7,971.63 3165,940 3127.5,829.65 3127.4,780.88 3032,714 2996.1,688.84 2975.1,713.75\
 2935,696 2909.5,684.7 2909.3,671.69 2885,658 2825.9,624.72 2798.3,641.36 2743,602 2734.4,595.87 2662.2,507.56 2585,414 2530.9,\
348.45 2467.7,270.74 2436.1,231.82", lp="2855.5,630"];
	4 -> 12 [label="  1.0", pos="e,3556.6,398.23 3205.2,1047.2 3226.3,1042.8 3256.9,1037 3284,1034 3382.8,1023.1 3635.8,1044.7 3731,1016 3747.4,1011.1 3747.8,1001.7\
 3764,996 3821.1,975.89 3839.7,990.18 3899,978 3974.9,962.39 4183.7,942.14 4235,884 4282.4,830.22 4310.9,627.18 4277,564 4241.2\
,497.33 4205.3,497.93 4135,470 3953.4,397.92 3893.4,433.03 3699,414 3653.3,409.53 3600.8,403.48 3566.6,399.42", lp="4300.5,724"];
	4 -> 11 [label="  1.0", pos="e,3597.8,502.13 3205.6,1048.4 3229.9,1044.3 3266.8,1038.3 3299,1034 3374.3,1024.1 3400.6,1049.2 3469,1016 3678,914.6 3748.1,856.62\
 3832,640 3845.6,604.97 3824.2,587.63 3795,564 3759,534.88 3742.4,539.13 3698,526 3659.7,514.68 3647.2,522.39 3610,508 3609,507.6\
 3607.9,507.18 3606.9,506.72", lp="3794.5,771"];
	4 -> 10 [label="  1.0", pos="e,3594.4,595.11 3205.5,1049.1 3249.4,1042.5 3335.1,1028.4 3363,1016 3430.4,985.95 3535.1,877.34 3572,828 3620.2,763.45 3648.2,737.49\
 3635,658 3632.1,640.39 3632.5,634.46 3622,620 3616.8,612.8 3609.8,606.37 3602.7,600.96", lp="3599.5,818"];
	4 -> 9 [label="  1.0", pos="e,2557.4,684.08 3154.9,1044.3 3125.7,1032.8 3076.1,1010.1 3043,978 2994.1,930.54 3004.8,901.29 2965,846 2951.9,827.85 2948.1,823.55\
 2932,808 2905.9,782.71 2832.6,725.18 2798,714 2718.5,688.33 2693.3,709.8 2611,696 2596.6,693.59 2580.9,690.01 2567.3,686.62", lp="2999.5,865"];
	4 -> 8 [label="  1.0", pos="e,3410.9,789.23 3204.5,1046.4 3223.6,1040.7 3249.7,1030.8 3269,1016 3310.8,984 3312.8,966.44 3341,922 3367.2,880.63 3392.3,829.41\
 3406.6,798.51", lp="3365.5,912"];
	4 -> 7 [label="  1.0", pos="e,1732.9,962.22 3151.8,1052.5 3042.4,1050.1 2624.2,1040.1 2281,1016 2077.4,1001.7 1834.3,974.14 1743,963.42", lp="2293.5,1006"];
	4 -> 6 [label="  1.0", pos="e,3334.1,19.455 3205.2,1047.2 3226.3,1042.8 3256.9,1036.9 3284,1034 3697.4,988.99 3814.3,1077.6 4218,978 4307.9,955.81 4336.8,947.76\
 4404,884 4415.3,873.26 4751,457.61 4751,442 4751,442 4751,442 4751,113 4751,105.16 4638.5,70.89 4534,56 4413.9,38.885 3536.8\
,22.945 3344.3,19.629", lp="4702.5,536"];
	4 -> 5 [label="  1.0", pos="e,2128.6,869.41 3152,1051.7 3069.9,1047.7 2824.6,1034.4 2747,1016 2723.7,1010.5 2720.2,1001.7 2697,996 2620.6,977.22 2598,994.14\
 2521,978 2413.2,955.38 2391.6,929.85 2285,902 2234.7,888.86 2175.6,877.66 2138.4,871.13", lp="2533.5,959"];
	4 -> 3 [label="  1.0", pos="e,3805.9,1240.1 3191.2,1070.4 3209.8,1095.3 3247.3,1141 3290,1166 3291.7,1167 3428,1203.6 3430,1204 3563.2,1228 3724.1,1236.8 3795.6\
,1239.7", lp="3302.5,1147"];
	4 -> 2 [label="  1.0", pos="e,2246.2,1334.6 3168.6,1070.6 3148.9,1103.7 3108.1,1172.8 3102,1184 3075.2,1233.7 3093.2,1267.1 3046,1298 3012.6,1319.9 2413.1,1331.7\
 2256.3,1334.4", lp="3114.5,1194"];
	4 -> 1 [label="  1.0", pos="e,2155.1,1146.4 3153.1,1058.8 3130.3,1064.5 3096.5,1074.8 3070,1090 3058.3,1096.7 3059.6,1105 3047,1110 3005.4,1126.5 2332.5,1142.5\
 2165.4,1146.2", lp="3082.5,1100"];
	4 -> 0 [label="  1.0", pos="e,2127.2,1428.9 3205.5,1057.6 3308.7,1075.7 3683.6,1142.9 3797,1184 3831,1196.3 3850.3,1191 3869,1222 3877.7,1236.5 3875.7,1244.5\
 3869,1260 3811.8,1391.3 3717.4,1376.3 3575,1392 3284.1,1424.1 2337.1,1428.4 2137.2,1428.9", lp="3886.5,1241"];
	3 -> 15 [label="  1.0", pos="e,2001.2,301.35 3852.7,1227.6 3856.6,1225.4 3860.8,1223.4 3865,1222 3923.9,1201.7 3942.5,1214 4004,1204 4135,1182.8 4297,1279.7 \
4297,1147 4297,1147 4297,1147 4297,1006 4297,963.86 4330.9,962.92 4341,922 4343.1,913.37 4341.4,910.88 4341,902 4331.3,705.06 4411.7\
,566.94 4240,470 4087.1,383.69 4022.8,438.44 3849,414 3690.9,391.78 3656.5,356.91 3498,338 3346.4,319.91 2230.2,304.37 2011.2\
,301.48", lp="4358.5,771"];
	3 -> 14 [label="  1.0", pos="e,2395.2,114.52 3852.3,1227.5 3856.3,1225.3 3860.7,1223.3 3865,1222 3996.1,1183.9 4344.5,1227.3 4479,1204 4580.2,1186.5 4612.3,1177.1\
 4690,1110 4835.3,984.65 4908.5,900.17 4862,714 4841.4,631.44 4736.3,441.54 4682,376 4599.3,276.19 4549.6,266.88 4422,244 4164.5\
,197.8 4096.6,211.36 3836,188 3740.5,179.44 3715.2,188 3621,170 3590.9,164.25 3585.3,154.84 3555,150 3382.3,122.38 2942.8,138.15\
 2768,132 2634.5,127.3 2476.1,118.95 2405.3,115.08", lp="4868.5,677"];
	3 -> 13 [label="  1.0", pos="e,2443.4,207.64 3852.3,1227.5 3856.3,1225.3 3860.7,1223.3 3865,1222 3921.5,1205.4 4340.8,1227.1 4395,1204 4436.8,1186.2 4634.4,926.7\
 4650,884 4700.9,744.66 4643.6,683.01 4555,564 4519.5,516.35 4510.3,501.53 4460,470 4419.4,444.54 4405.2,445.05 4359,432 4233.1\
,396.39 4199.2,396.34 4070,376 3931.6,354.21 3896.2,353.74 3757,338 3680.6,329.37 3660.6,333.78 3585,320 3519.5,308.05 3505.7\
,293.22 3440,282 3343.7,265.56 3314.9,290.79 3221,264 3202.3,258.66 3200.8,249.03 3182,244 3111.3,225.12 2597.6,211.39 2453.5,207.88", lp="4672.5,724"];
	3 -> 12 [label="  1.0", pos="e,3556.6,398.51 3852.3,1227.5 3856.3,1225.3 3860.7,1223.3 3865,1222 3912.6,1207.9 4272.7,1235.5 4311,1204 4389.4,1139.4 4404.9,850.52\
 4380,752 4343.3,606.66 4329.7,535.68 4195,470 4139.7,443.06 4122.7,442.03 4062,432 3902.6,405.64 3860,427.03 3699,414 3653.3\
,410.3 3600.8,404.09 3566.6,399.78", lp="4401.5,818"];
	3 -> 11 [label="  1.0", pos="e,3597.3,502.47 3852.7,1227.7 3856.7,1225.5 3860.9,1223.5 3865,1222 3912,1204.9 3931.8,1227.4 3976,1204 4037.7,1171.4 4031.8,1136.3\
 4084,1090 4146.5,1034.6 4197.4,1052.6 4235,978 4242.6,962.91 4238.5,956.51 4235,940 4213.5,839.52 4122.8,567.98 4029,526 3943.9\
,487.93 3699.3,534.59 3610,508 3608.8,507.64 3607.6,507.22 3606.3,506.75", lp="4232.5,865"];
	3 -> 10 [label="  1.0", pos="e,3598.5,590.13 3848.3,1225.1 3853.5,1218.9 3859.1,1211.5 3863,1204 3871.1,1188.4 3870,1183.1 3874,1166 3910.4,1010.1 3985.4,951.31\
 3914,808 3851.5,682.48 3682.2,616.64 3608.3,593.16", lp="3955.5,912"];
	3 -> 9 [label="  1.0", pos="e,2557,684.44 3841.2,1222.5 3843.5,1216.7 3845.7,1210.2 3847,1204 3871.7,1089.1 3893.9,1052.8 3861,940 3823.7,812.27 3756.3,787.2\
 3628,752 3191.4,632.24 3059.8,755.27 2611,696 2596.4,694.07 2580.6,690.56 2566.9,687.07", lp="3882.5,959"];
	3 -> 8 [label="  1.0", pos="e,3444.5,777.6 3825,1222.6 3790.4,1143.7 3653.9,835.6 3616,808 3573.5,777.03 3550.6,800.09 3499,790 3484.4,787.14 3468.4,783.46 \
3454.6,780.09", lp="3742.5,1006"];
	3 -> 7 [label="  1.0", pos="e,1733.2,959.8 3805.7,1240.8 3717.1,1239.9 3438.8,1234.5 3355,1204 3340.6,1198.8 3341,1190.1 3327,1184 3290,1167.9 3277.5,1174.1\
 3238,1166 3230.6,1164.5 2976.6,1113.7 2970,1110 2959.3,1104 2961.3,1096.6 2951,1090 2886.6,1048.6 2862,1053.9 2788,1034 2748.2,\
1023.3 2736.4,1028 2697,1016 2674.9,1009.3 2671.6,1001 2649,996 2604.1,986.1 1913.1,965.12 1743.4,960.1", lp="2982.5,1100"];
	3 -> 6 [label="  1.0", pos="e,3334.3,19.228 3852.3,1227.5 3856.3,1225.3 3860.7,1223.3 3865,1222 3983.7,1187.4 4305.1,1247.1 4421,1204 4444,1195.4 4578,1080.8\
 4630,1016 4684.7,947.77 4673.8,913.78 4729,846 4776.1,788.18 4802.5,787.95 4854,734 4869.1,718.24 4872.2,713.66 4885,696 4934.4\
,627.66 4987,620.33 4987,536 4987,536 4987,536 4987,113 4987,26.539 4886.3,69.866 4801,56 4653.5,32.038 3561.7,21.24 3344.5,19.318", lp="4968.5,630"];
	3 -> 5 [label="  1.0", pos="e,2126.3,873.68 3805.8,1239.3 3765.6,1236.2 3688.3,1227.4 3627,1204 3492,1152.6 3486.8,1080.3 3350,1034 3346.4,1032.8 2808.7,978.7\
 2805,978 2742.5,966.26 2729.2,953.56 2667,940 2618.2,929.35 2604.5,934.19 2556,922 2529.6,915.35 2524.8,907.23 2498,902 2353,\
873.64 2311.6,909.2 2166,884 2156.1,882.28 2145.5,879.55 2135.9,876.68", lp="3441.5,1053"];
	3 -> 4 [label="  1.0", pos="e,3200.4,1064.8 3805.8,1239.8 3730.6,1236.1 3520.8,1224.3 3455,1204 3451.7,1203 3280.3,1108.7 3209.3,1069.7", lp="3393.5,1147"];
	3 -> 0 [label="  1.0", pos="e,2127.2,1428.8 3809.7,1250.8 3732.7,1283 3489.5,1384.3 3452,1392 3320.3,1419 2342.1,1427.3 2137.5,1428.8", lp="3659.5,1335"];
	3 -> 2 [label="  1.0", pos="e,2246.1,1334.6 3805.8,1242.1 3710.1,1246.1 3393,1260.4 3351,1278 3338.5,1283.2 3340.6,1293 3328,1298 3277.1,1318 2443.8,1331.6 \
2256.3,1334.5", lp="3363.5,1288"];
	2 -> 15 [label="  1.0", pos="e,1946.5,301.37 2192,1334.5 2038.4,1331.8 1280.1,1317.6 1235,1298 1202,1283.7 1148.3,1206.3 1120,1184 1033,1115.5 908,1163.8 908\
,1053 908,1053 908,1053 908,912 908,878.26 1252.4,451.44 1280,432 1389.7,354.67 1435.5,365.14 1567,338 1700.8,310.37 1863.7,303.37\
 1936.1,301.6", lp="986.5,818"];
	2 -> 14 [label="  1.0", pos="e,2341,113.17 2191.9,1334.9 2049.6,1334 1388.3,1328.6 1186,1298 963.84,1264.4 895.73,1272.7 698,1166 584.01,1104.5 297.6,839.41 \
330,714 344.23,658.91 370.21,654.56 392,602 432.42,504.49 400.31,459.41 465,376 518.42,307.12 558.78,319.49 626,264 663.33,233.19\
 662.6,213.07 704,188 727.2,173.95 793.27,154.6 820,150 972.98,123.7 2110,114.74 2330.9,113.24", lp="342.5,724"];
	2 -> 13 [label="  1.0", pos="e,2389.4,210.61 2191.9,1334.9 2040.6,1334.5 1305.2,1330.4 1210,1298 1195.5,1293.1 1194.7,1286.5 1182,1278 1169.4,1269.6 1165.3,1268.9\
 1153,1260 1131.8,1244.6 1129,1237.6 1108,1222 1083.3,1203.6 1077.7,1197.6 1050,1184 913.64,1117 815.1,1195.8 727,1072 717.21\
,1058.2 726.31,1050.9 727,1034 734.52,849.25 696.9,790.68 768,620 794.27,556.94 904.83,422.37 955,376 1011.4,323.87 1031.1,315.9\
 1100,282 1121.6,271.39 1128.5,272.47 1151,264 1173.4,255.57 1177.5,248.73 1201,244 1314.1,221.21 2123.9,233.16 2239,226 2287.7\
,222.97 2343.7,216.45 2379.4,211.9", lp="741.5,771"];
	2 -> 12 [label="  1.0", pos="e,3557.1,395.97 2246.3,1334.6 2488,1331 4258.2,1304.5 4312,1298 4500.6,1275.3 4588.3,1331.7 4729,1204 4879.1,1067.8 4782.8,919.69\
 4669,752 4575.6,614.3 4507,621.14 4385,508 4343.5,469.56 4337.1,448.3 4283,432 4248.5,421.6 3714.9,401.67 3567.5,396.34", lp="4764.5,865"];
	2 -> 11 [label="  1.0", pos="e,3597.3,502.48 2246.2,1334.6 2480.1,1331 4144,1305.4 4168,1298 4240.7,1275.5 4274.9,1270.9 4311,1204 4349.4,1132.7 4316.8,774.96\
 4285,714 4224.2,597.57 4179.7,572.87 4057,526 3964.1,490.52 3705.3,536.24 3610,508 3608.8,507.64 3607.6,507.22 3606.3,506.76", lp="4333.5,912"];
	2 -> 10 [label="  1.0", pos="e,3600.3,585.1 2246.1,1334.5 2410.8,1331.7 3280,1315.8 3546,1298 3753.3,1284.1 3863,1356.7 4004,1204 4140.7,1056 4081,920.09 3970\
,752 3967,747.39 3826,622.34 3821,620 3784.3,602.9 3670.2,591.13 3610.4,585.96", lp="4090.5,959"];
	2 -> 9 [label="  1.0", pos="e,2557.1,684.08 2246,1334.5 2402.4,1331.4 3186.1,1314.9 3234,1298 3257,1289.8 3397.8,1187.2 3410,1166 3439.3,1115 3449.5,1085.5 \
3421,1034 3352.8,911.04 2988.8,798.75 2864,734 2848.8,726.1 2847.3,719.28 2831,714 2737.7,683.77 2707.9,711.52 2611,696 2596.5,693.67\
 2580.6,690.08 2567,686.65", lp="3420.5,1006"];
	2 -> 8 [label="  1.0", pos="e,3425.1,789.63 2246.3,1334.9 2383.2,1334.1 2992,1328.9 3070,1298 3145.2,1268.2 3265.4,1092.8 3321,1034 3367.9,984.44 3402.3,985.99\
 3426,922 3443.6,874.47 3435.7,858.24 3429,808 3428.6,805.25 3428.1,802.41 3427.5,799.59", lp="3333.5,1053"];
	2 -> 7 [label="  1.0", pos="e,1698.3,977.5 2192.5,1331.1 2162.6,1326.8 2112.4,1320 2069,1316 2000.5,1309.7 1822.4,1327 1760,1298 1696.5,1268.5 1690.9,1233.9\
 1674,1166 1658.3,1102.9 1680.1,1026.9 1694.7,986.88", lp="1686.5,1147"];
	2 -> 6 [label="  1.0", pos="e,3279.6,19.085 2192,1334.8 2026.5,1333.3 1149.5,1324.6 882,1298 782.82,1288.2 758.12,1282.4 661,1260 521.94,1228 464.92,1255.8 \
354,1166 342.93,1157 94,738.24 94,724 94,724 94,724 94,113 94,70.778 130.02,69.588 170,56 247.12,29.788 2920.5,20.252 3269.6,19.118", lp="106.5,677"];
	2 -> 5 [label="  1.0", pos="e,2128,870.89 2224.5,1316.1 2228.6,1301 2233.8,1279.4 2236,1260 2245.1,1178.5 2232.8,1097.3 2212,996 2203.2,953.17 2211.9,934.85\
 2183,902 2171.2,888.53 2153.4,879.68 2137.6,874.01", lp="2244.5,1100"];
	2 -> 4 [label="  1.0", pos="e,3163.5,1069.1 2246.3,1334.4 2361.9,1331.5 2807.1,1319.3 2866,1298 2998.1,1250.2 3012.8,1200.8 3120,1110 3132.4,1099.5 3145.5,1087\
 3156.2,1076.4", lp="3051.5,1194"];
	2 -> 3 [label="  1.0", pos="e,3805.9,1243.9 2246.2,1334.5 2398.6,1331.9 3146.2,1317.9 3376,1298 3439.1,1292.5 3454.2,1286.1 3517,1278 3617.8,1265 3736.9,1251.6\
 3795.9,1245", lp="3529.5,1288"];
	2 -> 1 [label=" 10.0", pos="e,2146.7,1161.1 2216.6,1316.1 2212,1285.6 2199.5,1225 2169,1184 2164.8,1178.3 2159.6,1172.8 2154.3,1167.9", lp="2218,1241"];
	2 -> 0 [label="  1.0", pos="e,2126.7,1424.9 2215.8,1354.1 2212.8,1366.4 2207.2,1381.8 2197,1392 2180.7,1408.2 2156.6,1417.5 2136.5,1422.6", lp="2221.5,1382"];
	1 -> 15 [label="  1.0", pos="e,1946.9,302.62 2101,1145.7 1973.5,1139.4 1438.1,1112.9 1430,1110 1403,1100.4 1399.7,1090.6 1378,1072 1359.9,1056.5 1360,1047 1340\
,1034 1321.2,1021.8 1310.8,1029.6 1293,1016 1276.3,1003.3 1272.8,997.48 1265,978 1175.5,753.68 1264.7,614.85 1458,470 1567.1,388.21\
 1604.7,378.19 1735,338 1804.4,316.6 1889.1,307.23 1936.7,303.4", lp="1260.5,724"];
	1 -> 14 [label="  1.0", pos="e,2340.7,113.04 2101.1,1145.5 2037.7,1142.1 1874.5,1133.5 1738,1128 1675.6,1125.5 1235.2,1130 1176,1110 1161.5,1105.1 1162.3,1095.4\
 1148,1090 1070.2,1060.9 1039.8,1101.1 962,1072 894.54,1046.8 746.68,937.08 698,884 599.05,776.12 604.84,709.6 620,564 643.67\
,336.69 702.35,201.54 925,150 1065.4,117.5 2118.2,113.53 2330.7,113.06", lp="627.5,630"];
	1 -> 13 [label="  1.0", pos="e,2389.4,210.6 2101.1,1145.6 2037.7,1142.4 1874.5,1134.1 1738,1128 1689.5,1125.8 1347,1125.8 1301,1110 1286.5,1105 1286.2,1097.7\
 1273,1090 1205.7,1050.7 1176.6,1062.4 1114,1016 1061.2,976.8 1067.6,946.48 1047,884 976.3,669.52 874.21,533.55 1036,376 1065.8,\
346.93 1091.2,377.46 1128,358 1170.5,335.54 1164.7,308.27 1205,282 1243.4,256.93 1256,253.03 1301,244 1403.2,223.49 2135,232.57 \
2239,226 2287.7,222.92 2343.7,216.41 2379.4,211.88", lp="990.5,677"];
	1 -> 12 [label="  1.0", pos="e,3503,396.95 2148.7,1134.7 2159.2,1128 2171.8,1119.2 2182,1110 2255.5,1043.6 2258.4,1012.3 2326,940 2346.5,918.08 2395.9,858.86\
 2423,846 2485.7,816.29 2513.3,852.94 2578,828 2592.3,822.5 2593.1,816.24 2606,808 2662,772.19 2682.9,773.97 2736,734 2794,690.35\
 2787.9,652.05 2853,620 2903.8,595.03 2930.4,631.03 2979,602 2997,591.24 2991.2,577.78 3007,564 3033.7,540.75 3044.8,540.81 3077\
,526 3118.7,506.78 3228,470.52 3270,452 3288.2,443.99 3291.1,438.16 3310,432 3372.4,411.66 3448.6,402.04 3492.9,397.86", lp="2721.5,771"];
	1 -> 11 [label="  1.0", pos="e,3551.4,493.06 2155.3,1146.6 2213.2,1145.1 2345.9,1138.6 2379,1110 2438.7,1058.4 2375.6,997.1 2430,940 2446.6,922.6 2462.1,936.82\
 2481,922 2512.8,897.08 2496.9,867.68 2531,846 2578.4,815.9 2600.5,836.08 2656,828 2716.5,819.2 2731.5,816.63 2792,808 2849.7,\
799.76 2870.8,817.99 2922,790 2961,768.67 2951.8,741.1 2987,714 3078.1,643.95 3126.3,668.45 3220,602 3239.5,588.19 3237.6,576.38\
 3258,564 3305.8,535.04 3467.8,506.49 3541.2,494.68", lp="2804.5,818"];
	1 -> 10 [label="  1.0", pos="e,3550.5,593.51 2155.1,1145.8 2250.5,1141.6 2566.7,1126.6 2609,1110 2659.7,1090.2 2662.2,1067.7 2705,1034 2758.2,992.09 2770.7,980.49\
 2825,940 2859.5,914.28 2872.3,913.14 2904,884 2920.2,869.05 2916.9,857.01 2936,846 2976.3,822.83 2993.5,837.64 3039,828 3074.9\
,820.4 3083.1,815.49 3119,808 3166.2,798.14 3183.8,813.29 3226,790 3294.9,752 3275.2,696.22 3344,658 3384.6,635.43 3402.6,653.59\
 3447,640 3456.9,636.98 3522.6,606.29 3532,602 3535,600.63 3538.1,599.21 3541.2,597.77", lp="2948.5,865"];
	1 -> 9 [label="  1.0", pos="e,2533.1,696.05 2132.6,1128.3 2135.3,1117.1 2138.8,1102.8 2142,1090 2163.8,1001.9 2167.3,974.52 2222,902 2244.2,872.61 2250.1,862.44\
 2283,846 2322.2,826.41 2339.6,845.15 2380,828 2394.1,822.02 2393.9,813.99 2408,808 2447.9,790.98 2472.4,819.8 2504,790 2526.6\
,768.63 2532.2,732.08 2533,706.35", lp="2234.5,912"];
	1 -> 8 [label="  1.0", pos="e,3396.8,782.43 2155.1,1146.4 2270.9,1143.5 2720.4,1131 2780,1110 2794.4,1104.9 2795.3,1098.5 2808,1090 2846.8,1064 2856.9,1057.9\
 2897,1034 3013.6,964.51 3045.8,952.39 3163,884 3219.5,851.05 3228.1,831.72 3289,808 3326.6,793.36 3339.7,802.57 3378,790 3381.1\
,788.97 3384.3,787.77 3387.5,786.48", lp="3075.5,959"];
	1 -> 7 [label="  1.0", pos="e,1708.7,978.09 2100.8,1145.7 2022.8,1141.7 1802.3,1128.8 1776,1110 1735.7,1081.2 1718,1023.4 1710.7,988.21", lp="1753.5,1053"];
	1 -> 6 [label="  1.0", pos="e,3279.7,19.095 2101.1,1145.4 2037.7,1141.8 1874.5,1132.7 1738,1128 1542.3,1121.2 1051.9,1129.3 857,1110 761.74,1100.5 729.33,1117.3\
 645,1072 512.9,1001 499.54,949.74 412,828 400.86,812.5 399.97,807.34 392,790 374.62,752.21 254,483.6 254,442 254,442 254,442\
 254,113 254,71.837 288.16,69.637 327,56 399.87,30.412 2930.7,20.364 3269.6,19.132", lp="322.5,583"];
	1 -> 5 [label="  1.0", pos="e,2084.3,879.82 2101.1,1143.8 2077.7,1139.7 2044.4,1130.4 2023,1110 1990.4,1078.9 1993.6,1060.2 1985,1016 1983.3,1007.3 1982.4,1004.5\
 1985,996 1993.8,967.25 2003.5,962.93 2023,940 2039.5,920.55 2060.6,900.77 2076.8,886.41", lp="1997.5,1006"];
	1 -> 4 [label="  1.0", pos="e,3151.9,1054.5 2155.1,1146.4 2298.1,1143.3 2959.7,1127.9 2999,1110 3010.2,1104.9 3007.4,1096.1 3018,1090 3056.7,1067.9 3107.8,1059\
 3141.9,1055.4", lp="3030.5,1100"];
	1 -> 3 [label="  1.0", pos="e,3805.8,1239.9 2155.3,1147.1 2301.4,1147.6 2992.9,1151.9 3204,1184 3237.3,1189.1 3243.8,1198.4 3277,1204 3377.3,1220.9 3687.9,1235\
 3795.7,1239.5", lp="3289.5,1194"];
	1 -> 2 [label=" 10.0", pos="e,2203.3,1319.4 2130.8,1166.3 2134.8,1189.5 2143.3,1229.2 2159,1260 2168.7,1279 2183.7,1297.7 2196.2,1311.7", lp="2173,1241"];
	0 -> 14 [label="  1.0", pos="e,2340.8,113.29 2072.7,1428.8 1842.8,1426.7 240.03,1411.6 195,1392 162.73,1377.9 140,1370.2 140,1335 140,1335 140,1335 140,818 140\
,774.42 296.32,505.92 321,470 351.91,425.02 364.38,417.35 400,376 436.38,333.77 443.82,321.64 483,282 555.54,208.61 573.23,172.2\
 674,150 757.59,131.59 2089.9,116.07 2330.8,113.4", lp="176.5,771"];
	1 -> 0 [label="  1.0", pos="e,2087.9,1411.9 2106.1,1158.2 2095.9,1164.5 2084.4,1173.3 2077,1184 2052.5,1219.6 2057.6,1235.1 2052,1278 2045.3,1329.4 2056.4,1344.4\
 2077,1392 2078.6,1395.7 2080.6,1399.5 2082.6,1403.2", lp="2064.5,1288"];
	0 -> 13 [label="  1.0", pos="e,2389.4,210.63 2072.8,1428.7 1859.7,1426.5 467.04,1411.4 381,1392 320.65,1378.4 254,1396.9 254,1335 254,1335 254,1335 254,1006 \
254,872.55 260.91,831.6 324,714 330.75,701.43 488.48,535.64 499,526 599.15,434.22 619.14,400.02 740,338 871.88,270.33 913.44,266.22\
 1060,244 1189.5,224.36 2108.2,234 2239,226 2287.7,223.02 2343.7,216.49 2379.4,211.92", lp="292.5,818"];
	0 -> 12 [label="  1.0", pos="e,3557.3,396.85 2127.4,1428.8 2417.9,1427 4919.6,1410.4 4993,1392 5046.4,1378.6 5103,1390.1 5103,1335 5103,1335 5103,1335 5103,912\
 5103,826 4878.1,711.81 4811,658 4755.9,613.84 4744.7,598.2 4683,564 4653.9,547.86 4435.8,464.74 4405,452 4384,443.31 4380.2,436.93\
 4358,432 4247.5,407.43 3962.1,419.37 3849,414 3747.1,409.16 3626.9,401.47 3567.4,397.52", lp="5115.5,912"];
	0 -> 11 [label="  1.0", pos="e,3597.3,502.51 2127.2,1428.9 2409.7,1427.6 4802.8,1416.3 4871,1392 4909.5,1378.3 4943,1375.8 4943,1335 4943,1335 4943,1335 4943\
,1100 4943,1075.8 4758.5,729.63 4740,714 4694,675.18 4281.2,567.58 4225,546 4204.6,538.15 4201.3,530.88 4180,526 4056.5,497.74 3731.7\
,543.47 3610,508 3608.8,507.64 3607.6,507.23 3606.3,506.77", lp="4898.5,959"];
	0 -> 10 [label="  1.0", pos="e,3600,584.54 2127,1428.9 2391.7,1427.6 4510.4,1416.3 4570,1392 4592.7,1382.7 4597.3,1375 4610,1354 4829.6,991.47 4348.8,822.14 \
3958,658 3936.2,648.85 3928.9,650.97 3908,640 3894.5,632.9 3894.3,625.53 3880,620 3831.6,601.21 3680.9,589.68 3610.2,585.18", lp="4613.5,1006"];
	0 -> 9 [label="  1.0", pos="e,2512.8,690.53 2072.7,1428.7 1885.1,1426.7 790.41,1413.8 724,1392 681.83,1378.2 642,1379.4 642,1335 642,1335 642,1335 642,1100 \
642,975.53 1000.6,843.25 1120,808 1420.6,719.24 1506.5,739.07 1819,714 1894.5,707.95 2427.3,717 2500,696 2501.2,695.65 2502.4,695.24\
 2503.7,694.78", lp="684.5,1053"];
	0 -> 8 [label="  1.0", pos="e,3438.3,784.29 2127.1,1428.7 2322.7,1426.6 3514,1413.2 3673,1392 3742.9,1382.7 3759,1372.4 3827,1354 3969.2,1315.4 4056.8,1378.1\
 4145,1260 4198.7,1188.1 4172.6,1269.9 3823,978 3737.3,906.42 3740,853.49 3638,808 3561.7,773.99 3530.4,815.94 3451,790 3449.8,\
789.6 3448.6,789.16 3447.4,788.67", lp="4003.5,1100"];
	0 -> 7 [label="  1.0", pos="e,1679,960.19 2072.8,1429 1906.4,1428.5 1030.5,1424.8 985,1392 850.48,1294.8 955.11,1129.2 1091,1034 1136.8,1001.9 1156.1,1006.6\
 1211,996 1298.8,979.06 1569.3,965.28 1668.8,960.66", lp="962.5,1194"];
	0 -> 6 [label="  1.0", pos="e,3279.7,19.038 2072.7,1428.8 1834.4,1426.7 114.07,1411 65,1392 29.164,1378.1 0,1373.4 0,1335 0,1335 0,1335 0,113 0,75.569 27.203\
,69.794 62,56 140.42,24.912 2914.1,19.606 3269.6,19.053", lp="12.5,724"];
	0 -> 5 [label="  1.0", pos="e,2076.2,871.04 2073,1428.7 1955,1426.8 1485.6,1415.6 1354,1354 1300.2,1328.8 1277.1,1316.6 1259,1260 1238.8,1196.7 1276.1,1168.1\
 1329,1128 1484.7,1010.1 1561.1,1051.5 1742,978 1777.7,963.49 1783.4,952.07 1820,940 1861.6,926.27 1874.9,934.35 1917,922 1939.6\
,915.38 1943.7,909.55 1966,902 1999.5,890.65 2038.5,880.33 2066.2,873.48", lp="1341.5,1147"];
	0 -> 4 [label="  1.0", pos="e,3184.4,1071.9 2127.1,1428.5 2307.7,1424.5 3333.5,1397.9 3424,1298 3485.8,1229.8 3612.8,1367.8 3277,1184 3260.3,1174.8 3252.1,1178.9\
 3238,1166 3212.9,1143 3196.7,1106.8 3187.7,1081.6", lp="3439.5,1241"];
	0 -> 3 [label="  1.0", pos="e,3816.6,1256.5 2127.1,1428.9 2296.8,1428.5 3215.1,1424.6 3494,1392 3576.1,1382.4 3600.4,1387.3 3676,1354 3728,1331.1 3779.8,1289.2\
 3809,1263.3", lp="3751.5,1335"];
	0 -> 2 [label="  1.0", pos="e,2195.1,1344 2111.1,1411.7 2119.5,1399.4 2132.1,1383.3 2146,1372 2157.9,1362.4 2172.7,1354.3 2185.9,1348.1", lp="2158.5,1382"];
	0 -> 1 [label="  1.0", pos="e,2103.7,1155.7 2083.5,1413.8 2057.2,1387.8 2009.9,1332.2 2021,1278 2030.1,1233.5 2030.6,1217.7 2061,1184 2070.1,1173.9 2082.7,1165.9\
 2094.5,1160", lp="2033.5,1288"];
	1 -> 0 [color=blue, pos="e,2098.3,1409.6 2122.6,1165.8 2113.8,1213.7 2100.9,1341.1 2098.6,1399.3"];
	0 -> 2 [color=blue, pos="e,2207.3,1352.3 2123.8,1419.4 2138.3,1413 2156.7,1403.5 2171,1392 2182.2,1383 2192.8,1371.1 2201.1,1360.4"];
	1 -> 6 [color=blue, pos="e,3279.9,19.061 2101.1,1145.5 2037.7,1142.1 1874.5,1133.4 1738,1128 1477.2,1117.6 1411,1132.6 1151,1110 1147.3,1109.7 890.42,1073.4\
 887,1072 826.94,1047.2 701.55,936.32 663,884 587.78,781.89 467,474.82 467,348 467,348 467,348 467,113 467,49.912 535.34,69.363\
 597,56 733.62,26.389 2952.6,19.868 3269.5,19.086"];
	1 -> 14 [color=blue, pos="e,2340.9,113.39 2101.1,1145.6 2037.7,1142.3 1874.5,1134 1738,1128 1635.4,1123.5 1376.6,1131 1276,1110 1252.2,1105 1248.3,1096.9 \
1225,1090 1187.2,1078.8 1173.6,1089 1138,1072 1093.5,1050.7 817.49,833.92 795,790 749.16,700.47 770.09,663.75 783,564 814.26,322.35\
 945.53,246.79 1182,188 1407.6,131.9 2155.3,116.45 2330.9,113.55"];
	1 -> 13 [color=blue, pos="e,2389.4,210.51 2100.7,1145.7 1968.3,1139.2 1398.3,1111.5 1394,1110 1366.3,1100.4 1363.3,1089.8 1340,1072 1318.9,1055.9 1314.8,1050.4\
 1294,1034 1283.5,1025.8 1279.8,1025 1270,1016 1187.8,940.31 1153.3,927.8 1103,828 1047.8,718.53 1102.9,444.5 1111,432 1154.3\
,364.94 1390,310.82 1485,282 1548.8,262.66 1564.1,253.49 1630,244 1898,205.43 1968.8,244.46 2239,226 2287.7,222.67 2343.7,216.22\
 2379.4,211.76"];
	1 -> 15 [color=blue, pos="e,1947.8,306.28 2100.9,1146.1 2025.8,1143.2 1816.4,1133.2 1752,1110 1611.7,1059.4 1552.2,1049 1474,922 1425.2,842.74 1415.6,800.45\
 1450,714 1495.6,599.61 1748.8,396.69 1857,338 1882.6,324.14 1914.1,314.54 1938,308.6"];
	1 -> 12 [color=blue, pos="e,3508.5,406.78 2155,1145 2202.5,1140.9 2298.8,1130.3 2325,1110 2390.8,1058.9 2355.9,1008 2404,940 2406.2,936.95 2496.7,847.65 2500\
,846 2551.5,820.64 2574.6,849.31 2628,828 2642.2,822.33 2641.7,813.35 2656,808 2735.5,778.33 2765.8,817.53 2846,790 2889.8,774.95\
 2905,770.2 2934,734 2967.6,691.95 2932.6,653.2 2975,620 3005.6,596.03 3111.9,613.5 3149,602 3153.7,600.53 3410.2,460.5 3499.6\
,411.61"];
	1 -> 11 [color=blue, pos="e,3566.2,506.27 2155.1,1145 2220.5,1140 2385.3,1126.2 2438,1110 2444.5,1108 2870.8,888.44 2876,884 2892,870.39 2886.2,857.04 2904\
,846 2943.5,821.54 2963.6,844.62 3007,828 3022.7,822 3024.2,815.9 3039,808 3056.2,798.81 3062.8,800.91 3079,790 3084.6,786.18 3249.8\
,622.77 3256,620 3306.5,597.53 3456.5,630.19 3504,602 3538.6,581.5 3530.9,559.54 3553,526 3555.4,522.36 3558,518.53 3560.5,\
514.78"];
	1 -> 10 [color=blue, pos="e,3557.6,598.89 2155.3,1146.7 2252.4,1145.5 2580.7,1139.4 2681,1110 2756.2,1088 2919.6,974.43 2990,940 3046.5,912.36 3066.9,917.7\
 3120,884 3141.5,870.34 3141.8,860.11 3163,846 3195.5,824.45 3205.1,820.4 3242,808 3280.3,795.15 3294.5,807.25 3331,790 3354.8,\
778.72 3495.4,657.6 3515,640 3527,629.24 3539.9,616.73 3550.4,606.17"];
	1 -> 9 [color=blue, pos="e,2546.6,693.13 2143.3,1130.8 2149,1124.5 2155.5,1117.1 2161,1110 2216.7,1038.1 2213.8,1007.3 2275,940 2283.5,930.65 2287.2,930.02\
 2297,922 2338,888.32 2341.8,870.15 2389,846 2417.2,831.57 2427.9,837.85 2458,828 2479.8,820.87 2540.4,808.5 2554,790 2574,762.72\
 2568.2,746.25 2558,714 2556.7,709.79 2554.7,705.64 2552.4,701.74"];
	1 -> 8 [color=blue, pos="e,3404.2,787.27 2155.3,1146.7 2286.7,1144.8 2852,1135.6 2926,1110 2940.5,1105 2940.8,1097.8 2954,1090 3054.1,1031.1 3093.5,1042.5\
 3190,978 3274.1,921.78 3358.7,835.87 3397.4,794.66"];
	1 -> 5 [color=blue, pos="e,2095.9,883.6 2117,1129.2 2102.6,1104.7 2078.2,1058.9 2069,1016 2064,992.92 2081.5,930.23 2092.9,893.29"];
	1 -> 7 [color=blue, pos="e,1731.1,966.18 2101.2,1143.3 2058.7,1137.2 1978.1,1124.1 1953,1110 1912.4,1087.3 1919.2,1060.6 1881,1034 1836.8,1003.2 1777.8,981.17\
 1740.9,969.27"];
	1 -> 4 [color=blue, pos="e,3158.9,1066 2155.4,1146.9 2303.6,1146.2 3004.1,1141.1 3095,1110 3109.5,1105.1 3110.4,1098.7 3123,1090 3131.9,1083.9 3141.6,1077.4\
 3150.4,1071.6"];
	1 -> 3 [color=blue, pos="e,3805.7,1240 2155.3,1147.1 2304,1147.8 3013.9,1152.6 3106,1184 3120.5,1188.9 3119.6,1198.9 3134,1204 3165.4,1215 3654.8,1234.3 \
3795.5,1239.6"];
	1 -> 0 [color=red, pos="e,2105.5,1410.1 2129.7,1166.2 2128.8,1214.8 2116.4,1342.6 2107.2,1400.2"];
}
